Log file open, 10/21/22 19:11:32
LogWindows: Failed to load 'aqProf.dll' (GetLastError=126)
LogWindows: File 'aqProf.dll' does not exist
LogWindows: Failed to load 'VtuneApi.dll' (GetLastError=126)
LogWindows: File 'VtuneApi.dll' does not exist
LogWindows: Failed to load 'VtuneApi32e.dll' (GetLastError=126)
LogWindows: File 'VtuneApi32e.dll' does not exist
LogConsoleResponse: Display: Failed to find resolution value strings in scalability ini. Falling back to default.
LogConsoleResponse: Display: Failed to find resolution value strings in scalability ini. Falling back to default.
LogInit: Display: Running engine for game: ParkourAbilities
LogPlatformFile: Not using cached read wrapper
LogTaskGraph: Started task graph with 5 named threads and 35 total threads with 3 sets of task threads.
LogStats: Stats thread started at 0.221740
LogICUInternationalization: ICU TimeZone Detection - Raw Offset: -5:00, Platform Override: ''
LogInit: Display: Loading text-based GConfig....
LogPluginManager: Mounting plugin MeshPainting
LogPluginManager: Mounting plugin XGEController
LogPluginManager: Mounting plugin AISupport
LogPluginManager: Mounting plugin Paper2D
LogPluginManager: Mounting plugin EnvironmentQueryEditor
LogPluginManager: Mounting plugin LightPropagationVolume
LogPluginManager: Mounting plugin LiveLink
LogPluginManager: Mounting plugin CameraShakePreviewer
LogPluginManager: Mounting plugin GameplayCameras
LogPluginManager: Mounting plugin AnimationSharing
LogPluginManager: Mounting plugin AlembicImporter
LogPluginManager: Mounting plugin CLionSourceCodeAccess
LogPluginManager: Mounting plugin AutomationUtils
LogPluginManager: Mounting plugin BackChannel
LogPluginManager: Mounting plugin AssetManagerEditor
LogPluginManager: Mounting plugin ChaosCloth
LogPluginManager: Mounting plugin ChaosEditor
LogPluginManager: Mounting plugin ChaosClothEditor
LogPluginManager: Mounting plugin ChaosNiagara
LogPluginManager: Mounting plugin ChaosSolverPlugin
LogPluginManager: Mounting plugin CharacterAI
LogPluginManager: Mounting plugin GeometryCache
LogPluginManager: Mounting plugin GeometryCollectionPlugin
LogPluginManager: Mounting plugin CodeLiteSourceCodeAccess
LogPluginManager: Mounting plugin CryptoKeys
LogPluginManager: Mounting plugin CurveEditorTools
LogPluginManager: Mounting plugin DataValidation
LogPluginManager: Mounting plugin GitSourceControl
LogPluginManager: Mounting plugin FacialAnimation
LogPluginManager: Mounting plugin KDevelopSourceCodeAccess
LogPluginManager: Mounting plugin NullSourceCodeAccess
LogPluginManager: Mounting plugin GeometryMode
LogPluginManager: Mounting plugin PerforceSourceControl
LogPluginManager: Mounting plugin GameplayTagsEditor
LogPluginManager: Mounting plugin PlasticSourceControl
LogPluginManager: Mounting plugin PixWinPlugin
LogPluginManager: Mounting plugin PluginUtils
LogPluginManager: Mounting plugin PropertyAccessNode
LogPluginManager: Mounting plugin MacGraphicsSwitching
LogPluginManager: Mounting plugin MaterialAnalyzer
LogPluginManager: Mounting plugin RiderSourceCodeAccess
LogPluginManager: Mounting plugin SubversionSourceControl
LogPluginManager: Mounting plugin MobileLauncherProfileWizard
LogPluginManager: Mounting plugin TextureFormatOodle
LogPluginManager: Mounting plugin PluginBrowser
LogPluginManager: Mounting plugin SpeedTreeImporter
LogPluginManager: Mounting plugin UObjectPlugin
LogPluginManager: Mounting plugin XCodeSourceCodeAccess
LogPluginManager: Mounting plugin VisualStudioSourceCodeAccess
LogPluginManager: Mounting plugin VisualStudioCodeSourceCodeAccess
LogPluginManager: Mounting plugin GeometryProcessing
LogPluginManager: Mounting plugin MotoSynth
LogPluginManager: Mounting plugin OpenImageDenoise
LogPluginManager: Mounting plugin PlatformCrypto
LogPluginManager: Mounting plugin PlanarCut
LogPluginManager: Mounting plugin ProxyLODPlugin
LogPluginManager: Mounting plugin PythonScriptPlugin
LogPluginManager: Mounting plugin SkeletalReduction
LogPluginManager: Mounting plugin Niagara
LogPluginManager: Mounting plugin LuminPlatformFeatures
LogPluginManager: Mounting plugin MagicLeap
LogPluginManager: Mounting plugin MagicLeapMedia
LogPluginManager: Mounting plugin MagicLeapLightEstimation
LogPluginManager: Mounting plugin MagicLeapPassableWorld
LogPluginManager: Mounting plugin MLSDK
LogPluginManager: Mounting plugin AndroidMedia
LogPluginManager: Mounting plugin TcpMessaging
LogPluginManager: Mounting plugin UdpMessaging
LogPluginManager: Mounting plugin AvfMedia
LogPluginManager: Mounting plugin ImgMedia
LogPluginManager: Mounting plugin MediaCompositing
LogPluginManager: Mounting plugin ActorSequence
LogPluginManager: Mounting plugin MediaPlayerEditor
LogPluginManager: Mounting plugin LevelSequenceEditor
LogPluginManager: Mounting plugin WebMMedia
LogPluginManager: Mounting plugin MatineeToLevelSequence
LogPluginManager: Mounting plugin WmfMedia
LogPluginManager: Mounting plugin TemplateSequence
LogPluginManager: Mounting plugin OnlineSubsystem
LogPluginManager: Mounting plugin OnlineSubsystemNull
LogPluginManager: Mounting plugin OnlineSubsystemUtils
LogPluginManager: Mounting plugin LauncherChunkInstaller
LogPluginManager: Mounting plugin ActorLayerUtilities
LogPluginManager: Mounting plugin AndroidMoviePlayer
LogPluginManager: Mounting plugin AndroidDeviceProfileSelector
LogPluginManager: Mounting plugin AndroidPermission
LogPluginManager: Mounting plugin AppleImageUtils
LogPluginManager: Mounting plugin AppleMoviePlayer
LogPluginManager: Mounting plugin ArchVisCharacter
LogPluginManager: Mounting plugin AssetTags
LogPluginManager: Mounting plugin AudioCapture
LogPluginManager: Mounting plugin AudioSynesthesia
LogPluginManager: Mounting plugin CableComponent
LogPluginManager: Mounting plugin ChunkDownloader
LogPluginManager: Mounting plugin CustomMeshComponent
LogPluginManager: Mounting plugin EditableMesh
LogPluginManager: Mounting plugin ExampleDeviceProfileSelector
LogPluginManager: Mounting plugin GoogleCloudMessaging
LogPluginManager: Mounting plugin GooglePAD
LogPluginManager: Mounting plugin IOSDeviceProfileSelector
LogPluginManager: Mounting plugin LinuxDeviceProfileSelector
LogPluginManager: Mounting plugin LocationServicesBPLibrary
LogPluginManager: Mounting plugin MobilePatchingUtils
LogPluginManager: Mounting plugin OpenXREyeTracker
LogPluginManager: Mounting plugin OpenXR
LogPluginManager: Mounting plugin OpenXRHandTracking
LogPluginManager: Mounting plugin PhysXVehicles
LogPluginManager: Mounting plugin PostSplashScreen
LogPluginManager: Mounting plugin ProceduralMeshComponent
LogPluginManager: Mounting plugin RuntimePhysXCooking
LogPluginManager: Mounting plugin SignificanceManager
LogPluginManager: Mounting plugin PropertyAccessEditor
LogPluginManager: Mounting plugin SoundFields
LogPluginManager: Mounting plugin Synthesis
LogPluginManager: Mounting plugin WebMMoviePlayer
LogPluginManager: Mounting plugin WindowsMoviePlayer
LogPluginManager: Mounting plugin ScreenshotTools
LogPluginManager: Mounting plugin Takes
LogPluginManager: Mounting plugin OodleData
LogPluginManager: Mounting plugin OodleNetwork
LogPluginManager: Mounting plugin DatasmithContent
LogPluginManager: Mounting plugin VariantManagerContent
LogPluginManager: Mounting plugin ContentBrowserFileDataSource
LogPluginManager: Mounting plugin ContentBrowserAssetDataSource
LogPluginManager: Mounting plugin ContentBrowserClassDataSource
LogPluginManager: Mounting plugin OnlineSubsystemIOS
LogPluginManager: Mounting plugin OnlineSubsystemGooglePlay
LogPluginManager: Mounting plugin OculusVR
LogPluginManager: Mounting plugin SteamVR
PixWinPlugin: PIX capture plugin failed to initialize! Check that the process is launched from PIX.
LogInit: Using libcurl 7.55.1-DEV
LogInit:  - built for x86_64-pc-win32
LogInit:  - supports SSL with OpenSSL/1.1.1
LogInit:  - supports HTTP deflate (compression) using libz 1.2.8
LogInit:  - other features:
LogInit:      CURL_VERSION_SSL
LogInit:      CURL_VERSION_LIBZ
LogInit:      CURL_VERSION_IPV6
LogInit:      CURL_VERSION_ASYNCHDNS
LogInit:      CURL_VERSION_LARGEFILE
LogInit:      CURL_VERSION_IDN
LogInit:  CurlRequestOptions (configurable via config and command line):
LogInit:  - bVerifyPeer = true  - Libcurl will verify peer certificate
LogInit:  - bUseHttpProxy = false  - Libcurl will NOT use HTTP proxy
LogInit:  - bDontReuseConnections = false  - Libcurl will reuse connections
LogInit:  - MaxHostConnections = 16  - Libcurl will limit the number of connections to a host
LogInit:  - LocalHostAddr = Default
LogInit:  - BufferSize = 65536
LogOnline: OSS: Creating online subsystem instance for: NULL
LogInit: WinSock: version 1.1 (2.2), MaxSocks=32767, MaxUdp=65467
LogOnline: OSS: TryLoadSubsystemAndSetDefault: Loaded subsystem for module [NULL]
LogOculusPluginWrapper: OculusPlugin initialized successfully
LogHMD: Failed initializing OVRPlugin 1.59.0
LogInit: Build: ++UE4+Release-4.27-CL-18319896
LogInit: Engine Version: 4.27.2-18319896+++UE4+Release-4.27
LogInit: Compatible Engine Version: 4.27.0-17155196+++UE4+Release-4.27
LogInit: Net CL: 17155196
LogInit: OS: Windows 10 (Release 2009) (), CPU: AMD Ryzen 5 3600 6-Core Processor              , GPU: NVIDIA GeForce RTX 2060 SUPER
LogInit: Compiled (64-bit): Nov 30 2021 07:12:08
LogInit: Compiled with Visual C++: 19.24.28315.00
LogInit: Build Configuration: Development
LogInit: Branch Name: ++UE4+Release-4.27
LogInit: Command Line:  -EpicPortal -epicusername=UserisNull -epicuserid=e0e95c01817c444392d2cc1ef7da3db3 -epiclocale=en -epicsandboxid=ue
LogInit: Base Directory: D:/EpicGames/UE_4.27/Engine/Binaries/Win64/
LogInit: Allocator: TBB
LogInit: Installed Engine Build: 1
LogDevObjectVersion: Number of dev versions registered: 29
LogDevObjectVersion:   Dev-Blueprints (B0D832E4-1F89-4F0D-ACCF-7EB736FD4AA2): 10
LogDevObjectVersion:   Dev-Build (E1C64328-A22C-4D53-A36C-8E866417BD8C): 0
LogDevObjectVersion:   Dev-Core (375EC13C-06E4-48FB-B500-84F0262A717E): 4
LogDevObjectVersion:   Dev-Editor (E4B068ED-F494-42E9-A231-DA0B2E46BB41): 40
LogDevObjectVersion:   Dev-Framework (CFFC743F-43B0-4480-9391-14DF171D2073): 37
LogDevObjectVersion:   Dev-Mobile (B02B49B5-BB20-44E9-A304-32B752E40360): 3
LogDevObjectVersion:   Dev-Networking (A4E4105C-59A1-49B5-A7C5-40C4547EDFEE): 0
LogDevObjectVersion:   Dev-Online (39C831C9-5AE6-47DC-9A44-9C173E1C8E7C): 0
LogDevObjectVersion:   Dev-Physics (78F01B33-EBEA-4F98-B9B4-84EACCB95AA2): 14
LogDevObjectVersion:   Dev-Platform (6631380F-2D4D-43E0-8009-CF276956A95A): 0
LogDevObjectVersion:   Dev-Rendering (12F88B9F-8875-4AFC-A67C-D90C383ABD29): 45
LogDevObjectVersion:   Dev-Sequencer (7B5AE74C-D270-4C10-A958-57980B212A5A): 13
LogDevObjectVersion:   Dev-VR (D7296918-1DD6-4BDD-9DE2-64A83CC13884): 3
LogDevObjectVersion:   Dev-LoadTimes (C2A15278-BFE7-4AFE-6C17-90FF531DF755): 1
LogDevObjectVersion:   Private-Geometry (6EACA3D4-40EC-4CC1-B786-8BED09428FC5): 3
LogDevObjectVersion:   Dev-AnimPhys (29E575DD-E0A3-4627-9D10-D276232CDCEA): 17
LogDevObjectVersion:   Dev-Anim (AF43A65D-7FD3-4947-9873-3E8ED9C1BB05): 15
LogDevObjectVersion:   Dev-ReflectionCapture (6B266CEC-1EC7-4B8F-A30B-E4D90942FC07): 1
LogDevObjectVersion:   Dev-Automation (0DF73D61-A23F-47EA-B727-89E90C41499A): 1
LogDevObjectVersion:   FortniteMain (601D1886-AC64-4F84-AA16-D3DE0DEAC7D6): 47
LogDevObjectVersion:   FortniteRelease (E7086368-6B23-4C58-8439-1B7016265E91): 1
LogDevObjectVersion:   Dev-Enterprise (9DFFBCD6-494F-0158-E221-12823C92A888): 10
LogDevObjectVersion:   Dev-Niagara (F2AED0AC-9AFE-416F-8664-AA7FFA26D6FC): 1
LogDevObjectVersion:   Dev-Destruction (174F1F0B-B4C6-45A5-B13F-2EE8D0FB917D): 10
LogDevObjectVersion:   Dev-Physics-Ext (35F94A83-E258-406C-A318-09F59610247C): 41
LogDevObjectVersion:   Dev-PhysicsMaterial-Chaos (B68FC16E-8B1B-42E2-B453-215C058844FE): 1
LogDevObjectVersion:   Dev-CineCamera (B2E18506-4273-CFC2-A54E-F4BB758BBA07): 1
LogDevObjectVersion:   Dev-VirtualProduction (64F58936-FD1B-42BA-BA96-7289D5D0FA4E): 1
LogDevObjectVersion:   Dev-MediaFramework (6F0ED827-A609-4895-9C91-998D90180EA4): 2
LogInit: Presizing for max 25165824 objects, including 0 objects not considered by GC, pre-allocating 0 bytes for permanent pool.
LogConfig: Applying CVar settings from Section [/Script/Engine.StreamingSettings] File [D:/VidyaGame/ParkourAbilities/Saved/Config/Windows/Engine.ini]
LogConfig: Setting CVar [[s.MinBulkDataSizeForAsyncLoading:131072]]
LogConfig: Setting CVar [[s.AsyncLoadingThreadEnabled:0]]
LogConfig: Setting CVar [[s.EventDrivenLoaderEnabled:1]]
LogConfig: Setting CVar [[s.WarnIfTimeLimitExceeded:0]]
LogConfig: Setting CVar [[s.TimeLimitExceededMultiplier:1.5]]
LogConfig: Setting CVar [[s.TimeLimitExceededMinTime:0.005]]
LogConfig: Setting CVar [[s.UseBackgroundLevelStreaming:1]]
LogConfig: Setting CVar [[s.PriorityAsyncLoadingExtraTime:15.0]]
LogConfig: Setting CVar [[s.LevelStreamingActorsUpdateTimeLimit:5.0]]
LogConfig: Setting CVar [[s.PriorityLevelStreamingActorsUpdateExtraTime:5.0]]
LogConfig: Setting CVar [[s.LevelStreamingComponentsRegistrationGranularity:10]]
LogConfig: Setting CVar [[s.UnregisterComponentsTimeLimit:1.0]]
LogConfig: Setting CVar [[s.LevelStreamingComponentsUnregistrationGranularity:5]]
LogConfig: Setting CVar [[s.FlushStreamingOnExit:1]]
LogInit: Object subsystem initialized
LogConfig: Setting CVar [[con.DebugEarlyDefault:1]]
LogConfig: Setting CVar [[r.setres:1280x720]]
[2022.10.21-23.11.32:667][  0]LogConfig: Setting CVar [[r.VSync:0]]
[2022.10.21-23.11.32:667][  0]LogConfig: Setting CVar [[r.RHICmdBypass:0]]
[2022.10.21-23.11.32:667][  0]LogConfig: Applying CVar settings from Section [/Script/Engine.RendererSettings] File [D:/VidyaGame/ParkourAbilities/Saved/Config/Windows/Engine.ini]
[2022.10.21-23.11.32:667][  0]LogConfig: Setting CVar [[r.GPUCrashDebugging:0]]
[2022.10.21-23.11.32:667][  0]LogConfig: Setting CVar [[r.DefaultFeature.AutoExposure:0]]
[2022.10.21-23.11.32:667][  0]LogConfig: Setting CVar [[r.DefaultFeature.MotionBlur:0]]
[2022.10.21-23.11.32:667][  0]LogConfig: Applying CVar settings from Section [/Script/Engine.RendererOverrideSettings] File [D:/VidyaGame/ParkourAbilities/Saved/Config/Windows/Engine.ini]
[2022.10.21-23.11.32:667][  0]LogConfig: Applying CVar settings from Section [/Script/Engine.StreamingSettings] File [D:/VidyaGame/ParkourAbilities/Saved/Config/Windows/Engine.ini]
[2022.10.21-23.11.32:667][  0]LogConfig: Setting CVar [[s.MinBulkDataSizeForAsyncLoading:131072]]
[2022.10.21-23.11.32:667][  0]LogConfig: Setting CVar [[s.AsyncLoadingThreadEnabled:0]]
[2022.10.21-23.11.32:667][  0]LogConfig: Setting CVar [[s.EventDrivenLoaderEnabled:1]]
[2022.10.21-23.11.32:667][  0]LogConfig: Setting CVar [[s.WarnIfTimeLimitExceeded:0]]
[2022.10.21-23.11.32:667][  0]LogConfig: Setting CVar [[s.TimeLimitExceededMultiplier:1.5]]
[2022.10.21-23.11.32:667][  0]LogConfig: Setting CVar [[s.TimeLimitExceededMinTime:0.005]]
[2022.10.21-23.11.32:667][  0]LogConfig: Setting CVar [[s.UseBackgroundLevelStreaming:1]]
[2022.10.21-23.11.32:667][  0]LogConfig: Setting CVar [[s.PriorityAsyncLoadingExtraTime:15.0]]
[2022.10.21-23.11.32:667][  0]LogConfig: Setting CVar [[s.LevelStreamingActorsUpdateTimeLimit:5.0]]
[2022.10.21-23.11.32:667][  0]LogConfig: Setting CVar [[s.PriorityLevelStreamingActorsUpdateExtraTime:5.0]]
[2022.10.21-23.11.32:667][  0]LogConfig: Setting CVar [[s.LevelStreamingComponentsRegistrationGranularity:10]]
[2022.10.21-23.11.32:667][  0]LogConfig: Setting CVar [[s.UnregisterComponentsTimeLimit:1.0]]
[2022.10.21-23.11.32:667][  0]LogConfig: Setting CVar [[s.LevelStreamingComponentsUnregistrationGranularity:5]]
[2022.10.21-23.11.32:667][  0]LogConfig: Setting CVar [[s.FlushStreamingOnExit:1]]
[2022.10.21-23.11.32:667][  0]LogConfig: Applying CVar settings from Section [/Script/Engine.GarbageCollectionSettings] File [D:/VidyaGame/ParkourAbilities/Saved/Config/Windows/Engine.ini]
[2022.10.21-23.11.32:667][  0]LogConfig: Setting CVar [[gc.MaxObjectsNotConsideredByGC:1]]
[2022.10.21-23.11.32:667][  0]LogConfig: Setting CVar [[gc.SizeOfPermanentObjectPool:0]]
[2022.10.21-23.11.32:667][  0]LogConfig: Setting CVar [[gc.FlushStreamingOnGC:0]]
[2022.10.21-23.11.32:667][  0]LogConfig: Setting CVar [[gc.NumRetriesBeforeForcingGC:10]]
[2022.10.21-23.11.32:667][  0]LogConfig: Setting CVar [[gc.AllowParallelGC:1]]
[2022.10.21-23.11.32:667][  0]LogConfig: Setting CVar [[gc.TimeBetweenPurgingPendingKillObjects:61.1]]
[2022.10.21-23.11.32:667][  0]LogConfig: Setting CVar [[gc.MaxObjectsInEditor:25165824]]
[2022.10.21-23.11.32:667][  0]LogConfig: Setting CVar [[gc.IncrementalBeginDestroyEnabled:1]]
[2022.10.21-23.11.32:667][  0]LogConfig: Setting CVar [[gc.CreateGCClusters:1]]
[2022.10.21-23.11.32:667][  0]LogConfig: Setting CVar [[gc.MinGCClusterSize:5]]
[2022.10.21-23.11.32:667][  0]LogConfig: Setting CVar [[gc.ActorClusteringEnabled:0]]
[2022.10.21-23.11.32:667][  0]LogConfig: Setting CVar [[gc.BlueprintClusteringEnabled:0]]
[2022.10.21-23.11.32:667][  0]LogConfig: Setting CVar [[gc.UseDisregardForGCOnDedicatedServers:0]]
[2022.10.21-23.11.32:667][  0]LogConfig: Setting CVar [[gc.MultithreadedDestructionEnabled:1]]
[2022.10.21-23.11.32:667][  0]LogConfig: Applying CVar settings from Section [/Script/Engine.NetworkSettings] File [D:/VidyaGame/ParkourAbilities/Saved/Config/Windows/Engine.ini]
[2022.10.21-23.11.32:667][  0]LogConfig: Applying CVar settings from Section [/Script/UnrealEd.CookerSettings] File [D:/VidyaGame/ParkourAbilities/Saved/Config/Windows/Engine.ini]
[2022.10.21-23.11.32:674][  0]LogConfig: Applying CVar settings from Section [ViewDistanceQuality@3] File [D:/VidyaGame/ParkourAbilities/Saved/Config/Windows/Scalability.ini]
[2022.10.21-23.11.32:674][  0]LogConfig: Setting CVar [[r.SkeletalMeshLODBias:0]]
[2022.10.21-23.11.32:674][  0]LogConfig: Setting CVar [[r.ViewDistanceScale:1.0]]
[2022.10.21-23.11.32:674][  0]LogConfig: Applying CVar settings from Section [AntiAliasingQuality@3] File [D:/VidyaGame/ParkourAbilities/Saved/Config/Windows/Scalability.ini]
[2022.10.21-23.11.32:674][  0]LogConfig: Setting CVar [[r.PostProcessAAQuality:4]]
[2022.10.21-23.11.32:674][  0]LogConfig: Applying CVar settings from Section [ShadowQuality@3] File [D:/VidyaGame/ParkourAbilities/Saved/Config/Windows/Scalability.ini]
[2022.10.21-23.11.32:674][  0]LogConfig: Setting CVar [[r.LightFunctionQuality:1]]
[2022.10.21-23.11.32:674][  0]LogConfig: Setting CVar [[r.ShadowQuality:5]]
[2022.10.21-23.11.32:674][  0]LogConfig: Setting CVar [[r.Shadow.CSM.MaxCascades:10]]
[2022.10.21-23.11.32:674][  0]LogConfig: Setting CVar [[r.Shadow.MaxResolution:2048]]
[2022.10.21-23.11.32:674][  0]LogConfig: Setting CVar [[r.Shadow.MaxCSMResolution:2048]]
[2022.10.21-23.11.32:674][  0]LogConfig: Setting CVar [[r.Shadow.RadiusThreshold:0.01]]
[2022.10.21-23.11.32:674][  0]LogConfig: Setting CVar [[r.Shadow.DistanceScale:1.0]]
[2022.10.21-23.11.32:674][  0]LogConfig: Setting CVar [[r.Shadow.CSM.TransitionScale:1.0]]
[2022.10.21-23.11.32:674][  0]LogConfig: Setting CVar [[r.Shadow.PreShadowResolutionFactor:1.0]]
[2022.10.21-23.11.32:674][  0]LogConfig: Setting CVar [[r.DistanceFieldShadowing:1]]
[2022.10.21-23.11.32:674][  0]LogConfig: Setting CVar [[r.DistanceFieldAO:1]]
[2022.10.21-23.11.32:674][  0]LogConfig: Setting CVar [[r.AOQuality:2]]
[2022.10.21-23.11.32:674][  0]LogConfig: Setting CVar [[r.VolumetricFog:1]]
[2022.10.21-23.11.32:674][  0]LogConfig: Setting CVar [[r.VolumetricFog.GridPixelSize:8]]
[2022.10.21-23.11.32:674][  0]LogConfig: Setting CVar [[r.VolumetricFog.GridSizeZ:128]]
[2022.10.21-23.11.32:674][  0]LogConfig: Setting CVar [[r.VolumetricFog.HistoryMissSupersampleCount:4]]
[2022.10.21-23.11.32:674][  0]LogConfig: Setting CVar [[r.LightMaxDrawDistanceScale:1]]
[2022.10.21-23.11.32:674][  0]LogConfig: Setting CVar [[r.CapsuleShadows:1]]
[2022.10.21-23.11.32:674][  0]LogConfig: Applying CVar settings from Section [PostProcessQuality@3] File [D:/VidyaGame/ParkourAbilities/Saved/Config/Windows/Scalability.ini]
[2022.10.21-23.11.32:674][  0]LogConfig: Setting CVar [[r.MotionBlurQuality:4]]
[2022.10.21-23.11.32:674][  0]LogConfig: Setting CVar [[r.AmbientOcclusionMipLevelFactor:0.4]]
[2022.10.21-23.11.32:674][  0]LogConfig: Setting CVar [[r.AmbientOcclusionMaxQuality:100]]
[2022.10.21-23.11.32:674][  0]LogConfig: Setting CVar [[r.AmbientOcclusionLevels:-1]]
[2022.10.21-23.11.32:674][  0]LogConfig: Setting CVar [[r.AmbientOcclusionRadiusScale:1.0]]
[2022.10.21-23.11.32:674][  0]LogConfig: Setting CVar [[r.DepthOfFieldQuality:2]]
[2022.10.21-23.11.32:674][  0]LogConfig: Setting CVar [[r.RenderTargetPoolMin:400]]
[2022.10.21-23.11.32:674][  0]LogConfig: Setting CVar [[r.LensFlareQuality:2]]
[2022.10.21-23.11.32:674][  0]LogConfig: Setting CVar [[r.SceneColorFringeQuality:1]]
[2022.10.21-23.11.32:674][  0]LogConfig: Setting CVar [[r.EyeAdaptationQuality:2]]
[2022.10.21-23.11.32:674][  0]LogConfig: Setting CVar [[r.BloomQuality:5]]
[2022.10.21-23.11.32:674][  0]LogConfig: Setting CVar [[r.FastBlurThreshold:100]]
[2022.10.21-23.11.32:674][  0]LogConfig: Setting CVar [[r.Upscale.Quality:3]]
[2022.10.21-23.11.32:674][  0]LogConfig: Setting CVar [[r.Tonemapper.GrainQuantization:1]]
[2022.10.21-23.11.32:674][  0]LogConfig: Setting CVar [[r.LightShaftQuality:1]]
[2022.10.21-23.11.32:674][  0]LogConfig: Setting CVar [[r.Filter.SizeScale:1]]
[2022.10.21-23.11.32:674][  0]LogConfig: Setting CVar [[r.Tonemapper.Quality:5]]
[2022.10.21-23.11.32:674][  0]LogConfig: Setting CVar [[r.DOF.Gather.AccumulatorQuality:1        ; higher gathering accumulator quality]]
[2022.10.21-23.11.32:674][  0]LogConfig: Setting CVar [[r.DOF.Gather.PostfilterMethod:1          ; Median3x3 postfilering method]]
[2022.10.21-23.11.32:674][  0]LogConfig: Setting CVar [[r.DOF.Gather.EnableBokehSettings:0       ; no bokeh simulation when gathering]]
[2022.10.21-23.11.32:674][  0]LogConfig: Setting CVar [[r.DOF.Gather.RingCount:4                 ; medium number of samples when gathering]]
[2022.10.21-23.11.32:675][  0]LogConfig: Setting CVar [[r.DOF.Scatter.ForegroundCompositing:1    ; additive foreground scattering]]
[2022.10.21-23.11.32:675][  0]LogConfig: Setting CVar [[r.DOF.Scatter.BackgroundCompositing:2    ; additive background scattering]]
[2022.10.21-23.11.32:675][  0]LogConfig: Setting CVar [[r.DOF.Scatter.EnableBokehSettings:1      ; bokeh simulation when scattering]]
[2022.10.21-23.11.32:675][  0]LogConfig: Setting CVar [[r.DOF.Scatter.MaxSpriteRatio:0.1         ; only a maximum of 10% of scattered bokeh]]
[2022.10.21-23.11.32:675][  0]LogConfig: Setting CVar [[r.DOF.Recombine.Quality:1                ; cheap slight out of focus]]
[2022.10.21-23.11.32:675][  0]LogConfig: Setting CVar [[r.DOF.Recombine.EnableBokehSettings:0    ; no bokeh simulation on slight out of focus]]
[2022.10.21-23.11.32:675][  0]LogConfig: Setting CVar [[r.DOF.TemporalAAQuality:1                ; more stable temporal accumulation]]
[2022.10.21-23.11.32:675][  0]LogConfig: Setting CVar [[r.DOF.Kernel.MaxForegroundRadius:0.025]]
[2022.10.21-23.11.32:675][  0]LogConfig: Setting CVar [[r.DOF.Kernel.MaxBackgroundRadius:0.025]]
[2022.10.21-23.11.32:675][  0]LogConfig: Applying CVar settings from Section [TextureQuality@3] File [D:/VidyaGame/ParkourAbilities/Saved/Config/Windows/Scalability.ini]
[2022.10.21-23.11.32:675][  0]LogConfig: Setting CVar [[r.Streaming.MipBias:0]]
[2022.10.21-23.11.32:675][  0]LogConfig: Setting CVar [[r.Streaming.AmortizeCPUToGPUCopy:0]]
[2022.10.21-23.11.32:675][  0]LogConfig: Setting CVar [[r.Streaming.MaxNumTexturesToStreamPerFrame:0]]
[2022.10.21-23.11.32:675][  0]LogConfig: Setting CVar [[r.Streaming.Boost:1]]
[2022.10.21-23.11.32:675][  0]LogConfig: Setting CVar [[r.MaxAnisotropy:8]]
[2022.10.21-23.11.32:675][  0]LogConfig: Setting CVar [[r.VT.MaxAnisotropy:8]]
[2022.10.21-23.11.32:675][  0]LogConfig: Setting CVar [[r.Streaming.LimitPoolSizeToVRAM:0]]
[2022.10.21-23.11.32:675][  0]LogConfig: Setting CVar [[r.Streaming.PoolSize:1000]]
[2022.10.21-23.11.32:675][  0]LogConfig: Setting CVar [[r.Streaming.MaxEffectiveScreenSize:0]]
[2022.10.21-23.11.32:675][  0]LogConfig: Applying CVar settings from Section [EffectsQuality@3] File [D:/VidyaGame/ParkourAbilities/Saved/Config/Windows/Scalability.ini]
[2022.10.21-23.11.32:675][  0]LogConfig: Setting CVar [[r.TranslucencyLightingVolumeDim:64]]
[2022.10.21-23.11.32:675][  0]LogConfig: Setting CVar [[r.RefractionQuality:2]]
[2022.10.21-23.11.32:675][  0]LogConfig: Setting CVar [[r.SSR.Quality:3]]
[2022.10.21-23.11.32:675][  0]LogConfig: Setting CVar [[r.SSR.HalfResSceneColor:0]]
[2022.10.21-23.11.32:675][  0]LogConfig: Setting CVar [[r.SceneColorFormat:4]]
[2022.10.21-23.11.32:675][  0]LogConfig: Setting CVar [[r.DetailMode:2]]
[2022.10.21-23.11.32:675][  0]LogConfig: Setting CVar [[r.TranslucencyVolumeBlur:1]]
[2022.10.21-23.11.32:675][  0]LogConfig: Setting CVar [[r.MaterialQualityLevel:1 ; High quality]]
[2022.10.21-23.11.32:675][  0]LogConfig: Setting CVar [[r.AnisotropicMaterials:1]]
[2022.10.21-23.11.32:675][  0]LogConfig: Setting CVar [[r.SSS.Scale:1]]
[2022.10.21-23.11.32:675][  0]LogConfig: Setting CVar [[r.SSS.SampleSet:2]]
[2022.10.21-23.11.32:675][  0]LogConfig: Setting CVar [[r.SSS.Quality:1]]
[2022.10.21-23.11.32:675][  0]LogConfig: Setting CVar [[r.SSS.HalfRes:0]]
[2022.10.21-23.11.32:675][  0]LogConfig: Setting CVar [[r.SSGI.Quality:3]]
[2022.10.21-23.11.32:675][  0]LogConfig: Setting CVar [[r.EmitterSpawnRateScale:1.0]]
[2022.10.21-23.11.32:675][  0]LogConfig: Setting CVar [[r.ParticleLightQuality:2]]
[2022.10.21-23.11.32:675][  0]LogConfig: Setting CVar [[r.SkyAtmosphere.AerialPerspectiveLUT.FastApplyOnOpaque:1 ; Always have FastSkyLUT 1 in this case to avoid wrong sky]]
[2022.10.21-23.11.32:675][  0]LogConfig: Setting CVar [[r.SkyAtmosphere.AerialPerspectiveLUT.SampleCountMaxPerSlice:4]]
[2022.10.21-23.11.32:675][  0]LogConfig: Setting CVar [[r.SkyAtmosphere.AerialPerspectiveLUT.DepthResolution:16.0]]
[2022.10.21-23.11.32:675][  0]LogConfig: Setting CVar [[r.SkyAtmosphere.FastSkyLUT:1]]
[2022.10.21-23.11.32:675][  0]LogConfig: Setting CVar [[r.SkyAtmosphere.FastSkyLUT.SampleCountMin:4.0]]
[2022.10.21-23.11.32:675][  0]LogConfig: Setting CVar [[r.SkyAtmosphere.FastSkyLUT.SampleCountMax:128.0]]
[2022.10.21-23.11.32:675][  0]LogConfig: Setting CVar [[r.SkyAtmosphere.SampleCountMin:4.0]]
[2022.10.21-23.11.32:675][  0]LogConfig: Setting CVar [[r.SkyAtmosphere.SampleCountMax:128.0]]
[2022.10.21-23.11.32:675][  0]LogConfig: Setting CVar [[r.SkyAtmosphere.TransmittanceLUT.UseSmallFormat:0]]
[2022.10.21-23.11.32:675][  0]LogConfig: Setting CVar [[r.SkyAtmosphere.TransmittanceLUT.SampleCount:10.0]]
[2022.10.21-23.11.32:675][  0]LogConfig: Setting CVar [[r.SkyAtmosphere.MultiScatteringLUT.SampleCount:15.0]]
[2022.10.21-23.11.32:675][  0]LogConfig: Setting CVar [[r.SkyLight.RealTimeReflectionCapture:1]]
[2022.10.21-23.11.32:675][  0]LogConfig: Applying CVar settings from Section [FoliageQuality@3] File [D:/VidyaGame/ParkourAbilities/Saved/Config/Windows/Scalability.ini]
[2022.10.21-23.11.32:675][  0]LogConfig: Setting CVar [[foliage.DensityScale:1.0]]
[2022.10.21-23.11.32:675][  0]LogConfig: Setting CVar [[grass.DensityScale:1.0]]
[2022.10.21-23.11.32:675][  0]LogConfig: Applying CVar settings from Section [ShadingQuality@3] File [D:/VidyaGame/ParkourAbilities/Saved/Config/Windows/Scalability.ini]
[2022.10.21-23.11.32:675][  0]LogConfig: Setting CVar [[r.HairStrands.SkyLighting.IntegrationType:2]]
[2022.10.21-23.11.32:675][  0]LogConfig: Setting CVar [[r.HairStrands.SkyAO.SampleCount:4]]
[2022.10.21-23.11.32:675][  0]LogConfig: Setting CVar [[r.HairStrands.Visibility.MSAA.SamplePerPixel:4]]
[2022.10.21-23.11.32:675][  0]LogInit: Selected Device Profile: [Windows]
[2022.10.21-23.11.32:675][  0]LogInit: Applying CVar settings loaded from the selected device profile: [Windows]
[2022.10.21-23.11.32:675][  0]LogHAL: Display: Platform has ~ 16 GB [17126174720 / 17179869184 / 16], which maps to Larger [LargestMinGB=32, LargerMinGB=12, DefaultMinGB=8, SmallerMinGB=6, SmallestMinGB=0)
[2022.10.21-23.11.32:675][  0]LogInit: Going up to parent DeviceProfile []
[2022.10.21-23.11.32:675][  0]LogConfig: Applying CVar settings from Section [ViewDistanceQuality@3] File [D:/VidyaGame/ParkourAbilities/Saved/Config/Windows/Scalability.ini]
[2022.10.21-23.11.32:675][  0]LogConfig: Setting CVar [[r.SkeletalMeshLODBias:0]]
[2022.10.21-23.11.32:675][  0]LogConfig: Setting CVar [[r.ViewDistanceScale:1.0]]
[2022.10.21-23.11.32:675][  0]LogConfig: Applying CVar settings from Section [AntiAliasingQuality@3] File [D:/VidyaGame/ParkourAbilities/Saved/Config/Windows/Scalability.ini]
[2022.10.21-23.11.32:675][  0]LogConfig: Setting CVar [[r.PostProcessAAQuality:4]]
[2022.10.21-23.11.32:675][  0]LogConfig: Applying CVar settings from Section [ShadowQuality@3] File [D:/VidyaGame/ParkourAbilities/Saved/Config/Windows/Scalability.ini]
[2022.10.21-23.11.32:675][  0]LogConfig: Setting CVar [[r.LightFunctionQuality:1]]
[2022.10.21-23.11.32:675][  0]LogConfig: Setting CVar [[r.ShadowQuality:5]]
[2022.10.21-23.11.32:675][  0]LogConfig: Setting CVar [[r.Shadow.CSM.MaxCascades:10]]
[2022.10.21-23.11.32:675][  0]LogConfig: Setting CVar [[r.Shadow.MaxResolution:2048]]
[2022.10.21-23.11.32:675][  0]LogConfig: Setting CVar [[r.Shadow.MaxCSMResolution:2048]]
[2022.10.21-23.11.32:675][  0]LogConfig: Setting CVar [[r.Shadow.RadiusThreshold:0.01]]
[2022.10.21-23.11.32:675][  0]LogConfig: Setting CVar [[r.Shadow.DistanceScale:1.0]]
[2022.10.21-23.11.32:675][  0]LogConfig: Setting CVar [[r.Shadow.CSM.TransitionScale:1.0]]
[2022.10.21-23.11.32:675][  0]LogConfig: Setting CVar [[r.Shadow.PreShadowResolutionFactor:1.0]]
[2022.10.21-23.11.32:675][  0]LogConfig: Setting CVar [[r.DistanceFieldShadowing:1]]
[2022.10.21-23.11.32:675][  0]LogConfig: Setting CVar [[r.DistanceFieldAO:1]]
[2022.10.21-23.11.32:675][  0]LogConfig: Setting CVar [[r.AOQuality:2]]
[2022.10.21-23.11.32:675][  0]LogConfig: Setting CVar [[r.VolumetricFog:1]]
[2022.10.21-23.11.32:675][  0]LogConfig: Setting CVar [[r.VolumetricFog.GridPixelSize:8]]
[2022.10.21-23.11.32:675][  0]LogConfig: Setting CVar [[r.VolumetricFog.GridSizeZ:128]]
[2022.10.21-23.11.32:675][  0]LogConfig: Setting CVar [[r.VolumetricFog.HistoryMissSupersampleCount:4]]
[2022.10.21-23.11.32:675][  0]LogConfig: Setting CVar [[r.LightMaxDrawDistanceScale:1]]
[2022.10.21-23.11.32:675][  0]LogConfig: Setting CVar [[r.CapsuleShadows:1]]
[2022.10.21-23.11.32:676][  0]LogConfig: Applying CVar settings from Section [PostProcessQuality@3] File [D:/VidyaGame/ParkourAbilities/Saved/Config/Windows/Scalability.ini]
[2022.10.21-23.11.32:676][  0]LogConfig: Setting CVar [[r.MotionBlurQuality:4]]
[2022.10.21-23.11.32:676][  0]LogConfig: Setting CVar [[r.AmbientOcclusionMipLevelFactor:0.4]]
[2022.10.21-23.11.32:676][  0]LogConfig: Setting CVar [[r.AmbientOcclusionMaxQuality:100]]
[2022.10.21-23.11.32:676][  0]LogConfig: Setting CVar [[r.AmbientOcclusionLevels:-1]]
[2022.10.21-23.11.32:676][  0]LogConfig: Setting CVar [[r.AmbientOcclusionRadiusScale:1.0]]
[2022.10.21-23.11.32:676][  0]LogConfig: Setting CVar [[r.DepthOfFieldQuality:2]]
[2022.10.21-23.11.32:676][  0]LogConfig: Setting CVar [[r.RenderTargetPoolMin:400]]
[2022.10.21-23.11.32:676][  0]LogConfig: Setting CVar [[r.LensFlareQuality:2]]
[2022.10.21-23.11.32:676][  0]LogConfig: Setting CVar [[r.SceneColorFringeQuality:1]]
[2022.10.21-23.11.32:676][  0]LogConfig: Setting CVar [[r.EyeAdaptationQuality:2]]
[2022.10.21-23.11.32:676][  0]LogConfig: Setting CVar [[r.BloomQuality:5]]
[2022.10.21-23.11.32:676][  0]LogConfig: Setting CVar [[r.FastBlurThreshold:100]]
[2022.10.21-23.11.32:676][  0]LogConfig: Setting CVar [[r.Upscale.Quality:3]]
[2022.10.21-23.11.32:676][  0]LogConfig: Setting CVar [[r.Tonemapper.GrainQuantization:1]]
[2022.10.21-23.11.32:676][  0]LogConfig: Setting CVar [[r.LightShaftQuality:1]]
[2022.10.21-23.11.32:676][  0]LogConfig: Setting CVar [[r.Filter.SizeScale:1]]
[2022.10.21-23.11.32:676][  0]LogConfig: Setting CVar [[r.Tonemapper.Quality:5]]
[2022.10.21-23.11.32:676][  0]LogConfig: Setting CVar [[r.DOF.Gather.AccumulatorQuality:1        ; higher gathering accumulator quality]]
[2022.10.21-23.11.32:676][  0]LogConfig: Setting CVar [[r.DOF.Gather.PostfilterMethod:1          ; Median3x3 postfilering method]]
[2022.10.21-23.11.32:676][  0]LogConfig: Setting CVar [[r.DOF.Gather.EnableBokehSettings:0       ; no bokeh simulation when gathering]]
[2022.10.21-23.11.32:676][  0]LogConfig: Setting CVar [[r.DOF.Gather.RingCount:4                 ; medium number of samples when gathering]]
[2022.10.21-23.11.32:676][  0]LogConfig: Setting CVar [[r.DOF.Scatter.ForegroundCompositing:1    ; additive foreground scattering]]
[2022.10.21-23.11.32:676][  0]LogConfig: Setting CVar [[r.DOF.Scatter.BackgroundCompositing:2    ; additive background scattering]]
[2022.10.21-23.11.32:676][  0]LogConfig: Setting CVar [[r.DOF.Scatter.EnableBokehSettings:1      ; bokeh simulation when scattering]]
[2022.10.21-23.11.32:676][  0]LogConfig: Setting CVar [[r.DOF.Scatter.MaxSpriteRatio:0.1         ; only a maximum of 10% of scattered bokeh]]
[2022.10.21-23.11.32:676][  0]LogConfig: Setting CVar [[r.DOF.Recombine.Quality:1                ; cheap slight out of focus]]
[2022.10.21-23.11.32:676][  0]LogConfig: Setting CVar [[r.DOF.Recombine.EnableBokehSettings:0    ; no bokeh simulation on slight out of focus]]
[2022.10.21-23.11.32:676][  0]LogConfig: Setting CVar [[r.DOF.TemporalAAQuality:1                ; more stable temporal accumulation]]
[2022.10.21-23.11.32:676][  0]LogConfig: Setting CVar [[r.DOF.Kernel.MaxForegroundRadius:0.025]]
[2022.10.21-23.11.32:676][  0]LogConfig: Setting CVar [[r.DOF.Kernel.MaxBackgroundRadius:0.025]]
[2022.10.21-23.11.32:676][  0]LogConfig: Applying CVar settings from Section [TextureQuality@3] File [D:/VidyaGame/ParkourAbilities/Saved/Config/Windows/Scalability.ini]
[2022.10.21-23.11.32:676][  0]LogConfig: Setting CVar [[r.Streaming.MipBias:0]]
[2022.10.21-23.11.32:676][  0]LogConfig: Setting CVar [[r.Streaming.AmortizeCPUToGPUCopy:0]]
[2022.10.21-23.11.32:676][  0]LogConfig: Setting CVar [[r.Streaming.MaxNumTexturesToStreamPerFrame:0]]
[2022.10.21-23.11.32:676][  0]LogConfig: Setting CVar [[r.Streaming.Boost:1]]
[2022.10.21-23.11.32:676][  0]LogConfig: Setting CVar [[r.MaxAnisotropy:8]]
[2022.10.21-23.11.32:676][  0]LogConfig: Setting CVar [[r.VT.MaxAnisotropy:8]]
[2022.10.21-23.11.32:676][  0]LogConfig: Setting CVar [[r.Streaming.LimitPoolSizeToVRAM:0]]
[2022.10.21-23.11.32:676][  0]LogConfig: Setting CVar [[r.Streaming.PoolSize:1000]]
[2022.10.21-23.11.32:676][  0]LogConfig: Setting CVar [[r.Streaming.MaxEffectiveScreenSize:0]]
[2022.10.21-23.11.32:676][  0]LogConfig: Applying CVar settings from Section [EffectsQuality@3] File [D:/VidyaGame/ParkourAbilities/Saved/Config/Windows/Scalability.ini]
[2022.10.21-23.11.32:676][  0]LogConfig: Setting CVar [[r.TranslucencyLightingVolumeDim:64]]
[2022.10.21-23.11.32:676][  0]LogConfig: Setting CVar [[r.RefractionQuality:2]]
[2022.10.21-23.11.32:676][  0]LogConfig: Setting CVar [[r.SSR.Quality:3]]
[2022.10.21-23.11.32:676][  0]LogConfig: Setting CVar [[r.SSR.HalfResSceneColor:0]]
[2022.10.21-23.11.32:676][  0]LogConfig: Setting CVar [[r.SceneColorFormat:4]]
[2022.10.21-23.11.32:676][  0]LogConfig: Setting CVar [[r.DetailMode:2]]
[2022.10.21-23.11.32:676][  0]LogConfig: Setting CVar [[r.TranslucencyVolumeBlur:1]]
[2022.10.21-23.11.32:676][  0]LogConfig: Setting CVar [[r.MaterialQualityLevel:1 ; High quality]]
[2022.10.21-23.11.32:676][  0]LogConfig: Setting CVar [[r.AnisotropicMaterials:1]]
[2022.10.21-23.11.32:676][  0]LogConfig: Setting CVar [[r.SSS.Scale:1]]
[2022.10.21-23.11.32:676][  0]LogConfig: Setting CVar [[r.SSS.SampleSet:2]]
[2022.10.21-23.11.32:676][  0]LogConfig: Setting CVar [[r.SSS.Quality:1]]
[2022.10.21-23.11.32:676][  0]LogConfig: Setting CVar [[r.SSS.HalfRes:0]]
[2022.10.21-23.11.32:676][  0]LogConfig: Setting CVar [[r.SSGI.Quality:3]]
[2022.10.21-23.11.32:676][  0]LogConfig: Setting CVar [[r.EmitterSpawnRateScale:1.0]]
[2022.10.21-23.11.32:676][  0]LogConfig: Setting CVar [[r.ParticleLightQuality:2]]
[2022.10.21-23.11.32:676][  0]LogConfig: Setting CVar [[r.SkyAtmosphere.AerialPerspectiveLUT.FastApplyOnOpaque:1 ; Always have FastSkyLUT 1 in this case to avoid wrong sky]]
[2022.10.21-23.11.32:676][  0]LogConfig: Setting CVar [[r.SkyAtmosphere.AerialPerspectiveLUT.SampleCountMaxPerSlice:4]]
[2022.10.21-23.11.32:676][  0]LogConfig: Setting CVar [[r.SkyAtmosphere.AerialPerspectiveLUT.DepthResolution:16.0]]
[2022.10.21-23.11.32:676][  0]LogConfig: Setting CVar [[r.SkyAtmosphere.FastSkyLUT:1]]
[2022.10.21-23.11.32:676][  0]LogConfig: Setting CVar [[r.SkyAtmosphere.FastSkyLUT.SampleCountMin:4.0]]
[2022.10.21-23.11.32:676][  0]LogConfig: Setting CVar [[r.SkyAtmosphere.FastSkyLUT.SampleCountMax:128.0]]
[2022.10.21-23.11.32:676][  0]LogConfig: Setting CVar [[r.SkyAtmosphere.SampleCountMin:4.0]]
[2022.10.21-23.11.32:676][  0]LogConfig: Setting CVar [[r.SkyAtmosphere.SampleCountMax:128.0]]
[2022.10.21-23.11.32:676][  0]LogConfig: Setting CVar [[r.SkyAtmosphere.TransmittanceLUT.UseSmallFormat:0]]
[2022.10.21-23.11.32:676][  0]LogConfig: Setting CVar [[r.SkyAtmosphere.TransmittanceLUT.SampleCount:10.0]]
[2022.10.21-23.11.32:676][  0]LogConfig: Setting CVar [[r.SkyAtmosphere.MultiScatteringLUT.SampleCount:15.0]]
[2022.10.21-23.11.32:676][  0]LogConfig: Setting CVar [[r.SkyLight.RealTimeReflectionCapture:1]]
[2022.10.21-23.11.32:676][  0]LogConfig: Applying CVar settings from Section [FoliageQuality@3] File [D:/VidyaGame/ParkourAbilities/Saved/Config/Windows/Scalability.ini]
[2022.10.21-23.11.32:676][  0]LogConfig: Setting CVar [[foliage.DensityScale:1.0]]
[2022.10.21-23.11.32:676][  0]LogConfig: Setting CVar [[grass.DensityScale:1.0]]
[2022.10.21-23.11.32:676][  0]LogConfig: Applying CVar settings from Section [ShadingQuality@3] File [D:/VidyaGame/ParkourAbilities/Saved/Config/Windows/Scalability.ini]
[2022.10.21-23.11.32:676][  0]LogConfig: Setting CVar [[r.HairStrands.SkyLighting.IntegrationType:2]]
[2022.10.21-23.11.32:676][  0]LogConfig: Setting CVar [[r.HairStrands.SkyAO.SampleCount:4]]
[2022.10.21-23.11.32:676][  0]LogConfig: Setting CVar [[r.HairStrands.Visibility.MSAA.SamplePerPixel:4]]
[2022.10.21-23.11.32:676][  0]LogConfig: Applying CVar settings from Section [Startup] File [../../../Engine/Config/ConsoleVariables.ini]
[2022.10.21-23.11.32:677][  0]LogConfig: Setting CVar [[net.UseAdaptiveNetUpdateFrequency:0]]
[2022.10.21-23.11.32:677][  0]LogConfig: Setting CVar [[p.chaos.AllowCreatePhysxBodies:1]]
[2022.10.21-23.11.32:677][  0]LogConfig: Setting CVar [[fx.SkipVectorVMBackendOptimizations:1]]
[2022.10.21-23.11.32:677][  0]LogConfig: Applying CVar settings from Section [ConsoleVariables] File [D:/VidyaGame/ParkourAbilities/Saved/Config/Windows/Engine.ini]
[2022.10.21-23.11.32:677][  0]LogConfig: Applying CVar settings from Section [ConsoleVariables] File [D:/VidyaGame/ParkourAbilities/Saved/Config/Windows/Editor.ini]
[2022.10.21-23.11.32:677][  0]LogInit: Computer: DESKTOP-9HNT5NH
[2022.10.21-23.11.32:677][  0]LogInit: User: Kramm
[2022.10.21-23.11.32:677][  0]LogInit: CPU Page size=4096, Cores=6
[2022.10.21-23.11.32:677][  0]LogInit: High frequency timer resolution =10.000000 MHz
[2022.10.21-23.11.32:677][  0]LogMemory: Memory total: Physical=15.9GB (16GB approx)
[2022.10.21-23.11.32:677][  0]LogMemory: Platform Memory Stats for Windows
[2022.10.21-23.11.32:677][  0]LogMemory: Process Physical Memory: 147.84 MB used, 147.85 MB peak
[2022.10.21-23.11.32:677][  0]LogMemory: Process Virtual Memory: 132.16 MB used, 132.16 MB peak
[2022.10.21-23.11.32:677][  0]LogMemory: Physical Memory: 8777.48 MB used,  7555.31 MB free, 16332.79 MB total
[2022.10.21-23.11.32:677][  0]LogMemory: Virtual Memory: 134205928.00 MB used,  11797.10 MB free, 134217728.00 MB total
[2022.10.21-23.11.32:681][  0]LogWindows: WindowsPlatformFeatures enabled
[2022.10.21-23.11.32:718][  0]LogInit: Physics initialised using underlying interface: PhysX
[2022.10.21-23.11.32:718][  0]LogInit: Using OS detected language (en-US).
[2022.10.21-23.11.32:718][  0]LogInit: Using OS detected locale (en-US).
[2022.10.21-23.11.32:720][  0]LogTextLocalizationManager: No specific localization for 'en-US' exists, so the 'en' localization will be used.
[2022.10.21-23.11.32:897][  0]LogInit: Setting process to per monitor DPI aware
[2022.10.21-23.11.32:907][  0]LogWindowsTextInputMethodSystem: Display: IME system deactivated.
[2022.10.21-23.11.32:917][  0]LogSlate: New Slate User Created.  User Index 0, Is Virtual User: 0
[2022.10.21-23.11.32:917][  0]LogSlate: Slate User Registered.  User Index 0, Is Virtual User: 0
[2022.10.21-23.11.33:081][  0]LogD3D11RHI: Loaded GFSDK_Aftermath_Lib.x64.dll
[2022.10.21-23.11.33:083][  0]LogHMD: Failed to initialize OpenVR with code 110
[2022.10.21-23.11.33:083][  0]LogD3D11RHI: D3D11 min allowed feature level: 11_0
[2022.10.21-23.11.33:083][  0]LogD3D11RHI: D3D11 max allowed feature level: 11_0
[2022.10.21-23.11.33:083][  0]LogD3D11RHI: D3D11 adapters:
[2022.10.21-23.11.33:185][  0]LogD3D11RHI:    0. 'NVIDIA GeForce RTX 2060 SUPER' (Feature Level 11_0)
[2022.10.21-23.11.33:185][  0]LogD3D11RHI:       8031/0/8166 MB DedicatedVideo/DedicatedSystem/SharedSystem, Outputs:1, VendorId:0x10de
[2022.10.21-23.11.33:187][  0]LogD3D11RHI:    1. 'Microsoft Basic Render Driver' (Feature Level 11_0)
[2022.10.21-23.11.33:187][  0]LogD3D11RHI:       0/0/8166 MB DedicatedVideo/DedicatedSystem/SharedSystem, Outputs:0, VendorId:0x1414
[2022.10.21-23.11.33:187][  0]LogD3D11RHI: Chosen D3D11 Adapter:
[2022.10.21-23.11.33:187][  0]LogD3D11RHI:     Description : NVIDIA GeForce RTX 2060 SUPER
[2022.10.21-23.11.33:187][  0]LogD3D11RHI:     VendorId    : 10de
[2022.10.21-23.11.33:187][  0]LogD3D11RHI:     DeviceId    : 1f06
[2022.10.21-23.11.33:187][  0]LogD3D11RHI:     SubSysId    : 30673842
[2022.10.21-23.11.33:187][  0]LogD3D11RHI:     Revision    : 00a1
[2022.10.21-23.11.33:187][  0]LogD3D11RHI:     DedicatedVideoMemory : 8421113856 bytes
[2022.10.21-23.11.33:187][  0]LogD3D11RHI:     DedicatedSystemMemory : 0 bytes
[2022.10.21-23.11.33:187][  0]LogD3D11RHI:     SharedSystemMemory : 8563087360 bytes
[2022.10.21-23.11.33:187][  0]LogD3D11RHI:     AdapterLuid : 0 39963
[2022.10.21-23.11.33:193][  0]LogD3D11RHI: Creating new Direct3DDevice
[2022.10.21-23.11.33:193][  0]LogD3D11RHI:     GPU DeviceId: 0x1f06 (for the marketing name, search the web for "GPU Device Id")
[2022.10.21-23.11.33:193][  0]LogWindows: EnumDisplayDevices:
[2022.10.21-23.11.33:193][  0]LogWindows:    0. 'NVIDIA GeForce RTX 2060 SUPER' (P:1 D:1)
[2022.10.21-23.11.33:193][  0]LogWindows:    1. 'NVIDIA GeForce RTX 2060 SUPER' (P:0 D:0)
[2022.10.21-23.11.33:193][  0]LogWindows:    2. 'NVIDIA GeForce RTX 2060 SUPER' (P:0 D:0)
[2022.10.21-23.11.33:194][  0]LogWindows:    3. 'NVIDIA GeForce RTX 2060 SUPER' (P:0 D:0)
[2022.10.21-23.11.33:194][  0]LogWindows: DebugString: FoundDriverCount:4 
[2022.10.21-23.11.33:194][  0]LogD3D11RHI:     Adapter Name: NVIDIA GeForce RTX 2060 SUPER
[2022.10.21-23.11.33:194][  0]LogD3D11RHI:   Driver Version: 516.94 (internal:31.0.15.1694, unified:516.94)
[2022.10.21-23.11.33:194][  0]LogD3D11RHI:      Driver Date: 7-21-2022
[2022.10.21-23.11.33:194][  0]LogRHI: Texture pool is 5621 MB (70% of 8031 MB)
[2022.10.21-23.11.33:194][  0]LogD3D11RHI: Creating D3DDevice using adapter:
[2022.10.21-23.11.33:194][  0]LogD3D11RHI:     Description : NVIDIA GeForce RTX 2060 SUPER
[2022.10.21-23.11.33:194][  0]LogD3D11RHI:     VendorId    : 10de
[2022.10.21-23.11.33:194][  0]LogD3D11RHI:     DeviceId    : 1f06
[2022.10.21-23.11.33:194][  0]LogD3D11RHI:     SubSysId    : 30673842
[2022.10.21-23.11.33:194][  0]LogD3D11RHI:     Revision    : 00a1
[2022.10.21-23.11.33:194][  0]LogD3D11RHI:     DedicatedVideoMemory : 8421113856 bytes
[2022.10.21-23.11.33:194][  0]LogD3D11RHI:     DedicatedSystemMemory : 0 bytes
[2022.10.21-23.11.33:194][  0]LogD3D11RHI:     SharedSystemMemory : 8563087360 bytes
[2022.10.21-23.11.33:194][  0]LogD3D11RHI:     AdapterLuid : 0 39963
[2022.10.21-23.11.33:247][  0]LogD3D11RHI: RHI has support for 64 bit atomics
[2022.10.21-23.11.33:247][  0]LogD3D11RHI: Async texture creation enabled
[2022.10.21-23.11.33:247][  0]LogD3D11RHI: Array index from any shader is supported
[2022.10.21-23.11.33:260][  0]LogD3D11RHI: GPU Timing Frequency: 1000.000000 (Debug: 2 1)
[2022.10.21-23.11.33:283][  0]LogRHI: GeForceNow SDK initialized: 1
[2022.10.21-23.11.33:521][  0]LogTargetPlatformManager: Display: Loaded TargetPlatform 'AllDesktop'
[2022.10.21-23.11.33:540][  0]LogTargetPlatformManager: Display: Loaded TargetPlatform 'Android'
[2022.10.21-23.11.33:540][  0]LogTargetPlatformManager: Display: Loaded TargetPlatform 'Android_ASTC'
[2022.10.21-23.11.33:540][  0]LogTargetPlatformManager: Display: Loaded TargetPlatform 'Android_DXT'
[2022.10.21-23.11.33:540][  0]LogTargetPlatformManager: Display: Loaded TargetPlatform 'Android_ETC2'
[2022.10.21-23.11.33:540][  0]LogTargetPlatformManager: Display: Loaded TargetPlatform 'AndroidClient'
[2022.10.21-23.11.33:540][  0]LogTargetPlatformManager: Display: Loaded TargetPlatform 'Android_ASTCClient'
[2022.10.21-23.11.33:540][  0]LogTargetPlatformManager: Display: Loaded TargetPlatform 'Android_DXTClient'
[2022.10.21-23.11.33:540][  0]LogTargetPlatformManager: Display: Loaded TargetPlatform 'Android_ETC2Client'
[2022.10.21-23.11.33:540][  0]LogTargetPlatformManager: Display: Loaded TargetPlatform 'Android_Multi'
[2022.10.21-23.11.33:540][  0]LogTargetPlatformManager: Display: Loaded TargetPlatform 'Android_MultiClient'
[2022.10.21-23.11.33:556][  0]LogTargetPlatformManager: Display: Loaded TargetPlatform 'IOSClient'
[2022.10.21-23.11.33:557][  0]LogTargetPlatformManager: Display: Loaded TargetPlatform 'IOS'
[2022.10.21-23.11.33:565][  0]LogTargetPlatformManager: Display: Loaded TargetPlatform 'Linux'
[2022.10.21-23.11.33:569][  0]LogTargetPlatformManager: Display: Loaded TargetPlatform 'LinuxNoEditor'
[2022.10.21-23.11.33:573][  0]LogTargetPlatformManager: Display: Loaded TargetPlatform 'LinuxClient'
[2022.10.21-23.11.33:576][  0]LogTargetPlatformManager: Display: Loaded TargetPlatform 'LinuxServer'
[2022.10.21-23.11.33:584][  0]LogTargetPlatformManager: Display: Loaded TargetPlatform 'LinuxAArch64NoEditor'
[2022.10.21-23.11.33:588][  0]LogTargetPlatformManager: Display: Loaded TargetPlatform 'LinuxAArch64Client'
[2022.10.21-23.11.33:592][  0]LogTargetPlatformManager: Display: Loaded TargetPlatform 'LinuxAArch64Server'
[2022.10.21-23.11.33:612][  0]LogTargetPlatformManager: Display: Loaded TargetPlatform 'Lumin'
[2022.10.21-23.11.33:612][  0]LogTargetPlatformManager: Display: Loaded TargetPlatform 'LuminClient'
[2022.10.21-23.11.33:619][  0]LogTargetPlatformManager: Display: Loaded TargetPlatform 'MacNoEditor'
[2022.10.21-23.11.33:623][  0]LogTargetPlatformManager: Display: Loaded TargetPlatform 'Mac'
[2022.10.21-23.11.33:627][  0]LogTargetPlatformManager: Display: Loaded TargetPlatform 'MacClient'
[2022.10.21-23.11.33:631][  0]LogTargetPlatformManager: Display: Loaded TargetPlatform 'MacServer'
[2022.10.21-23.11.33:640][  0]LogTargetPlatformManager: Display: Loaded TargetPlatform 'TVOSClient'
[2022.10.21-23.11.33:640][  0]LogTargetPlatformManager: Display: Loaded TargetPlatform 'TVOS'
[2022.10.21-23.11.33:648][  0]LogTargetPlatformManager: Display: Loaded TargetPlatform 'WindowsNoEditor'
[2022.10.21-23.11.33:652][  0]LogTargetPlatformManager: Display: Loaded TargetPlatform 'Windows'
[2022.10.21-23.11.33:656][  0]LogTargetPlatformManager: Display: Loaded TargetPlatform 'WindowsClient'
[2022.10.21-23.11.33:660][  0]LogTargetPlatformManager: Display: Loaded TargetPlatform 'WindowsServer'
[2022.10.21-23.11.33:660][  0]LogTargetPlatformManager: Display: Building Assets For Windows
[2022.10.21-23.11.33:666][  0]LogAudioDebug: Display: Lib vorbis DLL was dynamically loaded.
[2022.10.21-23.11.33:689][  0]LogTextureFormatOodle: Display: Oodle Texture 2.9.0 init RDO Off
[2022.10.21-23.11.33:714][  0]LogRendererCore: Ray tracing is disabled. Reason: r.RayTracing=0.
[2022.10.21-23.11.33:714][  0]LogShaderCompilers: Guid format shader working directory is 4 characters bigger than the processId version (../../../../../VidyaGame/ParkourAbilities/Intermediate/Shaders/WorkingDirectory/16204/).
[2022.10.21-23.11.33:714][  0]LogShaderCompilers: Cleaned the shader compiler working directory 'C:/Users/Kramm/AppData/Local/Temp/UnrealShaderWorkingDir/5D202E5D45E8F7D5AECF4786329416F3/'.
[2022.10.21-23.11.33:715][  0]LogXGEController: Cannot use XGE Controller as Incredibuild is not installed on this machine.
[2022.10.21-23.11.33:715][  0]LogShaderCompilers: Cannot use XGE Shader Compiler as Incredibuild is not installed on this machine.
[2022.10.21-23.11.33:715][  0]LogShaderCompilers: Display: Using Local Shader Compiler.
[2022.10.21-23.11.34:322][  0]LogDerivedDataCache: Display: Max Cache Size: 512 MB
[2022.10.21-23.11.34:398][  0]LogDerivedDataCache: Loaded boot cache 0.08s 116MB C:/Users/Kramm/AppData/Local/UnrealEngine/4.27/DerivedDataCache/Boot.ddc.
[2022.10.21-23.11.34:398][  0]LogDerivedDataCache: Display: Loaded Boot cache: C:/Users/Kramm/AppData/Local/UnrealEngine/4.27/DerivedDataCache/Boot.ddc
[2022.10.21-23.11.34:398][  0]LogDerivedDataCache: FDerivedDataBackendGraph:  Pak pak cache file ../../../../../VidyaGame/ParkourAbilities/DerivedDataCache/DDC.ddp not found, will not use a pak cache.
[2022.10.21-23.11.34:398][  0]LogDerivedDataCache: Unable to find inner node Pak for hierarchical cache Hierarchy.
[2022.10.21-23.11.34:398][  0]LogDerivedDataCache: FDerivedDataBackendGraph:  CompressedPak pak cache file ../../../../../VidyaGame/ParkourAbilities/DerivedDataCache/Compressed.ddp not found, will not use a pak cache.
[2022.10.21-23.11.34:398][  0]LogDerivedDataCache: Unable to find inner node CompressedPak for hierarchical cache Hierarchy.
[2022.10.21-23.11.34:415][  0]LogDerivedDataCache: Display: Pak cache opened for reading ../../../Engine/DerivedDataCache/Compressed.ddp.
[2022.10.21-23.11.34:415][  0]LogDerivedDataCache: FDerivedDataBackendGraph:  EnterprisePak pak cache file ../../../Enterprise/DerivedDataCache/Compressed.ddp not found, will not use a pak cache.
[2022.10.21-23.11.34:415][  0]LogDerivedDataCache: Unable to find inner node EnterprisePak for hierarchical cache Hierarchy.
[2022.10.21-23.11.34:422][  0]LogDerivedDataCache: Speed tests for C:/Users/Kramm/AppData/Local/UnrealEngine/Common/DerivedDataCache took 0.01 seconds
[2022.10.21-23.11.34:422][  0]LogDerivedDataCache: Display: Performance to C:/Users/Kramm/AppData/Local/UnrealEngine/Common/DerivedDataCache: Latency=0.03ms. RandomReadSpeed=1089.65MBs, RandomWriteSpeed=160.81MBs. Assigned SpeedClass 'Local'
[2022.10.21-23.11.34:423][  0]LogDerivedDataCache: Using Local data cache path C:/Users/Kramm/AppData/Local/UnrealEngine/Common/DerivedDataCache: Writable
[2022.10.21-23.11.34:423][  0]LogDerivedDataCache: Shared data cache path not found in *engine.ini, will not use an Shared cache.
[2022.10.21-23.11.34:423][  0]LogDerivedDataCache: Unable to find inner node Shared for hierarchical cache Hierarchy.
[2022.10.21-23.11.34:466][  0]LogSlate: Using FreeType 2.10.0
[2022.10.21-23.11.34:466][  0]LogSlate: SlateFontServices - WITH_FREETYPE: 1, WITH_HARFBUZZ: 1
[2022.10.21-23.11.34:491][  0]LogAssetRegistry: FAssetRegistry took 0.0026 seconds to start up
[2022.10.21-23.11.34:738][  0]LogInit: Selected Device Profile: [Windows]
[2022.10.21-23.11.34:738][  0]LogInit: Active device profile: [00000184A5178E00][00000184989E5740 49] Windows
[2022.10.21-23.11.34:738][  0]LogInit: Profiles: [00000184A5178E00][00000184989E5740 49] Windows, [00000184A513A400][00000184A4DEF8C0 49] WindowsNoEditor, [00000184A5179D00][00000184A4DF3A40 49] WindowsServer, [00000184A513B200][00000184A4DF7BC0 49] WindowsClient, [00000184A517AA00][0000018498B541C0 49] IOS, [00000184A513B800][0000018498B58340 49] iPadAir, [00000184A5179500][0000018498B5C4C0 49] iPadAir2, [00000184A50C1200][0000018498B64780 49] IPadPro, [00000184A50C1300][0000018498B607C0 49] iPadAir3, [00000184A5138C00][0000018498B68940 49] iPadAir4, [00000184A50C1F00][00000184A4DEAA80 49] iPadMini2, [00000184A513B000][0000018498B6CBC0 49] iPadMini3, [00000184A50C2900][0000018498B70D00 49] iPadMini4, [00000184A5138F00][0000018498B78E80 49] iPadMini5, [00000184A5120C00][0000018498B81140 49] iPhone6, [00000184A5120D00][0000018498B7D180 49] iPodTouch6, [00000184A517A700][0000018498B89440 49] iPhone7, [00000184A517A900][0000018498B85480 49] iPodTouch7, [00000184A50C1100][0000018498B8D600 49] iPhone5S, [00000184A517AC00][0000018498B91780 49] iPhone6Plus, [00000184A50C3F00][0000018498B95900 49] iPhone6S, [00000184A50C0100][0000018498B99A80 49] iPhone6SPlus, [00000184A5120B00][0000018499787C00 49] iPhone7Plus, [00000184A50C2100][000001849978A200 49] iPhoneSE, [00000184A5122900][00000184997B2380 49] iPhone8, [00000184A50C2200][00000184997B6500 49] iPhone8Plus, [00000184A5123B00][00000184997BE680 49] iPhoneX, [00000184A50C2300][00000184997C2800 49] iPhoneXS, [00000184A5120F00][00000184997C6980 49] iPhoneXSMax, [00000184A517AF00][00000184997CAB00 49] iPhoneXR, [00000184A5121700][0000018498B74C40 49] iPhone11, [00000184A517AE00][00000184997CED80 49] iPhone11Pro, [00000184A5121900][00000184997D2EC0 49] iPhone11ProMax, [00000184A5179200][00000184997DB040 49] iPhoneSE2, [00000184A5123D00][00000184997DF1C0 49] iPhone12Mini, [00000184A5178B00][00000184997E3340 49] iPhone12, [00000184A5121D00][00000184997E74C0 49] iPhone12Pro, [00000184A5179400][00000184997EB640 49] iPhone12ProMax, [00000184A5123700][00000184997EF7C0 49] iPadPro105, [00000184A5179B00][00000184997F3940 49] iPadPro129, [00000184A5120700][00000184997F7AC0 49] iPadPro97, [00000184A5179300][00000184997FA0C0 49] iPadPro2_129, [00000184A5121200][00000184997FE240 49] iPad5, [00000184A517BF00][00000184998023C0 49] iPad6, [00000184A5123A00][0000018499806540 49] iPad7, [00000184A5179900][000001849980A6C0 49] iPad8, [00000184A5121400][000001849980E840 49] iPadPro11, [00000184A517B500][00000184998129C0 49] iPadPro2_11, [00000184A5122300][0000018499816B40 49] iPadPro3_129, [00000184A5178F00][000001849981ACC0 49] iPadPro4_129, [00000184A5121100][00000184997D6E00 49] AppleTV, [00000184A517B600][000001849981EF40 49] AppleTV4K, [00000184A5120600][0000018499823080 49] TVOS, [00000184A517B900][00000184998271C0 49] Mac, [00000184A5123200][00000184A5F41340 49] MacClient, [00000184A517BB00][00000184A5F454C0 49] MacNoEditor, [00000184A5121300][00000184A5F49640 49] MacServer, [00000184A517A400][00000184A5F4D7C0 49] Linux, [00000184A5122000][00000184A5F51940 49] LinuxAArch64, [00000184A517BE00][00000184A5F55AC0 49] LinuxNoEditor, [00000184A5123100][00000184A5F580C0 49] LinuxAArch64NoEditor, [00000184A517B200][00000184A5F5C240 49] LinuxClient, [00000184A5122800][00000184A5F603C0 49] LinuxAArch64Client, [00000184A5178400][00000184A5F64540 49] LinuxServer, [00000184A5120400][00000184A5F686C0 49] LinuxAArch64Server, [00000184A5179100][00000184A5F6C840 49] Android, [00000184A5122700][00000184A5F709C0 49] Android_Low, [00000184A5178800][00000184A5F74B40 49] Android_Mid, [00000184A5120300][00000184A5F80CC0 49] Android_High, [00000184A5179C00][00000184A6016E40 49] Android_Default, [00000184A5123600][000001849982AF80 49] Android_Adreno4xx, [00000184A517A100][00000184A601B0C0 49] Android_Adreno5xx_Low, [00000184A5120900][00000184A601F200 49] Android_Adreno5xx, [00000184A5179F00][00000184A6023340 49] Android_Adreno6xx, [00000184A5121B00][00000184A602B4C0 49] Android_Adreno6xx_Vulkan, [00000184A517AB00][00000184A602F640 49] Android_Mali_T6xx, [00000184A50C1900][00000184A60337C0 49] Android_Mali_T7xx, [00000184A513B100][00000184A6037940 49] Android_Mali_T8xx, [00000184A50C3C00][00000184A603BAC0 49] Android_Mali_G71, [00000184A513BC00][00000184A603E0C0 49] Android_Mali_G72, [00000184A50C3900][00000184A6042240 49] Android_Mali_G72_Vulkan, [00000184A513A200][00000184A60463C0 49] Android_Mali_G76, [00000184A50C1A00][00000184A604A540 49] Android_Mali_G76_Vulkan, [00000184A5138400][00000184A604E6C0 49] Android_Mali_G77, [00000184A50C3500][00000184A6052840 49] Android_Mali_G77_Vulkan, [00000184A513A000][00000184A60569C0 49] Android_Mali_G78, [00000184A50C1000][00000184A605AB40 49] Android_Mali_G78_Vulkan, [00000184A513A300][00000184A605ECC0 49] Android_Mali_G710, [00000184A50C1500][00000184A6062E40 49] Android_Mali_G710_Vulkan, [00000184A513B500][00000184A6066FC0 49] Android_Vulkan_SM5, [00000184A50C1800][00000184A606B140 49] Android_PowerVR_G6xxx, [00000184A513AF00][00000184A6027280 49] Android_PowerVR_GT7xxx, [00000184A50C1B00][00000184A606F3C0 49] Android_PowerVR_GE8xxx, [00000184A513BA00][00000184A6073500 49] Android_PowerVR_GM9xxx, [00000184A50C1E00][00000184A607B680 49] Android_PowerVR_GM9xxx_Vulkan, [00000184A5139600][00000184A607F800 49] Android_TegraK1, [00000184A50C3B00][00000184A6083980 49] Android_Unknown_Vulkan, [00000184A5139100][00000184A6087B00 49] Lumin, [00000184A50C0600][00000184A608A100 49] Lumin_Desktop, [00000184A5122200][00000184A608E280 49] HoloLens, 
[2022.10.21-23.11.34:895][  0]LogMeshReduction: Using QuadricMeshReduction for automatic static mesh reduction
[2022.10.21-23.11.34:895][  0]LogMeshReduction: Using SimplygonMeshReduction for automatic skeletal mesh reduction
[2022.10.21-23.11.34:895][  0]LogMeshReduction: Using ProxyLODMeshReduction for automatic mesh merging
[2022.10.21-23.11.34:895][  0]LogMeshReduction: No distributed automatic mesh merging module available
[2022.10.21-23.11.34:895][  0]LogMeshMerging: No distributed automatic mesh merging module available
[2022.10.21-23.11.34:916][  0]LogNetVersion: ParkourAbilities 1.0.0, NetCL: 17155196, EngineNetVer: 17, GameNetVer: 0 (Checksum: 3718111912)
[2022.10.21-23.11.35:285][  0]LogTexture: Default maximum texture size for cubemaps generated from long-lat sources has been changed from 512 to unlimited. In order to preserve old behaiour for '/Engine/MapTemplates/Sky/DaylightAmbientCubemap.DaylightAmbientCubemap', its maximum texture size has been explicitly set to 512.
[2022.10.21-23.11.35:333][  0]LogHMD: PokeAHoleMaterial loaded successfully
[2022.10.21-23.11.35:339][  0]LogUObjectArray: 17178 objects as part of root set at end of initial load.
[2022.10.21-23.11.35:339][  0]LogUObjectAllocator: 4302048 out of 0 bytes used by permanent object pool.
[2022.10.21-23.11.35:339][  0]LogUObjectArray: CloseDisregardForGC: 0/0 objects in disregard for GC pool
[2022.10.21-23.11.35:565][  0]LogPython: Using Python 3.7.7
[2022.10.21-23.11.36:014][  0]LogNiagaraDebuggerClient: Niagara Debugger Client Initialized | Session: 6D377729443F247E605B34BDBB8CC0AD | Instance: 6CE5A77C4A1DC8E1F20031A7CD694B29 (DESKTOP-9HNT5NH-16204).
[2022.10.21-23.11.36:144][  0]LogTcpMessaging: Initializing TcpMessaging bridge
[2022.10.21-23.11.36:149][  0]LogUdpMessaging: Initializing bridge on interface 0.0.0.0:0 to multicast group 230.0.0.1:6666.
[2022.10.21-23.11.36:398][  0]SourceControl: Source control is disabled
[2022.10.21-23.11.36:398][  0]SourceControl: Source control is disabled
[2022.10.21-23.11.36:401][  0]SourceControl: Source control is disabled
[2022.10.21-23.11.36:403][  0]SourceControl: Source control is disabled
[2022.10.21-23.11.36:413][  0]SourceControl: Source control is disabled
[2022.10.21-23.11.36:455][  0]LogUProjectInfo: Found projects:
[2022.10.21-23.11.36:458][  0]LogVSAccessor: Display: Unable to create Visual Studio setup instance: 80040154
[2022.10.21-23.11.36:458][  0]LogVSAccessor: Display: Unable to create Visual Studio setup instance: 80040154
[2022.10.21-23.11.36:459][  0]LogVSAccessor: Display: Unable to create Visual Studio setup instance: 80040154
[2022.10.21-23.11.36:472][  0]LogOpenImageDenoise: OIDN starting up
[2022.10.21-23.11.36:512][  0]LogAndroidPermission: UAndroidPermissionCallbackProxy::GetInstance
[2022.10.21-23.11.36:531][  0]LogAudioCaptureCore: Display: No Audio Capture implementations found. Audio input will be silent.
[2022.10.21-23.11.36:531][  0]LogAudioCaptureCore: Display: No Audio Capture implementations found. Audio input will be silent.
[2022.10.21-23.11.36:652][  0]LogCollectionManager: Loaded 0 collections in 0.000722 seconds
[2022.10.21-23.11.36:673][  0]LogFileCache: Scanning file cache for directory 'D:/VidyaGame/ParkourAbilities/Saved/Collections/' took 0.00s
[2022.10.21-23.11.36:674][  0]LogFileCache: Scanning file cache for directory 'D:/VidyaGame/ParkourAbilities/Content/Developers/Kramm/Collections/' took 0.00s
[2022.10.21-23.11.36:674][  0]LogFileCache: Scanning file cache for directory 'D:/VidyaGame/ParkourAbilities/Content/Collections/' took 0.00s
[2022.10.21-23.11.36:674][  0]LogOcInput: OculusInput pre-init called
[2022.10.21-23.11.36:870][  0]LogEngine: Initializing Engine...
[2022.10.21-23.11.36:872][  0]LogHMD: Failed to enumerate extensions. Please check that you have a valid OpenXR runtime installed.
[2022.10.21-23.11.36:873][  0]LogHMD: Failed to initialize OpenVR with code 110
[2022.10.21-23.11.36:873][  0]LogMagicLeap: Warning: VR disabled because ZI is not enabled.  To enable, in the editor, Edit -> Project Settings -> Plugins -> Magic Leap Plugin -> Enable Zero Iteration
[2022.10.21-23.11.36:873][  0]LogStats: UGameplayTagsManager::InitializeManager -  0.000 s
[2022.10.21-23.11.36:985][  0]LogInit: Initializing FReadOnlyCVARCache
[2022.10.21-23.11.36:993][  0]LogAIModule: Creating AISystem for world Untitled
[2022.10.21-23.11.36:993][  0]LogAudio: Display: Initializing Audio Device Manager...
[2022.10.21-23.11.36:996][  0]LogAudio: Display: Loading Default Audio Settings Objects...
[2022.10.21-23.11.36:996][  0]LogAudio: Display: No default SoundConcurrencyObject specified (or failed to load).
[2022.10.21-23.11.36:997][  0]LogAudio: Display: Audio Device Manager Initialized
[2022.10.21-23.11.36:997][  0]LogAudio: Display: Creating Audio Device:                 Id: 1, Scope: Shared, Realtime: True
[2022.10.21-23.11.36:997][  0]LogAudioMixer: Display: Audio Mixer Platform Settings:
[2022.10.21-23.11.36:997][  0]LogAudioMixer: Display: 	Sample Rate:						  48000
[2022.10.21-23.11.36:997][  0]LogAudioMixer: Display: 	Callback Buffer Frame Size Requested: 1024
[2022.10.21-23.11.36:997][  0]LogAudioMixer: Display: 	Callback Buffer Frame Size To Use:	  1024
[2022.10.21-23.11.36:997][  0]LogAudioMixer: Display: 	Number of buffers to queue:			  2
[2022.10.21-23.11.36:997][  0]LogAudioMixer: Display: 	Max Channels (voices):				  32
[2022.10.21-23.11.36:997][  0]LogAudioMixer: Display: 	Number of Async Source Workers:		  0
[2022.10.21-23.11.36:997][  0]LogAudio: Display: AudioDevice MaxSources: 32
[2022.10.21-23.11.36:997][  0]LogAudio: Display: Audio Spatialization Plugin: None (built-in).
[2022.10.21-23.11.36:997][  0]LogAudio: Display: Audio Reverb Plugin: None (built-in).
[2022.10.21-23.11.36:997][  0]LogAudio: Display: Audio Occlusion Plugin: None (built-in).
[2022.10.21-23.11.36:997][  0]LogAudioMixer: Display: Initializing audio mixer.
[2022.10.21-23.11.37:006][  0]LogAudioMixer: Display: 0: FrontLeft
[2022.10.21-23.11.37:007][  0]LogAudioMixer: Display: 1: FrontRight
[2022.10.21-23.11.37:019][  0]LogAudioMixer: Display: Using Audio Device Headphones (Arctis 7 Game)
[2022.10.21-23.11.37:019][  0]LogAudioMixer: Display: Initializing Sound Submixes...
[2022.10.21-23.11.37:021][  0]LogAudioMixer: Display: Creating Master Submix 'MasterSubmixDefault'
[2022.10.21-23.11.37:021][  0]LogAudioMixer: Display: Creating Master Submix 'MasterReverbSubmixDefault'
[2022.10.21-23.11.37:022][  0]LogAudioMixer: Display: Creating Master Submix 'MasterEQSubmixDefault'
[2022.10.21-23.11.37:022][  0]LogAudioMixer: FMixerPlatformXAudio2::StartAudioStream() called
[2022.10.21-23.11.37:022][  0]LogAudioMixer: Display: Output buffers initialized: Frames=1024, Channels=2, Samples=2048
[2022.10.21-23.11.37:023][  0]LogAudioMixer: Display: Starting AudioMixerPlatformInterface::RunInternal()
[2022.10.21-23.11.37:023][  0]LogAudioMixer: Display: FMixerPlatformXAudio2::SubmitBuffer() called for the first time
[2022.10.21-23.11.37:023][  0]LogInit: FAudioDevice initialized.
[2022.10.21-23.11.37:023][  0]LogAudio: Display: Audio Device (ID: 1) registered with world 'Untitled'.
[2022.10.21-23.11.37:023][  0]LogNetVersion: Set ProjectVersion to 1.0.0.0. Version Checksum will be recalculated on next use.
[2022.10.21-23.11.37:090][  0]LogDerivedDataCache: Saved boot cache 0.07s 116MB C:/Users/Kramm/AppData/Local/UnrealEngine/4.27/DerivedDataCache/Boot.ddc.
[2022.10.21-23.11.37:093][  0]LogInit: Texture streaming: Enabled
[2022.10.21-23.11.37:103][  0]LogAnalytics: Display: [UEEditor.Rocket.Release] APIServer = https://datarouter.ol.epicgames.com/. AppVersion = 4.27.2-18319896+++UE4+Release-4.27
[2022.10.21-23.11.37:106][  0]LogEngineSessionManager: EngineSessionManager initialized
[2022.10.21-23.11.37:106][  0]LogEditorSessionSummary: Verbose: Initializing EditorSessionSummaryWriter for editor session tracking
[2022.10.21-23.11.37:107][  0]LogEditorSessionSummary: EditorSessionSummaryWriter initialized
[2022.10.21-23.11.37:130][  0]LogInit: Transaction tracking system initialized
[2022.10.21-23.11.37:148][  0]BlueprintLog: New page: Editor Load
[2022.10.21-23.11.37:198][  0]LocalizationService: Localization service is disabled
[2022.10.21-23.11.37:219][  0]TimingProfiler: Initialize
[2022.10.21-23.11.37:219][  0]TimingProfiler: OnSessionChanged
[2022.10.21-23.11.37:219][  0]LoadingProfiler: Initialize
[2022.10.21-23.11.37:220][  0]LoadingProfiler: OnSessionChanged
[2022.10.21-23.11.37:220][  0]NetworkingProfiler: Initialize
[2022.10.21-23.11.37:220][  0]NetworkingProfiler: OnSessionChanged
[2022.10.21-23.11.37:220][  0]MemoryProfiler: Initialize
[2022.10.21-23.11.37:220][  0]MemoryProfiler: OnSessionChanged
[2022.10.21-23.11.37:266][  0]LogVSAccessor: Display: Unable to create Visual Studio setup instance: 80040154
[2022.10.21-23.11.37:267][  0]LogVSAccessor: Display: Unable to create Visual Studio setup instance: 80040154
[2022.10.21-23.11.37:267][  0]LogVSAccessor: Display: Unable to create Visual Studio setup instance: 80040154
[2022.10.21-23.11.37:341][  0]LogCook: Display: CookSettings for Memory: MemoryMaxUsedVirtual 0MiB, MemoryMaxUsedPhysical 16384MiB, MemoryMinFreeVirtual 0MiB, MemoryMinFreePhysical 1024MiB
[2022.10.21-23.11.37:341][  0]LogCook: Display: Mobile HDR setting 1
[2022.10.21-23.11.37:507][  0]LogFileCache: Scanning file cache for directory 'D:/VidyaGame/ParkourAbilities/Content/' took 0.02s
[2022.10.21-23.11.37:656][  0]LogInit: Display: Engine is initialized. Leaving FEngineLoop::Init()
[2022.10.21-23.11.37:658][  0]SourceControl: Source control is disabled
[2022.10.21-23.11.37:658][  0]LogUnrealEdMisc: Loading editor; pre map load, took 6.060
[2022.10.21-23.11.37:658][  0]Cmd: MAP LOAD FILE="../../../../../VidyaGame/ParkourAbilities/Content/FirstPersonBP/Maps/MyMap.umap" TEMPLATE=0 SHOWPROGRESS=1 FEATURELEVEL=3
[2022.10.21-23.11.37:659][  0]LightingResults: New page: Lighting Build
[2022.10.21-23.11.37:660][  0]LogWorld: UWorld::CleanupWorld for Untitled, bSessionEnded=true, bCleanupResources=true
[2022.10.21-23.11.37:660][  0]LogSlate: InvalidateAllWidgets triggered.  All widgets were invalidated
[2022.10.21-23.11.37:660][  0]MapCheck: New page: Map Check
[2022.10.21-23.11.37:660][  0]LightingResults: New page: Lighting Build
[2022.10.21-23.11.37:663][  0]LogAudio: Display: Audio Device unregistered from world 'None'.
[2022.10.21-23.11.37:666][  0]LogUObjectHash: Compacting FUObjectHashTables data took   0.82ms
[2022.10.21-23.11.37:731][  0]LogAudio: Display: Audio Device (ID: 1) registered with world 'MyMap'.
[2022.10.21-23.11.37:732][  0]LogAIModule: Creating AISystem for world MyMap
[2022.10.21-23.11.37:735][  0]LogEditorServer: Finished looking for orphan Actors (0.000 secs)
[2022.10.21-23.11.37:740][  0]LogUObjectHash: Compacting FUObjectHashTables data took   0.67ms
[2022.10.21-23.11.37:740][  0]Cmd: MAP CHECKDEP NOCLEARLOG
[2022.10.21-23.11.37:740][  0]MapCheck: Map check complete: 0 Error(s), 0 Warning(s), took 0.12ms to complete.
[2022.10.21-23.11.37:740][  0]LogFileHelpers: Loading map 'MyMap' took 0.082
[2022.10.21-23.11.37:742][  0]LogUnrealEdMisc: Total Editor Startup Time, took 6.143
[2022.10.21-23.11.37:856][  0]LogSlate: Updating window title bar state: overlay mode, drag disabled, window buttons hidden, title bar hidden
[2022.10.21-23.11.37:861][  0]LogSlate: Updating window title bar state: overlay mode, drag disabled, window buttons hidden, title bar hidden
[2022.10.21-23.11.37:866][  0]LogSlate: Updating window title bar state: overlay mode, drag disabled, window buttons hidden, title bar hidden
[2022.10.21-23.11.37:871][  0]LogSlate: Updating window title bar state: overlay mode, drag disabled, window buttons hidden, title bar hidden
[2022.10.21-23.11.37:884][  0]LogNativeClassHierarchy: Verbose: Native class hierarchy populated in 0.0095 seconds. Added 3822 classes and 928 folders.
[2022.10.21-23.11.37:886][  0]LogNativeClassHierarchy: Verbose: Native class hierarchy updated for 'WidgetCarousel' in 0.0002 seconds. Added 0 classes and 0 folders.
[2022.10.21-23.11.37:887][  0]LogPakFile: PakFile PrimaryIndexSize=187
[2022.10.21-23.11.37:887][  0]LogPakFile: PakFile PathHashIndexSize=101
[2022.10.21-23.11.37:887][  0]LogPakFile: PakFile FullDirectoryIndexSize=148
[2022.10.21-23.11.37:888][  0]LogShaderLibrary: Display: ShaderCodeLibraryPakFileMountedCallback: PakFile 'D:/EpicGames/UE_4.27/FeaturePacks/FP_FirstPerson.upack' (chunk index -1, root 'root:/') mounted
[2022.10.21-23.11.37:888][  0]LogShaderLibrary: Display: ShaderCodeLibraryPakFileMountedCallback: pending pak file info (ChunkID:-1 Root:root:/ File:D:/EpicGames/UE_4.27/FeaturePacks/FP_FirstPerson.upack)
[2022.10.21-23.11.37:888][  0]LogPakFile: OnPakFileMounted2Time == 0.000055
[2022.10.21-23.11.37:888][  0]LogPakFile: PakFile PrimaryIndexSize=189
[2022.10.21-23.11.37:888][  0]LogPakFile: PakFile PathHashIndexSize=101
[2022.10.21-23.11.37:888][  0]LogPakFile: PakFile FullDirectoryIndexSize=152
[2022.10.21-23.11.37:888][  0]LogShaderLibrary: Display: ShaderCodeLibraryPakFileMountedCallback: PakFile 'D:/EpicGames/UE_4.27/FeaturePacks/FP_FirstPersonBP.upack' (chunk index -1, root 'root:/') mounted
[2022.10.21-23.11.37:888][  0]LogShaderLibrary: Display: ShaderCodeLibraryPakFileMountedCallback: pending pak file info (ChunkID:-1 Root:root:/ File:D:/EpicGames/UE_4.27/FeaturePacks/FP_FirstPersonBP.upack)
[2022.10.21-23.11.37:888][  0]LogPakFile: OnPakFileMounted2Time == 0.000032
[2022.10.21-23.11.37:889][  0]LogPakFile: PakFile PrimaryIndexSize=191
[2022.10.21-23.11.37:889][  0]LogPakFile: PakFile PathHashIndexSize=101
[2022.10.21-23.11.37:889][  0]LogPakFile: PakFile FullDirectoryIndexSize=160
[2022.10.21-23.11.37:889][  0]LogShaderLibrary: Display: ShaderCodeLibraryPakFileMountedCallback: PakFile 'D:/EpicGames/UE_4.27/FeaturePacks/MobileStarterContent.upack' (chunk index -1, root 'root:/') mounted
[2022.10.21-23.11.37:889][  0]LogShaderLibrary: Display: ShaderCodeLibraryPakFileMountedCallback: pending pak file info (ChunkID:-1 Root:root:/ File:D:/EpicGames/UE_4.27/FeaturePacks/MobileStarterContent.upack)
[2022.10.21-23.11.37:889][  0]LogPakFile: OnPakFileMounted2Time == 0.000032
[2022.10.21-23.11.37:890][  0]LogPakFile: PakFile PrimaryIndexSize=185
[2022.10.21-23.11.37:890][  0]LogPakFile: PakFile PathHashIndexSize=101
[2022.10.21-23.11.37:890][  0]LogPakFile: PakFile FullDirectoryIndexSize=148
[2022.10.21-23.11.37:890][  0]LogShaderLibrary: Display: ShaderCodeLibraryPakFileMountedCallback: PakFile 'D:/EpicGames/UE_4.27/FeaturePacks/StarterContent.upack' (chunk index -1, root 'root:/') mounted
[2022.10.21-23.11.37:890][  0]LogShaderLibrary: Display: ShaderCodeLibraryPakFileMountedCallback: pending pak file info (ChunkID:-1 Root:root:/ File:D:/EpicGames/UE_4.27/FeaturePacks/StarterContent.upack)
[2022.10.21-23.11.37:890][  0]LogPakFile: OnPakFileMounted2Time == 0.000030
[2022.10.21-23.11.37:890][  0]LogPakFile: PakFile PrimaryIndexSize=190
[2022.10.21-23.11.37:890][  0]LogPakFile: PakFile PathHashIndexSize=101
[2022.10.21-23.11.37:890][  0]LogPakFile: PakFile FullDirectoryIndexSize=154
[2022.10.21-23.11.37:890][  0]LogShaderLibrary: Display: ShaderCodeLibraryPakFileMountedCallback: PakFile 'D:/EpicGames/UE_4.27/FeaturePacks/TP_2DSideScroller.upack' (chunk index -1, root 'root:/') mounted
[2022.10.21-23.11.37:890][  0]LogShaderLibrary: Display: ShaderCodeLibraryPakFileMountedCallback: pending pak file info (ChunkID:-1 Root:root:/ File:D:/EpicGames/UE_4.27/FeaturePacks/TP_2DSideScroller.upack)
[2022.10.21-23.11.37:890][  0]LogPakFile: OnPakFileMounted2Time == 0.000029
[2022.10.21-23.11.37:891][  0]LogPakFile: PakFile PrimaryIndexSize=192
[2022.10.21-23.11.37:891][  0]LogPakFile: PakFile PathHashIndexSize=101
[2022.10.21-23.11.37:891][  0]LogPakFile: PakFile FullDirectoryIndexSize=158
[2022.10.21-23.11.37:891][  0]LogShaderLibrary: Display: ShaderCodeLibraryPakFileMountedCallback: PakFile 'D:/EpicGames/UE_4.27/FeaturePacks/TP_2DSideScrollerBP.upack' (chunk index -1, root 'root:/') mounted
[2022.10.21-23.11.37:891][  0]LogShaderLibrary: Display: ShaderCodeLibraryPakFileMountedCallback: pending pak file info (ChunkID:-1 Root:root:/ File:D:/EpicGames/UE_4.27/FeaturePacks/TP_2DSideScrollerBP.upack)
[2022.10.21-23.11.37:891][  0]LogPakFile: OnPakFileMounted2Time == 0.000031
[2022.10.21-23.11.37:892][  0]LogPakFile: PakFile PrimaryIndexSize=182
[2022.10.21-23.11.37:892][  0]LogPakFile: PakFile PathHashIndexSize=101
[2022.10.21-23.11.37:892][  0]LogPakFile: PakFile FullDirectoryIndexSize=138
[2022.10.21-23.11.37:892][  0]LogShaderLibrary: Display: ShaderCodeLibraryPakFileMountedCallback: PakFile 'D:/EpicGames/UE_4.27/FeaturePacks/TP_Flying.upack' (chunk index -1, root 'root:/') mounted
[2022.10.21-23.11.37:892][  0]LogShaderLibrary: Display: ShaderCodeLibraryPakFileMountedCallback: pending pak file info (ChunkID:-1 Root:root:/ File:D:/EpicGames/UE_4.27/FeaturePacks/TP_Flying.upack)
[2022.10.21-23.11.37:892][  0]LogPakFile: OnPakFileMounted2Time == 0.000029
[2022.10.21-23.11.37:892][  0]LogPakFile: PakFile PrimaryIndexSize=184
[2022.10.21-23.11.37:892][  0]LogPakFile: PakFile PathHashIndexSize=101
[2022.10.21-23.11.37:892][  0]LogPakFile: PakFile FullDirectoryIndexSize=142
[2022.10.21-23.11.37:892][  0]LogShaderLibrary: Display: ShaderCodeLibraryPakFileMountedCallback: PakFile 'D:/EpicGames/UE_4.27/FeaturePacks/TP_FlyingBP.upack' (chunk index -1, root 'root:/') mounted
[2022.10.21-23.11.37:892][  0]LogShaderLibrary: Display: ShaderCodeLibraryPakFileMountedCallback: pending pak file info (ChunkID:-1 Root:root:/ File:D:/EpicGames/UE_4.27/FeaturePacks/TP_FlyingBP.upack)
[2022.10.21-23.11.37:892][  0]LogPakFile: OnPakFileMounted2Time == 0.000028
[2022.10.21-23.11.37:893][  0]LogPakFile: PakFile PrimaryIndexSize=188
[2022.10.21-23.11.37:893][  0]LogPakFile: PakFile PathHashIndexSize=101
[2022.10.21-23.11.37:893][  0]LogPakFile: PakFile FullDirectoryIndexSize=150
[2022.10.21-23.11.37:893][  0]LogShaderLibrary: Display: ShaderCodeLibraryPakFileMountedCallback: PakFile 'D:/EpicGames/UE_4.27/FeaturePacks/TP_HandheldARBP.upack' (chunk index -1, root 'root:/') mounted
[2022.10.21-23.11.37:893][  0]LogShaderLibrary: Display: ShaderCodeLibraryPakFileMountedCallback: pending pak file info (ChunkID:-1 Root:root:/ File:D:/EpicGames/UE_4.27/FeaturePacks/TP_HandheldARBP.upack)
[2022.10.21-23.11.37:893][  0]LogPakFile: OnPakFileMounted2Time == 0.000028
[2022.10.21-23.11.37:894][  0]LogPakFile: PakFile PrimaryIndexSize=182
[2022.10.21-23.11.37:894][  0]LogPakFile: PakFile PathHashIndexSize=101
[2022.10.21-23.11.37:894][  0]LogPakFile: PakFile FullDirectoryIndexSize=138
[2022.10.21-23.11.37:894][  0]LogShaderLibrary: Display: ShaderCodeLibraryPakFileMountedCallback: PakFile 'D:/EpicGames/UE_4.27/FeaturePacks/TP_Puzzle.upack' (chunk index -1, root 'root:/') mounted
[2022.10.21-23.11.37:894][  0]LogShaderLibrary: Display: ShaderCodeLibraryPakFileMountedCallback: pending pak file info (ChunkID:-1 Root:root:/ File:D:/EpicGames/UE_4.27/FeaturePacks/TP_Puzzle.upack)
[2022.10.21-23.11.37:894][  0]LogPakFile: OnPakFileMounted2Time == 0.000031
[2022.10.21-23.11.37:894][  0]LogPakFile: PakFile PrimaryIndexSize=184
[2022.10.21-23.11.37:894][  0]LogPakFile: PakFile PathHashIndexSize=101
[2022.10.21-23.11.37:894][  0]LogPakFile: PakFile FullDirectoryIndexSize=142
[2022.10.21-23.11.37:894][  0]LogShaderLibrary: Display: ShaderCodeLibraryPakFileMountedCallback: PakFile 'D:/EpicGames/UE_4.27/FeaturePacks/TP_PuzzleBP.upack' (chunk index -1, root 'root:/') mounted
[2022.10.21-23.11.37:894][  0]LogShaderLibrary: Display: ShaderCodeLibraryPakFileMountedCallback: pending pak file info (ChunkID:-1 Root:root:/ File:D:/EpicGames/UE_4.27/FeaturePacks/TP_PuzzleBP.upack)
[2022.10.21-23.11.37:895][  0]LogPakFile: OnPakFileMounted2Time == 0.000029
[2022.10.21-23.11.37:895][  0]LogPakFile: PakFile PrimaryIndexSize=183
[2022.10.21-23.11.37:895][  0]LogPakFile: PakFile PathHashIndexSize=101
[2022.10.21-23.11.37:895][  0]LogPakFile: PakFile FullDirectoryIndexSize=140
[2022.10.21-23.11.37:895][  0]LogShaderLibrary: Display: ShaderCodeLibraryPakFileMountedCallback: PakFile 'D:/EpicGames/UE_4.27/FeaturePacks/TP_Rolling.upack' (chunk index -1, root 'root:/') mounted
[2022.10.21-23.11.37:895][  0]LogShaderLibrary: Display: ShaderCodeLibraryPakFileMountedCallback: pending pak file info (ChunkID:-1 Root:root:/ File:D:/EpicGames/UE_4.27/FeaturePacks/TP_Rolling.upack)
[2022.10.21-23.11.37:895][  0]LogPakFile: OnPakFileMounted2Time == 0.000029
[2022.10.21-23.11.37:896][  0]LogPakFile: PakFile PrimaryIndexSize=185
[2022.10.21-23.11.37:896][  0]LogPakFile: PakFile PathHashIndexSize=101
[2022.10.21-23.11.37:896][  0]LogPakFile: PakFile FullDirectoryIndexSize=144
[2022.10.21-23.11.37:896][  0]LogShaderLibrary: Display: ShaderCodeLibraryPakFileMountedCallback: PakFile 'D:/EpicGames/UE_4.27/FeaturePacks/TP_RollingBP.upack' (chunk index -1, root 'root:/') mounted
[2022.10.21-23.11.37:896][  0]LogShaderLibrary: Display: ShaderCodeLibraryPakFileMountedCallback: pending pak file info (ChunkID:-1 Root:root:/ File:D:/EpicGames/UE_4.27/FeaturePacks/TP_RollingBP.upack)
[2022.10.21-23.11.37:896][  0]LogPakFile: OnPakFileMounted2Time == 0.000028
[2022.10.21-23.11.37:896][  0]LogPakFile: PakFile PrimaryIndexSize=188
[2022.10.21-23.11.37:896][  0]LogPakFile: PakFile PathHashIndexSize=101
[2022.10.21-23.11.37:896][  0]LogPakFile: PakFile FullDirectoryIndexSize=150
[2022.10.21-23.11.37:897][  0]LogShaderLibrary: Display: ShaderCodeLibraryPakFileMountedCallback: PakFile 'D:/EpicGames/UE_4.27/FeaturePacks/TP_SideScroller.upack' (chunk index -1, root 'root:/') mounted
[2022.10.21-23.11.37:897][  0]LogShaderLibrary: Display: ShaderCodeLibraryPakFileMountedCallback: pending pak file info (ChunkID:-1 Root:root:/ File:D:/EpicGames/UE_4.27/FeaturePacks/TP_SideScroller.upack)
[2022.10.21-23.11.37:897][  0]LogPakFile: OnPakFileMounted2Time == 0.000028
[2022.10.21-23.11.37:897][  0]LogPakFile: PakFile PrimaryIndexSize=190
[2022.10.21-23.11.37:897][  0]LogPakFile: PakFile PathHashIndexSize=101
[2022.10.21-23.11.37:897][  0]LogPakFile: PakFile FullDirectoryIndexSize=154
[2022.10.21-23.11.37:897][  0]LogShaderLibrary: Display: ShaderCodeLibraryPakFileMountedCallback: PakFile 'D:/EpicGames/UE_4.27/FeaturePacks/TP_SideScrollerBP.upack' (chunk index -1, root 'root:/') mounted
[2022.10.21-23.11.37:897][  0]LogShaderLibrary: Display: ShaderCodeLibraryPakFileMountedCallback: pending pak file info (ChunkID:-1 Root:root:/ File:D:/EpicGames/UE_4.27/FeaturePacks/TP_SideScrollerBP.upack)
[2022.10.21-23.11.37:897][  0]LogPakFile: OnPakFileMounted2Time == 0.000028
[2022.10.21-23.11.37:898][  0]LogPakFile: PakFile PrimaryIndexSize=187
[2022.10.21-23.11.37:898][  0]LogPakFile: PakFile PathHashIndexSize=101
[2022.10.21-23.11.37:898][  0]LogPakFile: PakFile FullDirectoryIndexSize=148
[2022.10.21-23.11.37:898][  0]LogShaderLibrary: Display: ShaderCodeLibraryPakFileMountedCallback: PakFile 'D:/EpicGames/UE_4.27/FeaturePacks/TP_ThirdPerson.upack' (chunk index -1, root 'root:/') mounted
[2022.10.21-23.11.37:898][  0]LogShaderLibrary: Display: ShaderCodeLibraryPakFileMountedCallback: pending pak file info (ChunkID:-1 Root:root:/ File:D:/EpicGames/UE_4.27/FeaturePacks/TP_ThirdPerson.upack)
[2022.10.21-23.11.37:898][  0]LogPakFile: OnPakFileMounted2Time == 0.000028
[2022.10.21-23.11.37:898][  0]LogPakFile: PakFile PrimaryIndexSize=189
[2022.10.21-23.11.37:898][  0]LogPakFile: PakFile PathHashIndexSize=101
[2022.10.21-23.11.37:899][  0]LogPakFile: PakFile FullDirectoryIndexSize=152
[2022.10.21-23.11.37:899][  0]LogShaderLibrary: Display: ShaderCodeLibraryPakFileMountedCallback: PakFile 'D:/EpicGames/UE_4.27/FeaturePacks/TP_ThirdPersonBP.upack' (chunk index -1, root 'root:/') mounted
[2022.10.21-23.11.37:899][  0]LogShaderLibrary: Display: ShaderCodeLibraryPakFileMountedCallback: pending pak file info (ChunkID:-1 Root:root:/ File:D:/EpicGames/UE_4.27/FeaturePacks/TP_ThirdPersonBP.upack)
[2022.10.21-23.11.37:899][  0]LogPakFile: OnPakFileMounted2Time == 0.000029
[2022.10.21-23.11.37:899][  0]LogPakFile: PakFile PrimaryIndexSize=183
[2022.10.21-23.11.37:899][  0]LogPakFile: PakFile PathHashIndexSize=101
[2022.10.21-23.11.37:899][  0]LogPakFile: PakFile FullDirectoryIndexSize=140
[2022.10.21-23.11.37:899][  0]LogShaderLibrary: Display: ShaderCodeLibraryPakFileMountedCallback: PakFile 'D:/EpicGames/UE_4.27/FeaturePacks/TP_TopDown.upack' (chunk index -1, root 'root:/') mounted
[2022.10.21-23.11.37:899][  0]LogShaderLibrary: Display: ShaderCodeLibraryPakFileMountedCallback: pending pak file info (ChunkID:-1 Root:root:/ File:D:/EpicGames/UE_4.27/FeaturePacks/TP_TopDown.upack)
[2022.10.21-23.11.37:899][  0]LogPakFile: OnPakFileMounted2Time == 0.000036
[2022.10.21-23.11.37:900][  0]LogPakFile: PakFile PrimaryIndexSize=185
[2022.10.21-23.11.37:900][  0]LogPakFile: PakFile PathHashIndexSize=101
[2022.10.21-23.11.37:900][  0]LogPakFile: PakFile FullDirectoryIndexSize=144
[2022.10.21-23.11.37:900][  0]LogShaderLibrary: Display: ShaderCodeLibraryPakFileMountedCallback: PakFile 'D:/EpicGames/UE_4.27/FeaturePacks/TP_TopDownBP.upack' (chunk index -1, root 'root:/') mounted
[2022.10.21-23.11.37:900][  0]LogShaderLibrary: Display: ShaderCodeLibraryPakFileMountedCallback: pending pak file info (ChunkID:-1 Root:root:/ File:D:/EpicGames/UE_4.27/FeaturePacks/TP_TopDownBP.upack)
[2022.10.21-23.11.37:900][  0]LogPakFile: OnPakFileMounted2Time == 0.000028
[2022.10.21-23.11.37:901][  0]LogPakFile: PakFile PrimaryIndexSize=185
[2022.10.21-23.11.37:901][  0]LogPakFile: PakFile PathHashIndexSize=101
[2022.10.21-23.11.37:901][  0]LogPakFile: PakFile FullDirectoryIndexSize=144
[2022.10.21-23.11.37:901][  0]LogShaderLibrary: Display: ShaderCodeLibraryPakFileMountedCallback: PakFile 'D:/EpicGames/UE_4.27/FeaturePacks/TP_TwinStick.upack' (chunk index -1, root 'root:/') mounted
[2022.10.21-23.11.37:901][  0]LogShaderLibrary: Display: ShaderCodeLibraryPakFileMountedCallback: pending pak file info (ChunkID:-1 Root:root:/ File:D:/EpicGames/UE_4.27/FeaturePacks/TP_TwinStick.upack)
[2022.10.21-23.11.37:901][  0]LogPakFile: OnPakFileMounted2Time == 0.000030
[2022.10.21-23.11.37:901][  0]LogPakFile: PakFile PrimaryIndexSize=187
[2022.10.21-23.11.37:901][  0]LogPakFile: PakFile PathHashIndexSize=101
[2022.10.21-23.11.37:901][  0]LogPakFile: PakFile FullDirectoryIndexSize=148
[2022.10.21-23.11.37:901][  0]LogShaderLibrary: Display: ShaderCodeLibraryPakFileMountedCallback: PakFile 'D:/EpicGames/UE_4.27/FeaturePacks/TP_TwinStickBP.upack' (chunk index -1, root 'root:/') mounted
[2022.10.21-23.11.37:901][  0]LogShaderLibrary: Display: ShaderCodeLibraryPakFileMountedCallback: pending pak file info (ChunkID:-1 Root:root:/ File:D:/EpicGames/UE_4.27/FeaturePacks/TP_TwinStickBP.upack)
[2022.10.21-23.11.37:901][  0]LogPakFile: OnPakFileMounted2Time == 0.000028
[2022.10.21-23.11.37:902][  0]LogPakFile: PakFile PrimaryIndexSize=183
[2022.10.21-23.11.37:902][  0]LogPakFile: PakFile PathHashIndexSize=101
[2022.10.21-23.11.37:902][  0]LogPakFile: PakFile FullDirectoryIndexSize=140
[2022.10.21-23.11.37:902][  0]LogShaderLibrary: Display: ShaderCodeLibraryPakFileMountedCallback: PakFile 'D:/EpicGames/UE_4.27/FeaturePacks/TP_Vehicle.upack' (chunk index -1, root 'root:/') mounted
[2022.10.21-23.11.37:902][  0]LogShaderLibrary: Display: ShaderCodeLibraryPakFileMountedCallback: pending pak file info (ChunkID:-1 Root:root:/ File:D:/EpicGames/UE_4.27/FeaturePacks/TP_Vehicle.upack)
[2022.10.21-23.11.37:902][  0]LogPakFile: OnPakFileMounted2Time == 0.000031
[2022.10.21-23.11.37:903][  0]LogPakFile: PakFile PrimaryIndexSize=186
[2022.10.21-23.11.37:903][  0]LogPakFile: PakFile PathHashIndexSize=101
[2022.10.21-23.11.37:903][  0]LogPakFile: PakFile FullDirectoryIndexSize=146
[2022.10.21-23.11.37:903][  0]LogShaderLibrary: Display: ShaderCodeLibraryPakFileMountedCallback: PakFile 'D:/EpicGames/UE_4.27/FeaturePacks/TP_VehicleAdv.upack' (chunk index -1, root 'root:/') mounted
[2022.10.21-23.11.37:903][  0]LogShaderLibrary: Display: ShaderCodeLibraryPakFileMountedCallback: pending pak file info (ChunkID:-1 Root:root:/ File:D:/EpicGames/UE_4.27/FeaturePacks/TP_VehicleAdv.upack)
[2022.10.21-23.11.37:903][  0]LogPakFile: OnPakFileMounted2Time == 0.000028
[2022.10.21-23.11.37:903][  0]LogPakFile: PakFile PrimaryIndexSize=188
[2022.10.21-23.11.37:903][  0]LogPakFile: PakFile PathHashIndexSize=101
[2022.10.21-23.11.37:903][  0]LogPakFile: PakFile FullDirectoryIndexSize=150
[2022.10.21-23.11.37:903][  0]LogShaderLibrary: Display: ShaderCodeLibraryPakFileMountedCallback: PakFile 'D:/EpicGames/UE_4.27/FeaturePacks/TP_VehicleAdvBP.upack' (chunk index -1, root 'root:/') mounted
[2022.10.21-23.11.37:903][  0]LogShaderLibrary: Display: ShaderCodeLibraryPakFileMountedCallback: pending pak file info (ChunkID:-1 Root:root:/ File:D:/EpicGames/UE_4.27/FeaturePacks/TP_VehicleAdvBP.upack)
[2022.10.21-23.11.37:903][  0]LogPakFile: OnPakFileMounted2Time == 0.000032
[2022.10.21-23.11.37:904][  0]LogPakFile: PakFile PrimaryIndexSize=185
[2022.10.21-23.11.37:904][  0]LogPakFile: PakFile PathHashIndexSize=101
[2022.10.21-23.11.37:904][  0]LogPakFile: PakFile FullDirectoryIndexSize=144
[2022.10.21-23.11.37:904][  0]LogShaderLibrary: Display: ShaderCodeLibraryPakFileMountedCallback: PakFile 'D:/EpicGames/UE_4.27/FeaturePacks/TP_VehicleBP.upack' (chunk index -1, root 'root:/') mounted
[2022.10.21-23.11.37:904][  0]LogShaderLibrary: Display: ShaderCodeLibraryPakFileMountedCallback: pending pak file info (ChunkID:-1 Root:root:/ File:D:/EpicGames/UE_4.27/FeaturePacks/TP_VehicleBP.upack)
[2022.10.21-23.11.37:904][  0]LogPakFile: OnPakFileMounted2Time == 0.000029
[2022.10.21-23.11.37:905][  0]LogPakFile: PakFile PrimaryIndexSize=192
[2022.10.21-23.11.37:905][  0]LogPakFile: PakFile PathHashIndexSize=101
[2022.10.21-23.11.37:905][  0]LogPakFile: PakFile FullDirectoryIndexSize=158
[2022.10.21-23.11.37:905][  0]LogShaderLibrary: Display: ShaderCodeLibraryPakFileMountedCallback: PakFile 'D:/EpicGames/UE_4.27/FeaturePacks/TP_VirtualRealityBP.upack' (chunk index -1, root 'root:/') mounted
[2022.10.21-23.11.37:905][  0]LogShaderLibrary: Display: ShaderCodeLibraryPakFileMountedCallback: pending pak file info (ChunkID:-1 Root:root:/ File:D:/EpicGames/UE_4.27/FeaturePacks/TP_VirtualRealityBP.upack)
[2022.10.21-23.11.37:905][  0]LogPakFile: OnPakFileMounted2Time == 0.000029
[2022.10.21-23.11.37:957][  0]LogNativeClassHierarchy: Verbose: Native class hierarchy updated for 'AddContentDialog' in 0.0003 seconds. Added 0 classes and 0 folders.
[2022.10.21-23.11.37:958][  0]LogNativeClassHierarchy: Verbose: Native class hierarchy updated for 'SceneOutliner' in 0.0001 seconds. Added 2 classes and 0 folders.
[2022.10.21-23.11.38:033][  0]LogSlate: Took 0.000239 seconds to synchronously load lazily loaded font '../../../Engine/Content/Slate/Fonts/Roboto-Regular.ttf' (155K)
[2022.10.21-23.11.38:034][  0]LogSlate: Took 0.000144 seconds to synchronously load lazily loaded font '../../../Engine/Content/Editor/Slate/Fonts/FontAwesome.ttf' (139K)
[2022.10.21-23.11.38:035][  0]LogSlate: Took 0.000120 seconds to synchronously load lazily loaded font '../../../Engine/Content/Slate/Fonts/Roboto-Bold.ttf' (160K)
[2022.10.21-23.11.38:105][  0]LogRenderer: Reallocating scene render targets to support 1280x628 Format 10 NumSamples 1 (Frame:1).
[2022.10.21-23.11.38:177][  0]LogNativeClassHierarchy: Verbose: Native class hierarchy updated for 'HierarchicalLODOutliner' in 0.0003 seconds. Added 0 classes and 0 folders.
[2022.10.21-23.11.38:177][  0]LogLoad: (Engine Initialization) Total time: 6.58 seconds
[2022.10.21-23.11.38:177][  0]LogLoad: (Engine Initialization) Total Blueprint compile time: 0.00 seconds
[2022.10.21-23.11.38:240][  0]LogAssetRegistry: Asset discovery search completed in 3.7504 seconds
[2022.10.21-23.11.38:245][  0]LogCollectionManager: Fixed up redirectors for 0 collections in 0.000003 seconds (updated 0 objects)
[2022.10.21-23.11.38:247][  0]LogContentStreaming: Texture pool size now 1000 MB
[2022.10.21-23.11.38:527][  1]LogFileCache: Retrieving MD5 hashes for directory 'D:/VidyaGame/ParkourAbilities/Content/' took 0.33s
[2022.10.21-23.11.38:864][  2]LogSlate: Took 0.000130 seconds to synchronously load lazily loaded font '../../../Engine/Content/Slate/Fonts/Roboto-Light.ttf' (167K)
[2022.10.21-23.11.39:197][ 35]LogSlate: Took 0.000216 seconds to synchronously load lazily loaded font '../../../Engine/Content/Slate/Fonts/Roboto-Light.ttf' (167K)
[2022.10.21-23.11.44:820][510]LogAssetEditorSubsystem: Opening Asset editor for Blueprint /Game/FirstPersonBP/Componets/ParkourMovement.ParkourMovement
[2022.10.21-23.11.44:962][510]LogNativeClassHierarchy: Verbose: Native class hierarchy updated for 'BlueprintGraph' in 0.0005 seconds. Added 126 classes and 0 folders.
[2022.10.21-23.11.46:269][510]LogAssetEditorSubsystem: Opening Asset editor for Blueprint /Game/FirstPersonBP/Blueprints/FirstPersonCharacter.FirstPersonCharacter
[2022.10.21-23.11.46:606][510]LogSlate: Took 0.000228 seconds to synchronously load lazily loaded font '../../../Engine/Content/Slate/Fonts/Roboto-BoldCondensed.ttf' (158K)
[2022.10.21-23.11.46:713][511]LogSlate: Took 0.000231 seconds to synchronously load lazily loaded font '../../../Engine/Content/Slate/Fonts/Roboto-Italic.ttf' (157K)
[2022.10.21-23.13.15:379][ 46]AssetReimport: New page: Detailed File System Changes from 7:13:15 PM
[2022.10.21-23.13.15:421][ 46]AssetReimport: 'D:/VidyaGame/ParkourAbilities/Content/BulletDecal_D.png' has been created.
[2022.10.21-23.13.15:421][ 46]AssetReimport: 'D:/VidyaGame/ParkourAbilities/Content/BulletDecal_M.png' has been created.
[2022.10.21-23.13.15:428][ 46]LogSlate: Took 0.000234 seconds to synchronously load lazily loaded font '../../../Engine/Content/Slate/Fonts/DroidSansMono.ttf' (77K)
[2022.10.21-23.13.17:655][314]LogSlate: Window 'Message Log' being destroyed
[2022.10.21-23.13.17:658][314]LogSlate: Window 'Message Log' being destroyed
