Log file open, 10/24/22 00:18:33
LogWindows: Failed to load 'aqProf.dll' (GetLastError=126)
LogWindows: File 'aqProf.dll' does not exist
LogWindows: Failed to load 'VtuneApi.dll' (GetLastError=126)
LogWindows: File 'VtuneApi.dll' does not exist
LogWindows: Failed to load 'VtuneApi32e.dll' (GetLastError=126)
LogWindows: File 'VtuneApi32e.dll' does not exist
LogConsoleResponse: Display: Failed to find resolution value strings in scalability ini. Falling back to default.
LogConsoleResponse: Display: Failed to find resolution value strings in scalability ini. Falling back to default.
LogInit: Display: Running engine for game: ParkourAbilities
LogPlatformFile: Not using cached read wrapper
LogTaskGraph: Started task graph with 5 named threads and 35 total threads with 3 sets of task threads.
LogStats: Stats thread started at 0.208535
LogICUInternationalization: ICU TimeZone Detection - Raw Offset: -5:00, Platform Override: ''
LogInit: Display: Loading text-based GConfig....
LogPluginManager: Mounting plugin MeshPainting
LogPluginManager: Mounting plugin XGEController
LogPluginManager: Mounting plugin Paper2D
LogPluginManager: Mounting plugin LightPropagationVolume
LogPluginManager: Mounting plugin LiveLink
LogPluginManager: Mounting plugin OodleData
LogPluginManager: Mounting plugin OodleNetwork
LogPluginManager: Mounting plugin AnimationSharing
LogPluginManager: Mounting plugin CLionSourceCodeAccess
LogPluginManager: Mounting plugin CodeLiteSourceCodeAccess
LogPluginManager: Mounting plugin KDevelopSourceCodeAccess
LogPluginManager: Mounting plugin GitSourceControl
LogPluginManager: Mounting plugin NullSourceCodeAccess
LogPluginManager: Mounting plugin PixWinPlugin
LogPluginManager: Mounting plugin PerforceSourceControl
LogPluginManager: Mounting plugin PlasticSourceControl
LogPluginManager: Mounting plugin PluginUtils
LogPluginManager: Mounting plugin PropertyAccessNode
LogPluginManager: Mounting plugin RiderSourceCodeAccess
LogPluginManager: Mounting plugin SubversionSourceControl
LogPluginManager: Mounting plugin TextureFormatOodle
LogPluginManager: Mounting plugin VisualStudioCodeSourceCodeAccess
LogPluginManager: Mounting plugin UObjectPlugin
LogPluginManager: Mounting plugin VisualStudioSourceCodeAccess
LogPluginManager: Mounting plugin XCodeSourceCodeAccess
LogPluginManager: Mounting plugin DatasmithContent
LogPluginManager: Mounting plugin AssetManagerEditor
LogPluginManager: Mounting plugin VariantManagerContent
LogPluginManager: Mounting plugin CryptoKeys
LogPluginManager: Mounting plugin CurveEditorTools
LogPluginManager: Mounting plugin DataValidation
LogPluginManager: Mounting plugin FacialAnimation
LogPluginManager: Mounting plugin GameplayTagsEditor
LogPluginManager: Mounting plugin GeometryMode
LogPluginManager: Mounting plugin MacGraphicsSwitching
LogPluginManager: Mounting plugin MaterialAnalyzer
LogPluginManager: Mounting plugin MobileLauncherProfileWizard
LogPluginManager: Mounting plugin PluginBrowser
LogPluginManager: Mounting plugin SpeedTreeImporter
LogPluginManager: Mounting plugin AlembicImporter
LogPluginManager: Mounting plugin AutomationUtils
LogPluginManager: Mounting plugin BackChannel
LogPluginManager: Mounting plugin ChaosCloth
LogPluginManager: Mounting plugin ChaosEditor
LogPluginManager: Mounting plugin ChaosClothEditor
LogPluginManager: Mounting plugin ChaosNiagara
LogPluginManager: Mounting plugin ChaosSolverPlugin
LogPluginManager: Mounting plugin CharacterAI
LogPluginManager: Mounting plugin Niagara
LogPluginManager: Mounting plugin GeometryCache
LogPluginManager: Mounting plugin GeometryCollectionPlugin
LogPluginManager: Mounting plugin GeometryProcessing
LogPluginManager: Mounting plugin MotoSynth
LogPluginManager: Mounting plugin OpenImageDenoise
LogPluginManager: Mounting plugin PlanarCut
LogPluginManager: Mounting plugin PlatformCrypto
LogPluginManager: Mounting plugin PythonScriptPlugin
LogPluginManager: Mounting plugin ProxyLODPlugin
LogPluginManager: Mounting plugin SkeletalReduction
LogPluginManager: Mounting plugin LuminPlatformFeatures
LogPluginManager: Mounting plugin MagicLeap
LogPluginManager: Mounting plugin MagicLeapLightEstimation
LogPluginManager: Mounting plugin MagicLeapMedia
LogPluginManager: Mounting plugin AndroidMedia
LogPluginManager: Mounting plugin MagicLeapPassableWorld
LogPluginManager: Mounting plugin MLSDK
LogPluginManager: Mounting plugin AvfMedia
LogPluginManager: Mounting plugin ImgMedia
LogPluginManager: Mounting plugin MediaCompositing
LogPluginManager: Mounting plugin MediaPlayerEditor
LogPluginManager: Mounting plugin WebMMedia
LogPluginManager: Mounting plugin WmfMedia
LogPluginManager: Mounting plugin TcpMessaging
LogPluginManager: Mounting plugin ActorSequence
LogPluginManager: Mounting plugin UdpMessaging
LogPluginManager: Mounting plugin LevelSequenceEditor
LogPluginManager: Mounting plugin MatineeToLevelSequence
LogPluginManager: Mounting plugin TemplateSequence
LogPluginManager: Mounting plugin OnlineSubsystem
LogPluginManager: Mounting plugin OnlineSubsystemNull
LogPluginManager: Mounting plugin LauncherChunkInstaller
LogPluginManager: Mounting plugin OnlineSubsystemUtils
LogPluginManager: Mounting plugin ActorLayerUtilities
LogPluginManager: Mounting plugin AndroidDeviceProfileSelector
LogPluginManager: Mounting plugin AndroidPermission
LogPluginManager: Mounting plugin AndroidMoviePlayer
LogPluginManager: Mounting plugin AppleImageUtils
LogPluginManager: Mounting plugin AppleMoviePlayer
LogPluginManager: Mounting plugin ArchVisCharacter
LogPluginManager: Mounting plugin AssetTags
LogPluginManager: Mounting plugin AudioCapture
LogPluginManager: Mounting plugin AudioSynesthesia
LogPluginManager: Mounting plugin CableComponent
LogPluginManager: Mounting plugin ChunkDownloader
LogPluginManager: Mounting plugin CustomMeshComponent
LogPluginManager: Mounting plugin EditableMesh
LogPluginManager: Mounting plugin ExampleDeviceProfileSelector
LogPluginManager: Mounting plugin GoogleCloudMessaging
LogPluginManager: Mounting plugin GooglePAD
LogPluginManager: Mounting plugin IOSDeviceProfileSelector
LogPluginManager: Mounting plugin LinuxDeviceProfileSelector
LogPluginManager: Mounting plugin LocationServicesBPLibrary
LogPluginManager: Mounting plugin MobilePatchingUtils
LogPluginManager: Mounting plugin OpenXREyeTracker
LogPluginManager: Mounting plugin OpenXR
LogPluginManager: Mounting plugin OpenXRHandTracking
LogPluginManager: Mounting plugin PhysXVehicles
LogPluginManager: Mounting plugin ScreenshotTools
LogPluginManager: Mounting plugin PostSplashScreen
LogPluginManager: Mounting plugin PropertyAccessEditor
LogPluginManager: Mounting plugin ProceduralMeshComponent
LogPluginManager: Mounting plugin RuntimePhysXCooking
LogPluginManager: Mounting plugin SignificanceManager
LogPluginManager: Mounting plugin SoundFields
LogPluginManager: Mounting plugin Synthesis
LogPluginManager: Mounting plugin WebMMoviePlayer
LogPluginManager: Mounting plugin WindowsMoviePlayer
LogPluginManager: Mounting plugin AISupport
LogPluginManager: Mounting plugin Takes
LogPluginManager: Mounting plugin CameraShakePreviewer
LogPluginManager: Mounting plugin GameplayCameras
LogPluginManager: Mounting plugin EnvironmentQueryEditor
LogPluginManager: Mounting plugin ContentBrowserAssetDataSource
LogPluginManager: Mounting plugin ContentBrowserClassDataSource
LogPluginManager: Mounting plugin ContentBrowserFileDataSource
LogPluginManager: Mounting plugin OnlineSubsystemGooglePlay
LogPluginManager: Mounting plugin OnlineSubsystemIOS
LogPluginManager: Mounting plugin OculusVR
LogPluginManager: Mounting plugin SteamVR
PixWinPlugin: PIX capture plugin failed to initialize! Check that the process is launched from PIX.
LogInit: Using libcurl 7.55.1-DEV
LogInit:  - built for x86_64-pc-win32
LogInit:  - supports SSL with OpenSSL/1.1.1
LogInit:  - supports HTTP deflate (compression) using libz 1.2.8
LogInit:  - other features:
LogInit:      CURL_VERSION_SSL
LogInit:      CURL_VERSION_LIBZ
LogInit:      CURL_VERSION_IPV6
LogInit:      CURL_VERSION_ASYNCHDNS
LogInit:      CURL_VERSION_LARGEFILE
LogInit:      CURL_VERSION_IDN
LogInit:  CurlRequestOptions (configurable via config and command line):
LogInit:  - bVerifyPeer = true  - Libcurl will verify peer certificate
LogInit:  - bUseHttpProxy = false  - Libcurl will NOT use HTTP proxy
LogInit:  - bDontReuseConnections = false  - Libcurl will reuse connections
LogInit:  - MaxHostConnections = 16  - Libcurl will limit the number of connections to a host
LogInit:  - LocalHostAddr = Default
LogInit:  - BufferSize = 65536
LogOnline: OSS: Creating online subsystem instance for: NULL
LogInit: WinSock: version 1.1 (2.2), MaxSocks=32767, MaxUdp=65467
LogOnline: OSS: TryLoadSubsystemAndSetDefault: Loaded subsystem for module [NULL]
LogOculusPluginWrapper: OculusPlugin initialized successfully
LogHMD: Failed initializing OVRPlugin 1.59.0
LogInit: Build: ++UE4+Release-4.27-CL-18319896
LogInit: Engine Version: 4.27.2-18319896+++UE4+Release-4.27
LogInit: Compatible Engine Version: 4.27.0-17155196+++UE4+Release-4.27
LogInit: Net CL: 17155196
LogInit: OS: Windows 10 (Release 2009) (), CPU: AMD Ryzen 5 3600 6-Core Processor              , GPU: NVIDIA GeForce RTX 2060 SUPER
LogInit: Compiled (64-bit): Nov 30 2021 07:12:08
LogInit: Compiled with Visual C++: 19.24.28315.00
LogInit: Build Configuration: Development
LogInit: Branch Name: ++UE4+Release-4.27
LogInit: Command Line:  127.0.0.1:17777 -game -PIEVIACONSOLE -Multiprocess GameUserSettingsINI=D:/MAIN_GAME_DO_NOT_REWRITE/ParkourAbilities/Saved/Config/Windows/PIEGameUserSettings0.ini -MultiprocessSaveConfig -forcepassthrough -messaging -SessionName="Play in Standalone Game" -windowed -WinX=0 -WinY=24 SAVEWINPOS=1 -ResX=640 -ResY=480
LogInit: Base Directory: D:/EpicGames/UE_4.27/Engine/Binaries/Win64/
LogInit: Allocator: TBB
LogInit: Installed Engine Build: 1
LogDevObjectVersion: Number of dev versions registered: 29
LogDevObjectVersion:   Dev-Blueprints (B0D832E4-1F89-4F0D-ACCF-7EB736FD4AA2): 10
LogDevObjectVersion:   Dev-Build (E1C64328-A22C-4D53-A36C-8E866417BD8C): 0
LogDevObjectVersion:   Dev-Core (375EC13C-06E4-48FB-B500-84F0262A717E): 4
LogDevObjectVersion:   Dev-Editor (E4B068ED-F494-42E9-A231-DA0B2E46BB41): 40
LogDevObjectVersion:   Dev-Framework (CFFC743F-43B0-4480-9391-14DF171D2073): 37
LogDevObjectVersion:   Dev-Mobile (B02B49B5-BB20-44E9-A304-32B752E40360): 3
LogDevObjectVersion:   Dev-Networking (A4E4105C-59A1-49B5-A7C5-40C4547EDFEE): 0
LogDevObjectVersion:   Dev-Online (39C831C9-5AE6-47DC-9A44-9C173E1C8E7C): 0
LogDevObjectVersion:   Dev-Physics (78F01B33-EBEA-4F98-B9B4-84EACCB95AA2): 14
LogDevObjectVersion:   Dev-Platform (6631380F-2D4D-43E0-8009-CF276956A95A): 0
LogDevObjectVersion:   Dev-Rendering (12F88B9F-8875-4AFC-A67C-D90C383ABD29): 45
LogDevObjectVersion:   Dev-Sequencer (7B5AE74C-D270-4C10-A958-57980B212A5A): 13
LogDevObjectVersion:   Dev-VR (D7296918-1DD6-4BDD-9DE2-64A83CC13884): 3
LogDevObjectVersion:   Dev-LoadTimes (C2A15278-BFE7-4AFE-6C17-90FF531DF755): 1
LogDevObjectVersion:   Private-Geometry (6EACA3D4-40EC-4CC1-B786-8BED09428FC5): 3
LogDevObjectVersion:   Dev-AnimPhys (29E575DD-E0A3-4627-9D10-D276232CDCEA): 17
LogDevObjectVersion:   Dev-Anim (AF43A65D-7FD3-4947-9873-3E8ED9C1BB05): 15
LogDevObjectVersion:   Dev-ReflectionCapture (6B266CEC-1EC7-4B8F-A30B-E4D90942FC07): 1
LogDevObjectVersion:   Dev-Automation (0DF73D61-A23F-47EA-B727-89E90C41499A): 1
LogDevObjectVersion:   FortniteMain (601D1886-AC64-4F84-AA16-D3DE0DEAC7D6): 47
LogDevObjectVersion:   FortniteRelease (E7086368-6B23-4C58-8439-1B7016265E91): 1
LogDevObjectVersion:   Dev-Enterprise (9DFFBCD6-494F-0158-E221-12823C92A888): 10
LogDevObjectVersion:   Dev-Niagara (F2AED0AC-9AFE-416F-8664-AA7FFA26D6FC): 1
LogDevObjectVersion:   Dev-Destruction (174F1F0B-B4C6-45A5-B13F-2EE8D0FB917D): 10
LogDevObjectVersion:   Dev-Physics-Ext (35F94A83-E258-406C-A318-09F59610247C): 41
LogDevObjectVersion:   Dev-PhysicsMaterial-Chaos (B68FC16E-8B1B-42E2-B453-215C058844FE): 1
LogDevObjectVersion:   Dev-CineCamera (B2E18506-4273-CFC2-A54E-F4BB758BBA07): 1
LogDevObjectVersion:   Dev-VirtualProduction (64F58936-FD1B-42BA-BA96-7289D5D0FA4E): 1
LogDevObjectVersion:   Dev-MediaFramework (6F0ED827-A609-4895-9C91-998D90180EA4): 2
LogInit: Presizing for max 25165824 objects, including 0 objects not considered by GC, pre-allocating 0 bytes for permanent pool.
LogConfig: Applying CVar settings from Section [/Script/Engine.StreamingSettings] File [D:/MAIN_GAME_DO_NOT_REWRITE/ParkourAbilities/Saved/Config/Windows/Engine.ini]
LogConfig: Setting CVar [[s.MinBulkDataSizeForAsyncLoading:131072]]
LogConfig: Setting CVar [[s.AsyncLoadingThreadEnabled:0]]
LogConfig: Setting CVar [[s.EventDrivenLoaderEnabled:1]]
LogConfig: Setting CVar [[s.WarnIfTimeLimitExceeded:0]]
LogConfig: Setting CVar [[s.TimeLimitExceededMultiplier:1.5]]
LogConfig: Setting CVar [[s.TimeLimitExceededMinTime:0.005]]
LogConfig: Setting CVar [[s.UseBackgroundLevelStreaming:1]]
LogConfig: Setting CVar [[s.PriorityAsyncLoadingExtraTime:15.0]]
LogConfig: Setting CVar [[s.LevelStreamingActorsUpdateTimeLimit:5.0]]
LogConfig: Setting CVar [[s.PriorityLevelStreamingActorsUpdateExtraTime:5.0]]
LogConfig: Setting CVar [[s.LevelStreamingComponentsRegistrationGranularity:10]]
LogConfig: Setting CVar [[s.UnregisterComponentsTimeLimit:1.0]]
LogConfig: Setting CVar [[s.LevelStreamingComponentsUnregistrationGranularity:5]]
LogConfig: Setting CVar [[s.FlushStreamingOnExit:1]]
LogInit: Object subsystem initialized
LogConfig: Setting CVar [[con.DebugEarlyDefault:1]]
LogConfig: Setting CVar [[r.setres:1280x720]]
[2022.10.24-04.18.34:219][  0]LogConfig: Setting CVar [[con.DebugEarlyDefault:1]]
[2022.10.24-04.18.34:219][  0]LogConfig: Setting CVar [[r.setres:1280x720]]
[2022.10.24-04.18.34:219][  0]LogConfig: Applying CVar settings from Section [/Script/Engine.RendererSettings] File [D:/MAIN_GAME_DO_NOT_REWRITE/ParkourAbilities/Saved/Config/Windows/Engine.ini]
[2022.10.24-04.18.34:219][  0]LogConfig: Setting CVar [[r.GPUCrashDebugging:0]]
[2022.10.24-04.18.34:219][  0]LogConfig: Setting CVar [[r.DefaultFeature.AutoExposure:0]]
[2022.10.24-04.18.34:219][  0]LogConfig: Setting CVar [[r.DefaultFeature.MotionBlur:0]]
[2022.10.24-04.18.34:219][  0]LogConfig: Applying CVar settings from Section [/Script/Engine.RendererOverrideSettings] File [D:/MAIN_GAME_DO_NOT_REWRITE/ParkourAbilities/Saved/Config/Windows/Engine.ini]
[2022.10.24-04.18.34:219][  0]LogConfig: Applying CVar settings from Section [/Script/Engine.StreamingSettings] File [D:/MAIN_GAME_DO_NOT_REWRITE/ParkourAbilities/Saved/Config/Windows/Engine.ini]
[2022.10.24-04.18.34:219][  0]LogConfig: Setting CVar [[s.MinBulkDataSizeForAsyncLoading:131072]]
[2022.10.24-04.18.34:219][  0]LogConfig: Setting CVar [[s.AsyncLoadingThreadEnabled:0]]
[2022.10.24-04.18.34:219][  0]LogConfig: Setting CVar [[s.EventDrivenLoaderEnabled:1]]
[2022.10.24-04.18.34:219][  0]LogConfig: Setting CVar [[s.WarnIfTimeLimitExceeded:0]]
[2022.10.24-04.18.34:219][  0]LogConfig: Setting CVar [[s.TimeLimitExceededMultiplier:1.5]]
[2022.10.24-04.18.34:219][  0]LogConfig: Setting CVar [[s.TimeLimitExceededMinTime:0.005]]
[2022.10.24-04.18.34:219][  0]LogConfig: Setting CVar [[s.UseBackgroundLevelStreaming:1]]
[2022.10.24-04.18.34:219][  0]LogConfig: Setting CVar [[s.PriorityAsyncLoadingExtraTime:15.0]]
[2022.10.24-04.18.34:219][  0]LogConfig: Setting CVar [[s.LevelStreamingActorsUpdateTimeLimit:5.0]]
[2022.10.24-04.18.34:219][  0]LogConfig: Setting CVar [[s.PriorityLevelStreamingActorsUpdateExtraTime:5.0]]
[2022.10.24-04.18.34:219][  0]LogConfig: Setting CVar [[s.LevelStreamingComponentsRegistrationGranularity:10]]
[2022.10.24-04.18.34:219][  0]LogConfig: Setting CVar [[s.UnregisterComponentsTimeLimit:1.0]]
[2022.10.24-04.18.34:219][  0]LogConfig: Setting CVar [[s.LevelStreamingComponentsUnregistrationGranularity:5]]
[2022.10.24-04.18.34:219][  0]LogConfig: Setting CVar [[s.FlushStreamingOnExit:1]]
[2022.10.24-04.18.34:219][  0]LogConfig: Applying CVar settings from Section [/Script/Engine.GarbageCollectionSettings] File [D:/MAIN_GAME_DO_NOT_REWRITE/ParkourAbilities/Saved/Config/Windows/Engine.ini]
[2022.10.24-04.18.34:219][  0]LogConfig: Setting CVar [[gc.MaxObjectsNotConsideredByGC:1]]
[2022.10.24-04.18.34:219][  0]LogConfig: Setting CVar [[gc.SizeOfPermanentObjectPool:0]]
[2022.10.24-04.18.34:219][  0]LogConfig: Setting CVar [[gc.FlushStreamingOnGC:0]]
[2022.10.24-04.18.34:219][  0]LogConfig: Setting CVar [[gc.NumRetriesBeforeForcingGC:10]]
[2022.10.24-04.18.34:219][  0]LogConfig: Setting CVar [[gc.AllowParallelGC:1]]
[2022.10.24-04.18.34:219][  0]LogConfig: Setting CVar [[gc.TimeBetweenPurgingPendingKillObjects:61.1]]
[2022.10.24-04.18.34:219][  0]LogConfig: Setting CVar [[gc.MaxObjectsInEditor:25165824]]
[2022.10.24-04.18.34:219][  0]LogConfig: Setting CVar [[gc.IncrementalBeginDestroyEnabled:1]]
[2022.10.24-04.18.34:219][  0]LogConfig: Setting CVar [[gc.CreateGCClusters:1]]
[2022.10.24-04.18.34:219][  0]LogConfig: Setting CVar [[gc.MinGCClusterSize:5]]
[2022.10.24-04.18.34:219][  0]LogConfig: Setting CVar [[gc.ActorClusteringEnabled:0]]
[2022.10.24-04.18.34:219][  0]LogConfig: Setting CVar [[gc.BlueprintClusteringEnabled:0]]
[2022.10.24-04.18.34:219][  0]LogConfig: Setting CVar [[gc.UseDisregardForGCOnDedicatedServers:0]]
[2022.10.24-04.18.34:219][  0]LogConfig: Setting CVar [[gc.MultithreadedDestructionEnabled:1]]
[2022.10.24-04.18.34:219][  0]LogConfig: Applying CVar settings from Section [/Script/Engine.NetworkSettings] File [D:/MAIN_GAME_DO_NOT_REWRITE/ParkourAbilities/Saved/Config/Windows/Engine.ini]
[2022.10.24-04.18.34:219][  0]LogConfig: Applying CVar settings from Section [/Script/UnrealEd.CookerSettings] File [D:/MAIN_GAME_DO_NOT_REWRITE/ParkourAbilities/Saved/Config/Windows/Engine.ini]
[2022.10.24-04.18.34:224][  0]LogConfig: Applying CVar settings from Section [ViewDistanceQuality@3] File [D:/MAIN_GAME_DO_NOT_REWRITE/ParkourAbilities/Saved/Config/Windows/Scalability.ini]
[2022.10.24-04.18.34:224][  0]LogConfig: Setting CVar [[r.SkeletalMeshLODBias:0]]
[2022.10.24-04.18.34:224][  0]LogConfig: Setting CVar [[r.ViewDistanceScale:1.0]]
[2022.10.24-04.18.34:224][  0]LogConfig: Applying CVar settings from Section [AntiAliasingQuality@3] File [D:/MAIN_GAME_DO_NOT_REWRITE/ParkourAbilities/Saved/Config/Windows/Scalability.ini]
[2022.10.24-04.18.34:224][  0]LogConfig: Setting CVar [[r.PostProcessAAQuality:4]]
[2022.10.24-04.18.34:224][  0]LogConfig: Applying CVar settings from Section [ShadowQuality@3] File [D:/MAIN_GAME_DO_NOT_REWRITE/ParkourAbilities/Saved/Config/Windows/Scalability.ini]
[2022.10.24-04.18.34:224][  0]LogConfig: Setting CVar [[r.LightFunctionQuality:1]]
[2022.10.24-04.18.34:224][  0]LogConfig: Setting CVar [[r.ShadowQuality:5]]
[2022.10.24-04.18.34:224][  0]LogConfig: Setting CVar [[r.Shadow.CSM.MaxCascades:10]]
[2022.10.24-04.18.34:224][  0]LogConfig: Setting CVar [[r.Shadow.MaxResolution:2048]]
[2022.10.24-04.18.34:224][  0]LogConfig: Setting CVar [[r.Shadow.MaxCSMResolution:2048]]
[2022.10.24-04.18.34:224][  0]LogConfig: Setting CVar [[r.Shadow.RadiusThreshold:0.01]]
[2022.10.24-04.18.34:224][  0]LogConfig: Setting CVar [[r.Shadow.DistanceScale:1.0]]
[2022.10.24-04.18.34:224][  0]LogConfig: Setting CVar [[r.Shadow.CSM.TransitionScale:1.0]]
[2022.10.24-04.18.34:224][  0]LogConfig: Setting CVar [[r.Shadow.PreShadowResolutionFactor:1.0]]
[2022.10.24-04.18.34:224][  0]LogConfig: Setting CVar [[r.DistanceFieldShadowing:1]]
[2022.10.24-04.18.34:224][  0]LogConfig: Setting CVar [[r.DistanceFieldAO:1]]
[2022.10.24-04.18.34:224][  0]LogConfig: Setting CVar [[r.AOQuality:2]]
[2022.10.24-04.18.34:224][  0]LogConfig: Setting CVar [[r.VolumetricFog:1]]
[2022.10.24-04.18.34:224][  0]LogConfig: Setting CVar [[r.VolumetricFog.GridPixelSize:8]]
[2022.10.24-04.18.34:224][  0]LogConfig: Setting CVar [[r.VolumetricFog.GridSizeZ:128]]
[2022.10.24-04.18.34:224][  0]LogConfig: Setting CVar [[r.VolumetricFog.HistoryMissSupersampleCount:4]]
[2022.10.24-04.18.34:224][  0]LogConfig: Setting CVar [[r.LightMaxDrawDistanceScale:1]]
[2022.10.24-04.18.34:224][  0]LogConfig: Setting CVar [[r.CapsuleShadows:1]]
[2022.10.24-04.18.34:224][  0]LogConfig: Applying CVar settings from Section [PostProcessQuality@3] File [D:/MAIN_GAME_DO_NOT_REWRITE/ParkourAbilities/Saved/Config/Windows/Scalability.ini]
[2022.10.24-04.18.34:224][  0]LogConfig: Setting CVar [[r.MotionBlurQuality:4]]
[2022.10.24-04.18.34:224][  0]LogConfig: Setting CVar [[r.AmbientOcclusionMipLevelFactor:0.4]]
[2022.10.24-04.18.34:225][  0]LogConfig: Setting CVar [[r.AmbientOcclusionMaxQuality:100]]
[2022.10.24-04.18.34:225][  0]LogConfig: Setting CVar [[r.AmbientOcclusionLevels:-1]]
[2022.10.24-04.18.34:225][  0]LogConfig: Setting CVar [[r.AmbientOcclusionRadiusScale:1.0]]
[2022.10.24-04.18.34:225][  0]LogConfig: Setting CVar [[r.DepthOfFieldQuality:2]]
[2022.10.24-04.18.34:225][  0]LogConfig: Setting CVar [[r.RenderTargetPoolMin:400]]
[2022.10.24-04.18.34:225][  0]LogConfig: Setting CVar [[r.LensFlareQuality:2]]
[2022.10.24-04.18.34:225][  0]LogConfig: Setting CVar [[r.SceneColorFringeQuality:1]]
[2022.10.24-04.18.34:225][  0]LogConfig: Setting CVar [[r.EyeAdaptationQuality:2]]
[2022.10.24-04.18.34:225][  0]LogConfig: Setting CVar [[r.BloomQuality:5]]
[2022.10.24-04.18.34:225][  0]LogConfig: Setting CVar [[r.FastBlurThreshold:100]]
[2022.10.24-04.18.34:225][  0]LogConfig: Setting CVar [[r.Upscale.Quality:3]]
[2022.10.24-04.18.34:225][  0]LogConfig: Setting CVar [[r.Tonemapper.GrainQuantization:1]]
[2022.10.24-04.18.34:225][  0]LogConfig: Setting CVar [[r.LightShaftQuality:1]]
[2022.10.24-04.18.34:225][  0]LogConfig: Setting CVar [[r.Filter.SizeScale:1]]
[2022.10.24-04.18.34:225][  0]LogConfig: Setting CVar [[r.Tonemapper.Quality:5]]
[2022.10.24-04.18.34:225][  0]LogConfig: Setting CVar [[r.DOF.Gather.AccumulatorQuality:1        ; higher gathering accumulator quality]]
[2022.10.24-04.18.34:225][  0]LogConfig: Setting CVar [[r.DOF.Gather.PostfilterMethod:1          ; Median3x3 postfilering method]]
[2022.10.24-04.18.34:225][  0]LogConfig: Setting CVar [[r.DOF.Gather.EnableBokehSettings:0       ; no bokeh simulation when gathering]]
[2022.10.24-04.18.34:225][  0]LogConfig: Setting CVar [[r.DOF.Gather.RingCount:4                 ; medium number of samples when gathering]]
[2022.10.24-04.18.34:225][  0]LogConfig: Setting CVar [[r.DOF.Scatter.ForegroundCompositing:1    ; additive foreground scattering]]
[2022.10.24-04.18.34:225][  0]LogConfig: Setting CVar [[r.DOF.Scatter.BackgroundCompositing:2    ; additive background scattering]]
[2022.10.24-04.18.34:225][  0]LogConfig: Setting CVar [[r.DOF.Scatter.EnableBokehSettings:1      ; bokeh simulation when scattering]]
[2022.10.24-04.18.34:225][  0]LogConfig: Setting CVar [[r.DOF.Scatter.MaxSpriteRatio:0.1         ; only a maximum of 10% of scattered bokeh]]
[2022.10.24-04.18.34:225][  0]LogConfig: Setting CVar [[r.DOF.Recombine.Quality:1                ; cheap slight out of focus]]
[2022.10.24-04.18.34:225][  0]LogConfig: Setting CVar [[r.DOF.Recombine.EnableBokehSettings:0    ; no bokeh simulation on slight out of focus]]
[2022.10.24-04.18.34:225][  0]LogConfig: Setting CVar [[r.DOF.TemporalAAQuality:1                ; more stable temporal accumulation]]
[2022.10.24-04.18.34:225][  0]LogConfig: Setting CVar [[r.DOF.Kernel.MaxForegroundRadius:0.025]]
[2022.10.24-04.18.34:225][  0]LogConfig: Setting CVar [[r.DOF.Kernel.MaxBackgroundRadius:0.025]]
[2022.10.24-04.18.34:225][  0]LogConfig: Applying CVar settings from Section [TextureQuality@3] File [D:/MAIN_GAME_DO_NOT_REWRITE/ParkourAbilities/Saved/Config/Windows/Scalability.ini]
[2022.10.24-04.18.34:225][  0]LogConfig: Setting CVar [[r.Streaming.MipBias:0]]
[2022.10.24-04.18.34:225][  0]LogConfig: Setting CVar [[r.Streaming.AmortizeCPUToGPUCopy:0]]
[2022.10.24-04.18.34:225][  0]LogConfig: Setting CVar [[r.Streaming.MaxNumTexturesToStreamPerFrame:0]]
[2022.10.24-04.18.34:225][  0]LogConfig: Setting CVar [[r.Streaming.Boost:1]]
[2022.10.24-04.18.34:225][  0]LogConfig: Setting CVar [[r.MaxAnisotropy:8]]
[2022.10.24-04.18.34:225][  0]LogConfig: Setting CVar [[r.VT.MaxAnisotropy:8]]
[2022.10.24-04.18.34:225][  0]LogConfig: Setting CVar [[r.Streaming.LimitPoolSizeToVRAM:0]]
[2022.10.24-04.18.34:225][  0]LogConfig: Setting CVar [[r.Streaming.PoolSize:1000]]
[2022.10.24-04.18.34:225][  0]LogConfig: Setting CVar [[r.Streaming.MaxEffectiveScreenSize:0]]
[2022.10.24-04.18.34:225][  0]LogConfig: Applying CVar settings from Section [EffectsQuality@3] File [D:/MAIN_GAME_DO_NOT_REWRITE/ParkourAbilities/Saved/Config/Windows/Scalability.ini]
[2022.10.24-04.18.34:225][  0]LogConfig: Setting CVar [[r.TranslucencyLightingVolumeDim:64]]
[2022.10.24-04.18.34:225][  0]LogConfig: Setting CVar [[r.RefractionQuality:2]]
[2022.10.24-04.18.34:225][  0]LogConfig: Setting CVar [[r.SSR.Quality:3]]
[2022.10.24-04.18.34:225][  0]LogConfig: Setting CVar [[r.SSR.HalfResSceneColor:0]]
[2022.10.24-04.18.34:225][  0]LogConfig: Setting CVar [[r.SceneColorFormat:4]]
[2022.10.24-04.18.34:225][  0]LogConfig: Setting CVar [[r.DetailMode:2]]
[2022.10.24-04.18.34:225][  0]LogConfig: Setting CVar [[r.TranslucencyVolumeBlur:1]]
[2022.10.24-04.18.34:225][  0]LogConfig: Setting CVar [[r.MaterialQualityLevel:1 ; High quality]]
[2022.10.24-04.18.34:225][  0]LogConfig: Setting CVar [[r.AnisotropicMaterials:1]]
[2022.10.24-04.18.34:225][  0]LogConfig: Setting CVar [[r.SSS.Scale:1]]
[2022.10.24-04.18.34:225][  0]LogConfig: Setting CVar [[r.SSS.SampleSet:2]]
[2022.10.24-04.18.34:225][  0]LogConfig: Setting CVar [[r.SSS.Quality:1]]
[2022.10.24-04.18.34:225][  0]LogConfig: Setting CVar [[r.SSS.HalfRes:0]]
[2022.10.24-04.18.34:225][  0]LogConfig: Setting CVar [[r.SSGI.Quality:3]]
[2022.10.24-04.18.34:225][  0]LogConfig: Setting CVar [[r.EmitterSpawnRateScale:1.0]]
[2022.10.24-04.18.34:225][  0]LogConfig: Setting CVar [[r.ParticleLightQuality:2]]
[2022.10.24-04.18.34:225][  0]LogConfig: Setting CVar [[r.SkyAtmosphere.AerialPerspectiveLUT.FastApplyOnOpaque:1 ; Always have FastSkyLUT 1 in this case to avoid wrong sky]]
[2022.10.24-04.18.34:225][  0]LogConfig: Setting CVar [[r.SkyAtmosphere.AerialPerspectiveLUT.SampleCountMaxPerSlice:4]]
[2022.10.24-04.18.34:225][  0]LogConfig: Setting CVar [[r.SkyAtmosphere.AerialPerspectiveLUT.DepthResolution:16.0]]
[2022.10.24-04.18.34:225][  0]LogConfig: Setting CVar [[r.SkyAtmosphere.FastSkyLUT:1]]
[2022.10.24-04.18.34:225][  0]LogConfig: Setting CVar [[r.SkyAtmosphere.FastSkyLUT.SampleCountMin:4.0]]
[2022.10.24-04.18.34:225][  0]LogConfig: Setting CVar [[r.SkyAtmosphere.FastSkyLUT.SampleCountMax:128.0]]
[2022.10.24-04.18.34:225][  0]LogConfig: Setting CVar [[r.SkyAtmosphere.SampleCountMin:4.0]]
[2022.10.24-04.18.34:225][  0]LogConfig: Setting CVar [[r.SkyAtmosphere.SampleCountMax:128.0]]
[2022.10.24-04.18.34:225][  0]LogConfig: Setting CVar [[r.SkyAtmosphere.TransmittanceLUT.UseSmallFormat:0]]
[2022.10.24-04.18.34:225][  0]LogConfig: Setting CVar [[r.SkyAtmosphere.TransmittanceLUT.SampleCount:10.0]]
[2022.10.24-04.18.34:225][  0]LogConfig: Setting CVar [[r.SkyAtmosphere.MultiScatteringLUT.SampleCount:15.0]]
[2022.10.24-04.18.34:225][  0]LogConfig: Setting CVar [[r.SkyLight.RealTimeReflectionCapture:1]]
[2022.10.24-04.18.34:225][  0]LogConfig: Applying CVar settings from Section [FoliageQuality@3] File [D:/MAIN_GAME_DO_NOT_REWRITE/ParkourAbilities/Saved/Config/Windows/Scalability.ini]
[2022.10.24-04.18.34:225][  0]LogConfig: Setting CVar [[foliage.DensityScale:1.0]]
[2022.10.24-04.18.34:225][  0]LogConfig: Setting CVar [[grass.DensityScale:1.0]]
[2022.10.24-04.18.34:225][  0]LogConfig: Applying CVar settings from Section [ShadingQuality@3] File [D:/MAIN_GAME_DO_NOT_REWRITE/ParkourAbilities/Saved/Config/Windows/Scalability.ini]
[2022.10.24-04.18.34:225][  0]LogConfig: Setting CVar [[r.HairStrands.SkyLighting.IntegrationType:2]]
[2022.10.24-04.18.34:225][  0]LogConfig: Setting CVar [[r.HairStrands.SkyAO.SampleCount:4]]
[2022.10.24-04.18.34:225][  0]LogConfig: Setting CVar [[r.HairStrands.Visibility.MSAA.SamplePerPixel:4]]
[2022.10.24-04.18.34:225][  0]LogInit: Selected Device Profile: [Windows]
[2022.10.24-04.18.34:225][  0]LogInit: Applying CVar settings loaded from the selected device profile: [Windows]
[2022.10.24-04.18.34:225][  0]LogHAL: Display: Platform has ~ 16 GB [17126174720 / 17179869184 / 16], which maps to Larger [LargestMinGB=32, LargerMinGB=12, DefaultMinGB=8, SmallerMinGB=6, SmallestMinGB=0)
[2022.10.24-04.18.34:225][  0]LogInit: Going up to parent DeviceProfile []
[2022.10.24-04.18.34:226][  0]LogConfig: Applying CVar settings from Section [ViewDistanceQuality@3] File [D:/MAIN_GAME_DO_NOT_REWRITE/ParkourAbilities/Saved/Config/Windows/Scalability.ini]
[2022.10.24-04.18.34:226][  0]LogConfig: Setting CVar [[r.SkeletalMeshLODBias:0]]
[2022.10.24-04.18.34:226][  0]LogConfig: Setting CVar [[r.ViewDistanceScale:1.0]]
[2022.10.24-04.18.34:226][  0]LogConfig: Applying CVar settings from Section [AntiAliasingQuality@3] File [D:/MAIN_GAME_DO_NOT_REWRITE/ParkourAbilities/Saved/Config/Windows/Scalability.ini]
[2022.10.24-04.18.34:226][  0]LogConfig: Setting CVar [[r.PostProcessAAQuality:4]]
[2022.10.24-04.18.34:226][  0]LogConfig: Applying CVar settings from Section [ShadowQuality@3] File [D:/MAIN_GAME_DO_NOT_REWRITE/ParkourAbilities/Saved/Config/Windows/Scalability.ini]
[2022.10.24-04.18.34:226][  0]LogConfig: Setting CVar [[r.LightFunctionQuality:1]]
[2022.10.24-04.18.34:226][  0]LogConfig: Setting CVar [[r.ShadowQuality:5]]
[2022.10.24-04.18.34:226][  0]LogConfig: Setting CVar [[r.Shadow.CSM.MaxCascades:10]]
[2022.10.24-04.18.34:226][  0]LogConfig: Setting CVar [[r.Shadow.MaxResolution:2048]]
[2022.10.24-04.18.34:226][  0]LogConfig: Setting CVar [[r.Shadow.MaxCSMResolution:2048]]
[2022.10.24-04.18.34:226][  0]LogConfig: Setting CVar [[r.Shadow.RadiusThreshold:0.01]]
[2022.10.24-04.18.34:226][  0]LogConfig: Setting CVar [[r.Shadow.DistanceScale:1.0]]
[2022.10.24-04.18.34:226][  0]LogConfig: Setting CVar [[r.Shadow.CSM.TransitionScale:1.0]]
[2022.10.24-04.18.34:226][  0]LogConfig: Setting CVar [[r.Shadow.PreShadowResolutionFactor:1.0]]
[2022.10.24-04.18.34:226][  0]LogConfig: Setting CVar [[r.DistanceFieldShadowing:1]]
[2022.10.24-04.18.34:226][  0]LogConfig: Setting CVar [[r.DistanceFieldAO:1]]
[2022.10.24-04.18.34:226][  0]LogConfig: Setting CVar [[r.AOQuality:2]]
[2022.10.24-04.18.34:226][  0]LogConfig: Setting CVar [[r.VolumetricFog:1]]
[2022.10.24-04.18.34:226][  0]LogConfig: Setting CVar [[r.VolumetricFog.GridPixelSize:8]]
[2022.10.24-04.18.34:226][  0]LogConfig: Setting CVar [[r.VolumetricFog.GridSizeZ:128]]
[2022.10.24-04.18.34:226][  0]LogConfig: Setting CVar [[r.VolumetricFog.HistoryMissSupersampleCount:4]]
[2022.10.24-04.18.34:226][  0]LogConfig: Setting CVar [[r.LightMaxDrawDistanceScale:1]]
[2022.10.24-04.18.34:226][  0]LogConfig: Setting CVar [[r.CapsuleShadows:1]]
[2022.10.24-04.18.34:226][  0]LogConfig: Applying CVar settings from Section [PostProcessQuality@3] File [D:/MAIN_GAME_DO_NOT_REWRITE/ParkourAbilities/Saved/Config/Windows/Scalability.ini]
[2022.10.24-04.18.34:226][  0]LogConfig: Setting CVar [[r.MotionBlurQuality:4]]
[2022.10.24-04.18.34:226][  0]LogConfig: Setting CVar [[r.AmbientOcclusionMipLevelFactor:0.4]]
[2022.10.24-04.18.34:226][  0]LogConfig: Setting CVar [[r.AmbientOcclusionMaxQuality:100]]
[2022.10.24-04.18.34:226][  0]LogConfig: Setting CVar [[r.AmbientOcclusionLevels:-1]]
[2022.10.24-04.18.34:226][  0]LogConfig: Setting CVar [[r.AmbientOcclusionRadiusScale:1.0]]
[2022.10.24-04.18.34:226][  0]LogConfig: Setting CVar [[r.DepthOfFieldQuality:2]]
[2022.10.24-04.18.34:226][  0]LogConfig: Setting CVar [[r.RenderTargetPoolMin:400]]
[2022.10.24-04.18.34:226][  0]LogConfig: Setting CVar [[r.LensFlareQuality:2]]
[2022.10.24-04.18.34:226][  0]LogConfig: Setting CVar [[r.SceneColorFringeQuality:1]]
[2022.10.24-04.18.34:226][  0]LogConfig: Setting CVar [[r.EyeAdaptationQuality:2]]
[2022.10.24-04.18.34:226][  0]LogConfig: Setting CVar [[r.BloomQuality:5]]
[2022.10.24-04.18.34:226][  0]LogConfig: Setting CVar [[r.FastBlurThreshold:100]]
[2022.10.24-04.18.34:226][  0]LogConfig: Setting CVar [[r.Upscale.Quality:3]]
[2022.10.24-04.18.34:226][  0]LogConfig: Setting CVar [[r.Tonemapper.GrainQuantization:1]]
[2022.10.24-04.18.34:226][  0]LogConfig: Setting CVar [[r.LightShaftQuality:1]]
[2022.10.24-04.18.34:226][  0]LogConfig: Setting CVar [[r.Filter.SizeScale:1]]
[2022.10.24-04.18.34:226][  0]LogConfig: Setting CVar [[r.Tonemapper.Quality:5]]
[2022.10.24-04.18.34:226][  0]LogConfig: Setting CVar [[r.DOF.Gather.AccumulatorQuality:1        ; higher gathering accumulator quality]]
[2022.10.24-04.18.34:226][  0]LogConfig: Setting CVar [[r.DOF.Gather.PostfilterMethod:1          ; Median3x3 postfilering method]]
[2022.10.24-04.18.34:226][  0]LogConfig: Setting CVar [[r.DOF.Gather.EnableBokehSettings:0       ; no bokeh simulation when gathering]]
[2022.10.24-04.18.34:226][  0]LogConfig: Setting CVar [[r.DOF.Gather.RingCount:4                 ; medium number of samples when gathering]]
[2022.10.24-04.18.34:226][  0]LogConfig: Setting CVar [[r.DOF.Scatter.ForegroundCompositing:1    ; additive foreground scattering]]
[2022.10.24-04.18.34:226][  0]LogConfig: Setting CVar [[r.DOF.Scatter.BackgroundCompositing:2    ; additive background scattering]]
[2022.10.24-04.18.34:226][  0]LogConfig: Setting CVar [[r.DOF.Scatter.EnableBokehSettings:1      ; bokeh simulation when scattering]]
[2022.10.24-04.18.34:226][  0]LogConfig: Setting CVar [[r.DOF.Scatter.MaxSpriteRatio:0.1         ; only a maximum of 10% of scattered bokeh]]
[2022.10.24-04.18.34:226][  0]LogConfig: Setting CVar [[r.DOF.Recombine.Quality:1                ; cheap slight out of focus]]
[2022.10.24-04.18.34:226][  0]LogConfig: Setting CVar [[r.DOF.Recombine.EnableBokehSettings:0    ; no bokeh simulation on slight out of focus]]
[2022.10.24-04.18.34:226][  0]LogConfig: Setting CVar [[r.DOF.TemporalAAQuality:1                ; more stable temporal accumulation]]
[2022.10.24-04.18.34:226][  0]LogConfig: Setting CVar [[r.DOF.Kernel.MaxForegroundRadius:0.025]]
[2022.10.24-04.18.34:226][  0]LogConfig: Setting CVar [[r.DOF.Kernel.MaxBackgroundRadius:0.025]]
[2022.10.24-04.18.34:226][  0]LogConfig: Applying CVar settings from Section [TextureQuality@3] File [D:/MAIN_GAME_DO_NOT_REWRITE/ParkourAbilities/Saved/Config/Windows/Scalability.ini]
[2022.10.24-04.18.34:226][  0]LogConfig: Setting CVar [[r.Streaming.MipBias:0]]
[2022.10.24-04.18.34:226][  0]LogConfig: Setting CVar [[r.Streaming.AmortizeCPUToGPUCopy:0]]
[2022.10.24-04.18.34:226][  0]LogConfig: Setting CVar [[r.Streaming.MaxNumTexturesToStreamPerFrame:0]]
[2022.10.24-04.18.34:226][  0]LogConfig: Setting CVar [[r.Streaming.Boost:1]]
[2022.10.24-04.18.34:226][  0]LogConfig: Setting CVar [[r.MaxAnisotropy:8]]
[2022.10.24-04.18.34:226][  0]LogConfig: Setting CVar [[r.VT.MaxAnisotropy:8]]
[2022.10.24-04.18.34:226][  0]LogConfig: Setting CVar [[r.Streaming.LimitPoolSizeToVRAM:0]]
[2022.10.24-04.18.34:226][  0]LogConfig: Setting CVar [[r.Streaming.PoolSize:1000]]
[2022.10.24-04.18.34:226][  0]LogConfig: Setting CVar [[r.Streaming.MaxEffectiveScreenSize:0]]
[2022.10.24-04.18.34:226][  0]LogConfig: Applying CVar settings from Section [EffectsQuality@3] File [D:/MAIN_GAME_DO_NOT_REWRITE/ParkourAbilities/Saved/Config/Windows/Scalability.ini]
[2022.10.24-04.18.34:226][  0]LogConfig: Setting CVar [[r.TranslucencyLightingVolumeDim:64]]
[2022.10.24-04.18.34:226][  0]LogConfig: Setting CVar [[r.RefractionQuality:2]]
[2022.10.24-04.18.34:226][  0]LogConfig: Setting CVar [[r.SSR.Quality:3]]
[2022.10.24-04.18.34:226][  0]LogConfig: Setting CVar [[r.SSR.HalfResSceneColor:0]]
[2022.10.24-04.18.34:226][  0]LogConfig: Setting CVar [[r.SceneColorFormat:4]]
[2022.10.24-04.18.34:226][  0]LogConfig: Setting CVar [[r.DetailMode:2]]
[2022.10.24-04.18.34:226][  0]LogConfig: Setting CVar [[r.TranslucencyVolumeBlur:1]]
[2022.10.24-04.18.34:226][  0]LogConfig: Setting CVar [[r.MaterialQualityLevel:1 ; High quality]]
[2022.10.24-04.18.34:226][  0]LogConfig: Setting CVar [[r.AnisotropicMaterials:1]]
[2022.10.24-04.18.34:226][  0]LogConfig: Setting CVar [[r.SSS.Scale:1]]
[2022.10.24-04.18.34:226][  0]LogConfig: Setting CVar [[r.SSS.SampleSet:2]]
[2022.10.24-04.18.34:226][  0]LogConfig: Setting CVar [[r.SSS.Quality:1]]
[2022.10.24-04.18.34:226][  0]LogConfig: Setting CVar [[r.SSS.HalfRes:0]]
[2022.10.24-04.18.34:226][  0]LogConfig: Setting CVar [[r.SSGI.Quality:3]]
[2022.10.24-04.18.34:226][  0]LogConfig: Setting CVar [[r.EmitterSpawnRateScale:1.0]]
[2022.10.24-04.18.34:226][  0]LogConfig: Setting CVar [[r.ParticleLightQuality:2]]
[2022.10.24-04.18.34:226][  0]LogConfig: Setting CVar [[r.SkyAtmosphere.AerialPerspectiveLUT.FastApplyOnOpaque:1 ; Always have FastSkyLUT 1 in this case to avoid wrong sky]]
[2022.10.24-04.18.34:226][  0]LogConfig: Setting CVar [[r.SkyAtmosphere.AerialPerspectiveLUT.SampleCountMaxPerSlice:4]]
[2022.10.24-04.18.34:226][  0]LogConfig: Setting CVar [[r.SkyAtmosphere.AerialPerspectiveLUT.DepthResolution:16.0]]
[2022.10.24-04.18.34:226][  0]LogConfig: Setting CVar [[r.SkyAtmosphere.FastSkyLUT:1]]
[2022.10.24-04.18.34:226][  0]LogConfig: Setting CVar [[r.SkyAtmosphere.FastSkyLUT.SampleCountMin:4.0]]
[2022.10.24-04.18.34:226][  0]LogConfig: Setting CVar [[r.SkyAtmosphere.FastSkyLUT.SampleCountMax:128.0]]
[2022.10.24-04.18.34:226][  0]LogConfig: Setting CVar [[r.SkyAtmosphere.SampleCountMin:4.0]]
[2022.10.24-04.18.34:226][  0]LogConfig: Setting CVar [[r.SkyAtmosphere.SampleCountMax:128.0]]
[2022.10.24-04.18.34:226][  0]LogConfig: Setting CVar [[r.SkyAtmosphere.TransmittanceLUT.UseSmallFormat:0]]
[2022.10.24-04.18.34:226][  0]LogConfig: Setting CVar [[r.SkyAtmosphere.TransmittanceLUT.SampleCount:10.0]]
[2022.10.24-04.18.34:226][  0]LogConfig: Setting CVar [[r.SkyAtmosphere.MultiScatteringLUT.SampleCount:15.0]]
[2022.10.24-04.18.34:227][  0]LogConfig: Setting CVar [[r.SkyLight.RealTimeReflectionCapture:1]]
[2022.10.24-04.18.34:227][  0]LogConfig: Applying CVar settings from Section [FoliageQuality@3] File [D:/MAIN_GAME_DO_NOT_REWRITE/ParkourAbilities/Saved/Config/Windows/Scalability.ini]
[2022.10.24-04.18.34:227][  0]LogConfig: Setting CVar [[foliage.DensityScale:1.0]]
[2022.10.24-04.18.34:227][  0]LogConfig: Setting CVar [[grass.DensityScale:1.0]]
[2022.10.24-04.18.34:227][  0]LogConfig: Applying CVar settings from Section [ShadingQuality@3] File [D:/MAIN_GAME_DO_NOT_REWRITE/ParkourAbilities/Saved/Config/Windows/Scalability.ini]
[2022.10.24-04.18.34:227][  0]LogConfig: Setting CVar [[r.HairStrands.SkyLighting.IntegrationType:2]]
[2022.10.24-04.18.34:227][  0]LogConfig: Setting CVar [[r.HairStrands.SkyAO.SampleCount:4]]
[2022.10.24-04.18.34:227][  0]LogConfig: Setting CVar [[r.HairStrands.Visibility.MSAA.SamplePerPixel:4]]
[2022.10.24-04.18.34:227][  0]LogConfig: Applying CVar settings from Section [Startup] File [../../../Engine/Config/ConsoleVariables.ini]
[2022.10.24-04.18.34:227][  0]LogConfig: Setting CVar [[net.UseAdaptiveNetUpdateFrequency:0]]
[2022.10.24-04.18.34:227][  0]LogConfig: Setting CVar [[p.chaos.AllowCreatePhysxBodies:1]]
[2022.10.24-04.18.34:227][  0]LogConfig: Setting CVar [[fx.SkipVectorVMBackendOptimizations:1]]
[2022.10.24-04.18.34:227][  0]LogConfig: Applying CVar settings from Section [ConsoleVariables] File [D:/MAIN_GAME_DO_NOT_REWRITE/ParkourAbilities/Saved/Config/Windows/Engine.ini]
[2022.10.24-04.18.34:227][  0]LogConfig: Applying CVar settings from Section [ConsoleVariables] File [D:/MAIN_GAME_DO_NOT_REWRITE/ParkourAbilities/Saved/Config/Windows/Editor.ini]
[2022.10.24-04.18.34:227][  0]LogInit: Computer: DESKTOP-9HNT5NH
[2022.10.24-04.18.34:227][  0]LogInit: User: Kramm
[2022.10.24-04.18.34:227][  0]LogInit: CPU Page size=4096, Cores=6
[2022.10.24-04.18.34:227][  0]LogInit: High frequency timer resolution =10.000000 MHz
[2022.10.24-04.18.34:227][  0]LogMemory: Memory total: Physical=15.9GB (16GB approx)
[2022.10.24-04.18.34:227][  0]LogMemory: Platform Memory Stats for Windows
[2022.10.24-04.18.34:227][  0]LogMemory: Process Physical Memory: 144.24 MB used, 144.24 MB peak
[2022.10.24-04.18.34:227][  0]LogMemory: Process Virtual Memory: 129.81 MB used, 129.81 MB peak
[2022.10.24-04.18.34:227][  0]LogMemory: Physical Memory: 8265.45 MB used,  8067.34 MB free, 16332.79 MB total
[2022.10.24-04.18.34:227][  0]LogMemory: Virtual Memory: 134204976.00 MB used,  12750.40 MB free, 134217728.00 MB total
[2022.10.24-04.18.34:231][  0]LogWindows: WindowsPlatformFeatures enabled
[2022.10.24-04.18.34:269][  0]LogInit: Physics initialised using underlying interface: PhysX
[2022.10.24-04.18.34:269][  0]LogInit: Using OS detected language (en-US).
[2022.10.24-04.18.34:269][  0]LogInit: Using OS detected locale (en-US).
[2022.10.24-04.18.34:271][  0]LogTextLocalizationManager: No specific localization for 'en-US' exists, so the 'en' localization will be used.
[2022.10.24-04.18.34:455][  0]LogWindowsTextInputMethodSystem: Display: IME system deactivated.
[2022.10.24-04.18.34:476][  0]LogSlate: New Slate User Created.  User Index 0, Is Virtual User: 0
[2022.10.24-04.18.34:476][  0]LogSlate: Slate User Registered.  User Index 0, Is Virtual User: 0
[2022.10.24-04.18.34:487][  0]LogD3D11RHI: Loaded GFSDK_Aftermath_Lib.x64.dll
[2022.10.24-04.18.34:489][  0]LogHMD: Failed to initialize OpenVR with code 110
[2022.10.24-04.18.34:489][  0]LogD3D11RHI: D3D11 min allowed feature level: 11_0
[2022.10.24-04.18.34:489][  0]LogD3D11RHI: D3D11 max allowed feature level: 11_0
[2022.10.24-04.18.34:489][  0]LogD3D11RHI: D3D11 adapters:
[2022.10.24-04.18.34:604][  0]LogD3D11RHI:    0. 'NVIDIA GeForce RTX 2060 SUPER' (Feature Level 11_0)
[2022.10.24-04.18.34:604][  0]LogD3D11RHI:       8031/0/8166 MB DedicatedVideo/DedicatedSystem/SharedSystem, Outputs:1, VendorId:0x10de
[2022.10.24-04.18.34:606][  0]LogD3D11RHI:    1. 'Microsoft Basic Render Driver' (Feature Level 11_0)
[2022.10.24-04.18.34:606][  0]LogD3D11RHI:       0/0/8166 MB DedicatedVideo/DedicatedSystem/SharedSystem, Outputs:0, VendorId:0x1414
[2022.10.24-04.18.34:606][  0]LogD3D11RHI: Chosen D3D11 Adapter:
[2022.10.24-04.18.34:606][  0]LogD3D11RHI:     Description : NVIDIA GeForce RTX 2060 SUPER
[2022.10.24-04.18.34:606][  0]LogD3D11RHI:     VendorId    : 10de
[2022.10.24-04.18.34:606][  0]LogD3D11RHI:     DeviceId    : 1f06
[2022.10.24-04.18.34:606][  0]LogD3D11RHI:     SubSysId    : 30673842
[2022.10.24-04.18.34:606][  0]LogD3D11RHI:     Revision    : 00a1
[2022.10.24-04.18.34:606][  0]LogD3D11RHI:     DedicatedVideoMemory : 8421113856 bytes
[2022.10.24-04.18.34:606][  0]LogD3D11RHI:     DedicatedSystemMemory : 0 bytes
[2022.10.24-04.18.34:606][  0]LogD3D11RHI:     SharedSystemMemory : 8563087360 bytes
[2022.10.24-04.18.34:606][  0]LogD3D11RHI:     AdapterLuid : 0 39466
[2022.10.24-04.18.34:612][  0]LogD3D11RHI: Creating new Direct3DDevice
[2022.10.24-04.18.34:612][  0]LogD3D11RHI:     GPU DeviceId: 0x1f06 (for the marketing name, search the web for "GPU Device Id")
[2022.10.24-04.18.34:612][  0]LogWindows: EnumDisplayDevices:
[2022.10.24-04.18.34:612][  0]LogWindows:    0. 'NVIDIA GeForce RTX 2060 SUPER' (P:1 D:1)
[2022.10.24-04.18.34:613][  0]LogWindows:    1. 'NVIDIA GeForce RTX 2060 SUPER' (P:0 D:0)
[2022.10.24-04.18.34:613][  0]LogWindows:    2. 'NVIDIA GeForce RTX 2060 SUPER' (P:0 D:0)
[2022.10.24-04.18.34:613][  0]LogWindows:    3. 'NVIDIA GeForce RTX 2060 SUPER' (P:0 D:0)
[2022.10.24-04.18.34:613][  0]LogWindows: DebugString: FoundDriverCount:4 
[2022.10.24-04.18.34:613][  0]LogD3D11RHI:     Adapter Name: NVIDIA GeForce RTX 2060 SUPER
[2022.10.24-04.18.34:613][  0]LogD3D11RHI:   Driver Version: 516.94 (internal:31.0.15.1694, unified:516.94)
[2022.10.24-04.18.34:613][  0]LogD3D11RHI:      Driver Date: 7-21-2022
[2022.10.24-04.18.34:613][  0]LogRHI: Texture pool is 5621 MB (70% of 8031 MB)
[2022.10.24-04.18.34:613][  0]LogD3D11RHI: Creating D3DDevice using adapter:
[2022.10.24-04.18.34:613][  0]LogD3D11RHI:     Description : NVIDIA GeForce RTX 2060 SUPER
[2022.10.24-04.18.34:613][  0]LogD3D11RHI:     VendorId    : 10de
[2022.10.24-04.18.34:613][  0]LogD3D11RHI:     DeviceId    : 1f06
[2022.10.24-04.18.34:613][  0]LogD3D11RHI:     SubSysId    : 30673842
[2022.10.24-04.18.34:613][  0]LogD3D11RHI:     Revision    : 00a1
[2022.10.24-04.18.34:613][  0]LogD3D11RHI:     DedicatedVideoMemory : 8421113856 bytes
[2022.10.24-04.18.34:613][  0]LogD3D11RHI:     DedicatedSystemMemory : 0 bytes
[2022.10.24-04.18.34:613][  0]LogD3D11RHI:     SharedSystemMemory : 8563087360 bytes
[2022.10.24-04.18.34:613][  0]LogD3D11RHI:     AdapterLuid : 0 39466
[2022.10.24-04.18.34:670][  0]LogD3D11RHI: RHI has support for 64 bit atomics
[2022.10.24-04.18.34:670][  0]LogD3D11RHI: Async texture creation enabled
[2022.10.24-04.18.34:670][  0]LogD3D11RHI: Array index from any shader is supported
[2022.10.24-04.18.34:696][  0]LogD3D11RHI: GPU Timing Frequency: 1000.000000 (Debug: 2 1)
[2022.10.24-04.18.34:719][  0]LogRHI: GeForceNow SDK initialized: 1
[2022.10.24-04.18.34:995][  0]LogTargetPlatformManager: Display: Loaded TargetPlatform 'WindowsNoEditor'
[2022.10.24-04.18.34:999][  0]LogTargetPlatformManager: Display: Loaded TargetPlatform 'Windows'
[2022.10.24-04.18.35:003][  0]LogTargetPlatformManager: Display: Loaded TargetPlatform 'WindowsClient'
[2022.10.24-04.18.35:008][  0]LogTargetPlatformManager: Display: Loaded TargetPlatform 'WindowsServer'
[2022.10.24-04.18.35:008][  0]LogTargetPlatformManager: Display: Building Assets For Windows
[2022.10.24-04.18.35:015][  0]LogAudioDebug: Display: Lib vorbis DLL was dynamically loaded.
[2022.10.24-04.18.35:040][  0]LogTextureFormatOodle: Display: Oodle Texture 2.9.0 init RDO Off
[2022.10.24-04.18.35:068][  0]LogRendererCore: Ray tracing is disabled. Reason: r.RayTracing=0.
[2022.10.24-04.18.35:068][  0]LogShaderCompilers: Guid format shader working directory is -10 characters bigger than the processId version (../../../../../MAIN_GAME_DO_NOT_REWRITE/ParkourAbilities/Intermediate/Shaders/WorkingDirectory/6940/).
[2022.10.24-04.18.35:068][  0]LogShaderCompilers: Cleaned the shader compiler working directory 'C:/Users/Kramm/AppData/Local/Temp/UnrealShaderWorkingDir/645E6DC04E2BB7EBC788EAA081889011/'.
[2022.10.24-04.18.35:068][  0]LogXGEController: Cannot use XGE Controller as Incredibuild is not installed on this machine.
[2022.10.24-04.18.35:068][  0]LogShaderCompilers: Cannot use XGE Shader Compiler as Incredibuild is not installed on this machine.
[2022.10.24-04.18.35:068][  0]LogShaderCompilers: Display: Using Local Shader Compiler.
[2022.10.24-04.18.35:724][  0]LogDerivedDataCache: Display: Max Cache Size: 512 MB
[2022.10.24-04.18.35:775][  0]LogDerivedDataCache: Loaded boot cache 0.05s 94MB C:/Users/Kramm/AppData/Local/UnrealEngine/4.27/DerivedDataCache/Boot.ddc.
[2022.10.24-04.18.35:775][  0]LogDerivedDataCache: Display: Loaded Boot cache: C:/Users/Kramm/AppData/Local/UnrealEngine/4.27/DerivedDataCache/Boot.ddc
[2022.10.24-04.18.35:775][  0]LogDerivedDataCache: FDerivedDataBackendGraph:  Pak pak cache file ../../../../../MAIN_GAME_DO_NOT_REWRITE/ParkourAbilities/DerivedDataCache/DDC.ddp not found, will not use a pak cache.
[2022.10.24-04.18.35:775][  0]LogDerivedDataCache: Unable to find inner node Pak for hierarchical cache Hierarchy.
[2022.10.24-04.18.35:775][  0]LogDerivedDataCache: FDerivedDataBackendGraph:  CompressedPak pak cache file ../../../../../MAIN_GAME_DO_NOT_REWRITE/ParkourAbilities/DerivedDataCache/Compressed.ddp not found, will not use a pak cache.
[2022.10.24-04.18.35:775][  0]LogDerivedDataCache: Unable to find inner node CompressedPak for hierarchical cache Hierarchy.
[2022.10.24-04.18.35:792][  0]LogDerivedDataCache: Display: Pak cache opened for reading ../../../Engine/DerivedDataCache/Compressed.ddp.
[2022.10.24-04.18.35:792][  0]LogDerivedDataCache: FDerivedDataBackendGraph:  EnterprisePak pak cache file ../../../Enterprise/DerivedDataCache/Compressed.ddp not found, will not use a pak cache.
[2022.10.24-04.18.35:792][  0]LogDerivedDataCache: Unable to find inner node EnterprisePak for hierarchical cache Hierarchy.
[2022.10.24-04.18.35:798][  0]LogDerivedDataCache: Speed tests for C:/Users/Kramm/AppData/Local/UnrealEngine/Common/DerivedDataCache took 0.01 seconds
[2022.10.24-04.18.35:798][  0]LogDerivedDataCache: Display: Performance to C:/Users/Kramm/AppData/Local/UnrealEngine/Common/DerivedDataCache: Latency=0.03ms. RandomReadSpeed=1405.64MBs, RandomWriteSpeed=179.66MBs. Assigned SpeedClass 'Local'
[2022.10.24-04.18.35:799][  0]LogDerivedDataCache: Using Local data cache path C:/Users/Kramm/AppData/Local/UnrealEngine/Common/DerivedDataCache: Writable
[2022.10.24-04.18.35:799][  0]LogDerivedDataCache: Shared data cache path not found in *engine.ini, will not use an Shared cache.
[2022.10.24-04.18.35:799][  0]LogDerivedDataCache: Unable to find inner node Shared for hierarchical cache Hierarchy.
[2022.10.24-04.18.35:834][  0]LogSlate: Using FreeType 2.10.0
[2022.10.24-04.18.35:835][  0]LogSlate: SlateFontServices - WITH_FREETYPE: 1, WITH_HARFBUZZ: 1
[2022.10.24-04.18.35:896][  0]LogInit: Using OS detected language (en-US).
[2022.10.24-04.18.35:896][  0]LogInit: Using OS detected locale (en-US).
[2022.10.24-04.18.35:896][  0]LogTextLocalizationManager: No localization for 'en-US' exists, so 'en' will be used for the language.
[2022.10.24-04.18.35:896][  0]LogTextLocalizationManager: No localization for 'en-US' exists, so 'en' will be used for the locale.
[2022.10.24-04.18.35:896][  0]LogSlate: FontCache flush requested. Reason: Culture for localization was changed
[2022.10.24-04.18.35:896][  0]LogSlate: FontCache flush requested. Reason: Culture for localization was changed
[2022.10.24-04.18.35:899][  0]LogTextLocalizationManager: Compacting localization data took   0.01ms
[2022.10.24-04.18.35:899][  0]LogAssetRegistry: FAssetRegistry took 0.0016 seconds to start up
[2022.10.24-04.18.36:057][  0]LogPackageLocalizationCache: Processed 27 localized package path(s) for 1 prioritized culture(s) in 0.001157 seconds
[2022.10.24-04.18.36:121][  0]LogInit: Selected Device Profile: [Windows]
[2022.10.24-04.18.36:121][  0]LogInit: Active device profile: [000001BA2D71EF00][000001BA255AF700 49] Windows
[2022.10.24-04.18.36:121][  0]LogInit: Profiles: [000001BA2D71EF00][000001BA255AF700 49] Windows, [000001BA2D725300][000001BA25629840 49] WindowsNoEditor, [000001BA2D71D300][000001BA256319C0 49] WindowsServer, [000001BA2D724B00][000001BA25635B40 49] WindowsClient, [000001BA2D71CB00][000001BA25638140 49] IOS, [000001BA2D727A00][000001BA2563C2C0 49] iPadAir, [000001BA2D71FE00][000001BA256F6440 49] iPadAir2, [000001BA2D6DE900][000001BA256FE700 49] IPadPro, [000001BA2D6DEA00][000001BA256FA740 49] iPadAir3, [000001BA2D71C200][000001BA257028C0 49] iPadAir4, [000001BA2D6DF600][000001BA25706A40 49] iPadMini2, [000001BA2D71C100][000001BA2570ABC0 49] iPadMini3, [000001BA2D6DCB00][000001BA2570ED40 49] iPadMini4, [000001BA2D71CF00][000001BA25712EC0 49] iPadMini5, [000001BA2D762200][000001BA2571B180 49] iPhone6, [000001BA2D762300][000001BA257171C0 49] iPodTouch6, [000001BA2D6DE600][000001BA25723480 49] iPhone7, [000001BA2D6DCE00][000001BA2571F4C0 49] iPodTouch7, [000001BA2D762E00][000001BA25727640 49] iPhone5S, [000001BA2D6DC800][000001BA2562D780 49] iPhone6Plus, [000001BA2D760B00][000001BA2572B8C0 49] iPhone6S, [000001BA2D6DF300][000001BA2572FA00 49] iPhone6SPlus, [000001BA2D763300][000001BA25733B40 49] iPhone7Plus, [000001BA2D6DE700][000001BA2573A140 49] iPhoneSE, [000001BA2D763700][000001BA2573E2C0 49] iPhone8, [000001BA2D6DF700][000001BA2538E440 49] iPhone8Plus, [000001BA2D763100][000001BA253925C0 49] iPhoneX, [000001BA2D6DDC00][000001BA25396740 49] iPhoneXS, [000001BA2D762F00][000001BA2539A8C0 49] iPhoneXSMax, [000001BA2D6DDB00][000001BA2539EA40 49] iPhoneXR, [000001BA2D760600][000001BA253A2BC0 49] iPhone11, [000001BA2D6DF500][000001BA253A6D40 49] iPhone11Pro, [000001BA2D762C00][000001BA253AAEC0 49] iPhone11ProMax, [000001BA2D6DCF00][000001BA253AF040 49] iPhoneSE2, [000001BA2D761B00][000001BA253B31C0 49] iPhone12Mini, [000001BA2D6DEE00][000001BA253B7340 49] iPhone12, [000001BA2D760E00][000001BA253BB4C0 49] iPhone12Pro, [000001BA2D6DEB00][000001BA253BF640 49] iPhone12ProMax, [000001BA2D762800][000001BA253C37C0 49] iPadPro105, [000001BA2D6DE000][000001BA25737900 49] iPadPro129, [000001BA2D761400][000001BA253C7A40 49] iPadPro97, [000001BA2D6DDF00][000001BA253CBB80 49] iPadPro2_129, [000001BA2D761D00][000001BA253CE140 49] iPad5, [000001BA2D6DFF00][000001BA253D62C0 49] iPad6, [000001BA2D760C00][000001BA253DA440 49] iPad7, [000001BA2D6DFE00][000001BA253DE5C0 49] iPad8, [000001BA2D760700][000001BA253E2740 49] iPadPro11, [000001BA2D6DD400][000001BA253E68C0 49] iPadPro2_11, [000001BA2D760800][000001BA253EAA40 49] iPadPro3_129, [000001BA2D6DD800][000001BA253EEBC0 49] iPadPro4_129, [000001BA2D725400][000001BA253F2D40 49] AppleTV, [000001BA2D7B8C00][000001BA253F6EC0 49] AppleTV4K, [000001BA2D726C00][000001BA253FB040 49] TVOS, [000001BA2D7B9300][000001BA253FF1C0 49] Mac, [000001BA2D724500][000001BA25403340 49] MacClient, [000001BA2D7B8F00][000001BA254074C0 49] MacNoEditor, [000001BA2D727B00][000001BA2540B640 49] MacServer, [000001BA2D7B9800][000001BA2540F7C0 49] Linux, [000001BA2D725A00][000001BA25413940 49] LinuxAArch64, [000001BA2D7B9D00][000001BA25417AC0 49] LinuxNoEditor, [000001BA2D727800][000001BA253D3C00 49] LinuxAArch64NoEditor, [000001BA2D7B9B00][000001BA2541A1C0 49] LinuxClient, [000001BA2D725100][000001BA2541E300 49] LinuxAArch64Client, [000001BA2D7B9F00][000001BA25426480 49] LinuxServer, [000001BA2D725900][000001BA2542A600 49] LinuxAArch64Server, [000001BA2D7B8200][000001BA2542E780 49] Android, [000001BA2D726300][000001BA25432900 49] Android_Low, [000001BA2D7B9A00][000001BA25436A80 49] Android_Mid, [000001BA2D6DE100][000001BA2543AC00 49] Android_High, [000001BA2D761A00][000001BA24DEED80 49] Android_Default, [000001BA2D6DC100][000001BA24DF2F00 49] Android_Adreno4xx, [000001BA2D760A00][000001BA24DF7080 49] Android_Adreno5xx_Low, [000001BA2D6DC600][000001BA24DFB200 49] Android_Adreno5xx, [000001BA2D763F00][000001BA24DFF380 49] Android_Adreno6xx, [000001BA2D6DD100][000001BA24E03500 49] Android_Adreno6xx_Vulkan, [000001BA2D760900][000001BA24E07680 49] Android_Mali_T6xx, [000001BA2D6DC900][000001BA24E0B800 49] Android_Mali_T7xx, [000001BA2D763000][000001BA24E0F980 49] Android_Mali_T8xx, [000001BA2D6DE800][000001BA24E13B00 49] Android_Mali_G71, [000001BA2D7B8600][000001BA24E16100 49] Android_Mali_G72, [000001BA2D6DF900][000001BA25422240 49] Android_Mali_G72_Vulkan, [000001BA2D7B9E00][000001BA24E1A380 49] Android_Mali_G76, [000001BA2D6DD600][000001BA24E1E4C0 49] Android_Mali_G76_Vulkan, [000001BA2D7B8400][000001BA24E26640 49] Android_Mali_G77, [000001BA2D6DCA00][000001BA24E2A7C0 49] Android_Mali_G77_Vulkan, [000001BA2D7B9400][000001BA24E2E940 49] Android_Mali_G78, [000001BA2D6DD200][000001BA24E32AC0 49] Android_Mali_G78_Vulkan, [000001BA2D7BA600][000001BA24E36C40 49] Android_Mali_G710, [000001BA2D6DEF00][000001BA24E3ADC0 49] Android_Mali_G710_Vulkan, [000001BA2D7BA100][000001BA24E3EF40 49] Android_Vulkan_SM5, [000001BA2D6DE300][000001BA24E430C0 49] Android_PowerVR_G6xxx, [000001BA2D7B9000][000001BA24E47240 49] Android_PowerVR_GT7xxx, [000001BA2D6DD900][000001BA24E4B3C0 49] Android_PowerVR_GE8xxx, [000001BA2D760D00][000001BA24E4F540 49] Android_PowerVR_GM9xxx, [000001BA2D6DFD00][000001BA24E536C0 49] Android_PowerVR_GM9xxx_Vulkan, [000001BA2D761E00][000001BA24E57840 49] Android_TegraK1, [000001BA2D6DE200][000001BA24E5B9C0 49] Android_Unknown_Vulkan, [000001BA2D763200][000001BA24E5FB40 49] Lumin, [000001BA2D6DFB00][000001BA24E62140 49] Lumin_Desktop, [000001BA2D760500][000001BA24E662C0 49] HoloLens, 
[2022.10.24-04.18.36:157][  0]LogMeshReduction: Using QuadricMeshReduction for automatic static mesh reduction
[2022.10.24-04.18.36:157][  0]LogMeshReduction: Using SimplygonMeshReduction for automatic skeletal mesh reduction
[2022.10.24-04.18.36:157][  0]LogMeshReduction: Using ProxyLODMeshReduction for automatic mesh merging
[2022.10.24-04.18.36:157][  0]LogMeshReduction: No distributed automatic mesh merging module available
[2022.10.24-04.18.36:157][  0]LogMeshMerging: No distributed automatic mesh merging module available
[2022.10.24-04.18.36:242][  0]LogNetVersion: ParkourAbilities 1.0.0, NetCL: 17155196, EngineNetVer: 17, GameNetVer: 0 (Checksum: 3718111912)
[2022.10.24-04.18.36:460][  0]LogTexture: Default maximum texture size for cubemaps generated from long-lat sources has been changed from 512 to unlimited. In order to preserve old behaiour for '/Engine/MapTemplates/Sky/DaylightAmbientCubemap.DaylightAmbientCubemap', its maximum texture size has been explicitly set to 512.
[2022.10.24-04.18.36:514][  0]LogHMD: PokeAHoleMaterial loaded successfully
[2022.10.24-04.18.36:602][  0]LogMoviePlayer: Initializing movie player
[2022.10.24-04.18.36:692][  0]LogNiagaraDebuggerClient: Niagara Debugger Client Initialized | Session: 084D4CD1418BDBD266608B9F177F3BBA | Instance: 1D1228DE4B9AD6340499A084DCEA8CF5 (DESKTOP-9HNT5NH-6940).
[2022.10.24-04.18.36:711][  0]LogCollectionManager: Loaded 0 collections in 0.000715 seconds
[2022.10.24-04.18.36:713][  0]LogFileCache: Scanning file cache for directory 'D:/MAIN_GAME_DO_NOT_REWRITE/ParkourAbilities/Saved/Collections/' took 0.00s
[2022.10.24-04.18.36:713][  0]LogFileCache: Scanning file cache for directory 'D:/MAIN_GAME_DO_NOT_REWRITE/ParkourAbilities/Content/Developers/Kramm/Collections/' took 0.00s
[2022.10.24-04.18.36:713][  0]LogFileCache: Scanning file cache for directory 'D:/MAIN_GAME_DO_NOT_REWRITE/ParkourAbilities/Content/Collections/' took 0.00s
[2022.10.24-04.18.36:713][  0]LogCollectionManager: Fixed up redirectors for 0 collections in 0.000002 seconds (updated 0 objects)
[2022.10.24-04.18.36:731][  0]LogPython: Using Python 3.7.7
[2022.10.24-04.18.37:214][  0]LogTcpMessaging: Initializing TcpMessaging bridge
[2022.10.24-04.18.37:220][  0]LogUdpMessaging: Initializing bridge on interface 0.0.0.0:0 to multicast group 230.0.0.1:6666.
[2022.10.24-04.18.37:294][  0]SourceControl: Source control is disabled
[2022.10.24-04.18.37:294][  0]SourceControl: Source control is disabled
[2022.10.24-04.18.37:296][  0]SourceControl: Source control is disabled
[2022.10.24-04.18.37:299][  0]LogUProjectInfo: Found projects:
[2022.10.24-04.18.37:307][  0]LogVSAccessor: Display: Unable to create Visual Studio setup instance: 80040154
[2022.10.24-04.18.37:307][  0]LogVSAccessor: Display: Unable to create Visual Studio setup instance: 80040154
[2022.10.24-04.18.37:308][  0]LogVSAccessor: Display: Unable to create Visual Studio setup instance: 80040154
[2022.10.24-04.18.37:367][  0]LogOpenImageDenoise: OIDN starting up
[2022.10.24-04.18.37:394][  0]LogAndroidPermission: UAndroidPermissionCallbackProxy::GetInstance
[2022.10.24-04.18.37:411][  0]LogAudioCaptureCore: Display: No Audio Capture implementations found. Audio input will be silent.
[2022.10.24-04.18.37:411][  0]LogAudioCaptureCore: Display: No Audio Capture implementations found. Audio input will be silent.
[2022.10.24-04.18.37:469][  0]LogOcInput: OculusInput pre-init called
[2022.10.24-04.18.37:477][  0]LogUObjectArray: 22121 objects as part of root set at end of initial load.
[2022.10.24-04.18.37:477][  0]LogUObjectAllocator: 5975632 out of 0 bytes used by permanent object pool.
[2022.10.24-04.18.37:477][  0]LogUObjectArray: CloseDisregardForGC: 0/0 objects in disregard for GC pool
[2022.10.24-04.18.37:523][  0]LogEngine: Initializing Engine...
[2022.10.24-04.18.37:525][  0]LogHMD: Failed to enumerate extensions. Please check that you have a valid OpenXR runtime installed.
[2022.10.24-04.18.37:525][  0]LogHMD: Failed to initialize OpenVR with code 110
[2022.10.24-04.18.37:525][  0]LogMagicLeap: Warning: VR disabled because ZI is not enabled.  To enable, in the editor, Edit -> Project Settings -> Plugins -> Magic Leap Plugin -> Enable Zero Iteration
[2022.10.24-04.18.37:527][  0]LogStats: UGameplayTagsManager::InitializeManager -  0.000 s
[2022.10.24-04.18.37:621][  0]LogInit: Initializing FReadOnlyCVARCache
[2022.10.24-04.18.37:621][  0]LogAudio: Display: Initializing Audio Device Manager...
[2022.10.24-04.18.37:625][  0]LogAudio: Display: Loading Default Audio Settings Objects...
[2022.10.24-04.18.37:625][  0]LogAudio: Display: No default SoundConcurrencyObject specified (or failed to load).
[2022.10.24-04.18.37:626][  0]LogAudio: Display: Audio Device Manager Initialized
[2022.10.24-04.18.37:626][  0]LogAudio: Display: Creating Audio Device:                 Id: 1, Scope: Shared, Realtime: True
[2022.10.24-04.18.37:626][  0]LogAudioMixer: Display: Audio Mixer Platform Settings:
[2022.10.24-04.18.37:626][  0]LogAudioMixer: Display: 	Sample Rate:						  48000
[2022.10.24-04.18.37:626][  0]LogAudioMixer: Display: 	Callback Buffer Frame Size Requested: 1024
[2022.10.24-04.18.37:626][  0]LogAudioMixer: Display: 	Callback Buffer Frame Size To Use:	  1024
[2022.10.24-04.18.37:626][  0]LogAudioMixer: Display: 	Number of buffers to queue:			  2
[2022.10.24-04.18.37:626][  0]LogAudioMixer: Display: 	Max Channels (voices):				  32
[2022.10.24-04.18.37:626][  0]LogAudioMixer: Display: 	Number of Async Source Workers:		  0
[2022.10.24-04.18.37:626][  0]LogAudio: Display: AudioDevice MaxSources: 32
[2022.10.24-04.18.37:626][  0]LogAudio: Display: Audio Spatialization Plugin: None (built-in).
[2022.10.24-04.18.37:626][  0]LogAudio: Display: Audio Reverb Plugin: None (built-in).
[2022.10.24-04.18.37:626][  0]LogAudio: Display: Audio Occlusion Plugin: None (built-in).
[2022.10.24-04.18.37:626][  0]LogAudioMixer: Display: Initializing audio mixer.
[2022.10.24-04.18.37:636][  0]LogAudioMixer: Display: 0: FrontLeft
[2022.10.24-04.18.37:636][  0]LogAudioMixer: Display: 1: FrontRight
[2022.10.24-04.18.37:649][  0]LogAudioMixer: Display: Using Audio Device Headphones (Arctis 7 Game)
[2022.10.24-04.18.37:655][  0]LogAudioMixer: Display: Initializing Sound Submixes...
[2022.10.24-04.18.37:657][  0]LogAudioMixer: Display: Creating Master Submix 'MasterSubmixDefault'
[2022.10.24-04.18.37:657][  0]LogAudioMixer: Display: Creating Master Submix 'MasterReverbSubmixDefault'
[2022.10.24-04.18.37:659][  0]LogAudioMixer: Display: Creating Master Submix 'MasterEQSubmixDefault'
[2022.10.24-04.18.37:659][  0]LogAudioMixer: FMixerPlatformXAudio2::StartAudioStream() called
[2022.10.24-04.18.37:659][  0]LogAudioMixer: Display: Output buffers initialized: Frames=1024, Channels=2, Samples=2048
[2022.10.24-04.18.37:660][  0]LogAudioMixer: Display: Starting AudioMixerPlatformInterface::RunInternal()
[2022.10.24-04.18.37:660][  0]LogAudioMixer: Display: FMixerPlatformXAudio2::SubmitBuffer() called for the first time
[2022.10.24-04.18.37:660][  0]LogInit: FAudioDevice initialized.
[2022.10.24-04.18.37:661][  0]LogNetVersion: Set ProjectVersion to 1.0.0.0. Version Checksum will be recalculated on next use.
[2022.10.24-04.18.37:666][  0]LogInit: Texture streaming: Enabled
[2022.10.24-04.18.37:721][  0]LogAudio: Display: Audio Device (ID: 1) registered with world 'Untitled'.
[2022.10.24-04.18.37:721][  0]LogSlate: Updating window title bar state: overlay mode, drag disabled, window buttons hidden, title bar hidden
[2022.10.24-04.18.37:722][  0]LogInit: Display: Game Engine Initialized.
[2022.10.24-04.18.37:722][  0]LogNiagaraEditor: GEditor isn't valid! Particle reset commands will not work for Niagara components!
[2022.10.24-04.18.37:822][  0]LogInit: Display: Starting Game.
[2022.10.24-04.18.37:822][  0]LogNet: Browse: 127.0.0.1:17777/Game/FirstPersonBP/Maps/MyMap?Name=Player
[2022.10.24-04.18.37:822][  0]LogInit: WinSock: Socket queue. Rx: 32768 (config 32768) Tx: 32768 (config 32768)
[2022.10.24-04.18.37:822][  0]LogNet: Created socket for bind address: 0.0.0.0 on port 0
[2022.10.24-04.18.37:822][  0]PacketHandlerLog: Loaded PacketHandler component: Engine.EngineHandlerComponentFactory (StatelessConnectHandlerComponent)
[2022.10.24-04.18.37:822][  0]LogNet: Game client on port 17777, rate 100000
[2022.10.24-04.18.37:862][  0]LogInit: Display: Engine is initialized. Leaving FEngineLoop::Init()
[2022.10.24-04.18.37:862][  0]LogLoad: (Engine Initialization) Total time: 4.74 seconds
[2022.10.24-04.18.37:862][  0]LogLoad: (Engine Initialization) Total Blueprint compile time: 0.00 seconds
[2022.10.24-04.18.37:864][  0]LogContentStreaming: Texture pool size now 1000 MB
[2022.10.24-04.18.37:867][  0]LogSlate: InvalidateAllWidgets triggered.  All widgets were invalidated
[2022.10.24-04.18.38:833][528]LogHandshake: SendChallengeResponse. Timestamp: 0.470213, Cookie: 202169085036226086058041024247188142247138087123073177209112
[2022.10.24-04.18.39:832][292]LogHandshake: SendChallengeResponse. Timestamp: 0.470213, Cookie: 202169085036226086058041024247188142247138087123073177209112
[2022.10.24-04.18.40:828][457]LogSlate: Window 'ParkourAbilities (64-bit Development PCD3D_SM5) ' being destroyed
[2022.10.24-04.18.40:828][457]LogWindowsTextInputMethodSystem: Display: IME system deactivated.
[2022.10.24-04.18.40:830][458]LogSlate: Updating window title bar state: overlay mode, drag disabled, window buttons hidden, title bar hidden
[2022.10.24-04.18.40:830][458]LogEngine: All Windows Closed
[2022.10.24-04.18.40:830][458]LogWindows: FPlatformMisc::RequestExit(0)
[2022.10.24-04.18.40:830][458]LogWindows: FPlatformMisc::RequestExitWithStatus(0, 0)
[2022.10.24-04.18.40:830][458]LogCore: Engine exit requested (reason: Win RequestExit)
[2022.10.24-04.18.40:830][459]LogCore: Engine exit requested (reason: EngineExit() was called; note: exit was already requested)
[2022.10.24-04.18.40:831][459]LogInit: Display: PreExit Game.
[2022.10.24-04.18.40:841][459]LogNet: UNetConnection::Close: [UNetConnection] RemoteAddr: 127.0.0.1:17777, Name: IpConnection_0, Driver: PendingNetDriver IpNetDriver_0, IsServer: NO, PC: NULL, Owner: NULL, UniqueId: INVALID, Channels: 2, Time: 2022.10.24-04.18.40
[2022.10.24-04.18.40:841][459]LogNet: UChannel::Close: Sending CloseBunch. ChIndex == 0. Name: [UChannel] ChIndex: 0, Closing: 0 [UNetConnection] RemoteAddr: 127.0.0.1:17777, Name: IpConnection_0, Driver: PendingNetDriver IpNetDriver_0, IsServer: NO, PC: NULL, Owner: NULL, UniqueId: INVALID
[2022.10.24-04.18.40:841][459]LogNet: DestroyNamedNetDriver IpNetDriver_0 [PendingNetDriver]
[2022.10.24-04.18.40:841][459]LogExit: PendingNetDriver IpNetDriver_0 shut down
[2022.10.24-04.18.40:841][459]LogWorld: BeginTearingDown for /Temp/Untitled_0
[2022.10.24-04.18.40:841][459]LogWorld: UWorld::CleanupWorld for Untitled, bSessionEnded=true, bCleanupResources=true
[2022.10.24-04.18.40:841][459]LogSlate: InvalidateAllWidgets triggered.  All widgets were invalidated
[2022.10.24-04.18.41:530][459]LogAudio: Display: Beginning Audio Device Manager Shutdown (Module: AudioMixerXAudio2)...
[2022.10.24-04.18.41:530][459]LogAudio: Display: Destroying 1 Remaining Audio Device(s)...
[2022.10.24-04.18.41:530][459]LogAudio: Display: Audio Device unregistered from world 'Untitled'.
[2022.10.24-04.18.41:530][459]LogAudioMixer: FMixerPlatformXAudio2::StopAudioStream() called
[2022.10.24-04.18.41:531][459]LogAudioMixer: FMixerPlatformXAudio2::StopAudioStream() called
[2022.10.24-04.18.41:533][459]LogAudio: Display: Audio Device Manager Shutdown
[2022.10.24-04.18.41:535][459]LogExit: Preparing to exit.
[2022.10.24-04.18.42:233][459]LogSlate: Updating window title bar state: overlay mode, drag disabled, window buttons hidden, title bar hidden
[2022.10.24-04.18.42:233][459]LogNet: UChannel::CleanUp: ChIndex == 0. Closing connection. [UChannel] ChIndex: 0, Closing: 0 [UNetConnection] RemoteAddr: 127.0.0.1:17777, Name: None, Driver: PendingNetDriver None, IsServer: NO, PC: NULL, Owner: NULL, UniqueId: INVALID
[2022.10.24-04.18.42:235][459]LogUObjectHash: Compacting FUObjectHashTables data took   0.78ms
[2022.10.24-04.18.42:255][459]LogMoviePlayer: Shutting down movie player
[2022.10.24-04.18.42:430][459]LogDemo: Cleaned up 0 splitscreen connections with owner deletion
[2022.10.24-04.18.42:435][459]LogExit: Game engine shut down
[2022.10.24-04.18.42:474][459]LogExit: Object subsystem successfully closed.
[2022.10.24-04.18.42:482][459]LogShaderCompilers: Display: === FShaderJobCache stats ===
[2022.10.24-04.18.42:482][459]LogShaderCompilers: Display: Total job queries 0, among them cache hits 0 (0.00%)
[2022.10.24-04.18.42:482][459]LogShaderCompilers: Display: Tracking 0 distinct input hashes that result in 0 distinct outputs (0.00%)
[2022.10.24-04.18.42:482][459]LogShaderCompilers: Display: RAM used: 0.00 MB (0.00 GB) of 819.20 MB (0.80 GB) budget. Usage: 0.00%
[2022.10.24-04.18.42:482][459]LogShaderCompilers: Display: ================================================
[2022.10.24-04.18.42:485][459]LogShaderCompilers: Display: Shaders left to compile 0
[2022.10.24-04.18.42:491][459]LogModuleManager: Shutting down and abandoning module SequenceRecorderSections (548)
[2022.10.24-04.18.42:491][459]LogModuleManager: Shutting down and abandoning module SequenceRecorder (546)
[2022.10.24-04.18.42:492][459]LogModuleManager: Shutting down and abandoning module AutomationController (544)
[2022.10.24-04.18.42:492][459]LogModuleManager: Shutting down and abandoning module AutomationWorker (542)
[2022.10.24-04.18.42:492][459]LogModuleManager: Shutting down and abandoning module SteamVREditor (540)
[2022.10.24-04.18.42:492][459]LogModuleManager: Shutting down and abandoning module ToolMenus (539)
[2022.10.24-04.18.42:492][459]LogModuleManager: Shutting down and abandoning module OculusMR (536)
[2022.10.24-04.18.42:492][459]LogModuleManager: Shutting down and abandoning module TakeRecorderSources (534)
[2022.10.24-04.18.42:492][459]LogModuleManager: Shutting down and abandoning module TakeRecorder (533)
[2022.10.24-04.18.42:492][459]LogModuleManager: Shutting down and abandoning module TakeTrackRecorders (530)
[2022.10.24-04.18.42:492][459]LogModuleManager: Shutting down and abandoning module TakesCore (528)
[2022.10.24-04.18.42:492][459]LogModuleManager: Shutting down and abandoning module OpenXRInput (526)
[2022.10.24-04.18.42:492][459]LogModuleManager: Shutting down and abandoning module WmfMediaFactory (524)
[2022.10.24-04.18.42:492][459]LogModuleManager: Shutting down and abandoning module WebMMediaFactory (522)
[2022.10.24-04.18.42:492][459]LogModuleManager: Shutting down and abandoning module WebMMedia (520)
[2022.10.24-04.18.42:492][459]LogModuleManager: Shutting down and abandoning module OpenExrWrapper (518)
[2022.10.24-04.18.42:492][459]LogModuleManager: Shutting down and abandoning module ImgMediaFactory (516)
[2022.10.24-04.18.42:492][459]LogModuleManager: Shutting down and abandoning module AvfMediaFactory (514)
[2022.10.24-04.18.42:492][459]LogModuleManager: Shutting down and abandoning module MagicLeapMediaCodecFactory (512)
[2022.10.24-04.18.42:492][459]LogModuleManager: Shutting down and abandoning module MagicLeapMediaFactory (510)
[2022.10.24-04.18.42:492][459]LogModuleManager: Shutting down and abandoning module PlanarCut (508)
[2022.10.24-04.18.42:492][459]LogModuleManager: Shutting down and abandoning module CharacterAI (506)
[2022.10.24-04.18.42:492][459]LogModuleManager: Shutting down and abandoning module SessionServices (504)
[2022.10.24-04.18.42:492][459]LogModuleManager: Shutting down and abandoning module MovieSceneCapture (502)
[2022.10.24-04.18.42:492][459]LogModuleManager: Shutting down and abandoning module LiveCoding (500)
[2022.10.24-04.18.42:492][459]LogModuleManager: Shutting down and abandoning module LevelSequence (498)
[2022.10.24-04.18.42:492][459]LogModuleManager: Shutting down and abandoning module MovieSceneTracks (496)
[2022.10.24-04.18.42:492][459]LogModuleManager: Shutting down and abandoning module MovieScene (494)
[2022.10.24-04.18.42:492][459]LogModuleManager: Shutting down and abandoning module StreamingPauseRendering (492)
[2022.10.24-04.18.42:492][459]LogModuleManager: Shutting down and abandoning module PortalServices (490)
[2022.10.24-04.18.42:492][459]LogModuleManager: Shutting down and abandoning module PortalRpc (488)
[2022.10.24-04.18.42:492][459]LogModuleManager: Shutting down and abandoning module MessagingRpc (486)
[2022.10.24-04.18.42:492][459]LogModuleManager: Shutting down and abandoning module AudioMixerXAudio2 (484)
[2022.10.24-04.18.42:492][459]LogModuleManager: Shutting down and abandoning module AudioMixerCore (483)
[2022.10.24-04.18.42:492][459]LogModuleManager: Shutting down and abandoning module ImageWriteQueue (480)
[2022.10.24-04.18.42:494][459]LogModuleManager: Shutting down and abandoning module ProfilerService (478)
[2022.10.24-04.18.42:744][459]LogModuleManager: Shutting down and abandoning module TaskGraph (476)
[2022.10.24-04.18.42:744][459]LogModuleManager: Shutting down and abandoning module OculusInput (474)
[2022.10.24-04.18.42:744][459]LogModuleManager: Shutting down and abandoning module TakeMovieScene (472)
[2022.10.24-04.18.42:744][459]LogModuleManager: Shutting down and abandoning module Synthesis (470)
[2022.10.24-04.18.42:744][459]LogModuleManager: Shutting down and abandoning module ProceduralMeshComponent (468)
[2022.10.24-04.18.42:744][459]LogModuleManager: Shutting down and abandoning module MobilePatchingUtils (466)
[2022.10.24-04.18.42:744][459]LogModuleManager: Shutting down and abandoning module GooglePAD (464)
[2022.10.24-04.18.42:744][459]LogModuleManager: Shutting down and abandoning module EditableMesh (462)
[2022.10.24-04.18.42:744][459]LogModuleManager: Shutting down and abandoning module CustomMeshComponent (460)
[2022.10.24-04.18.42:744][459]LogModuleManager: Shutting down and abandoning module CableComponent (458)
[2022.10.24-04.18.42:744][459]LogModuleManager: Shutting down and abandoning module AudioCapture (456)
[2022.10.24-04.18.42:745][459]LogModuleManager: Shutting down and abandoning module AudioCaptureRtAudio (455)
[2022.10.24-04.18.42:745][459]LogModuleManager: Shutting down and abandoning module AssetTags (452)
[2022.10.24-04.18.42:745][459]LogModuleManager: Shutting down and abandoning module ArchVisCharacter (450)
[2022.10.24-04.18.42:745][459]LogModuleManager: Shutting down and abandoning module AppleImageUtilsBlueprintSupport (448)
[2022.10.24-04.18.42:745][459]LogModuleManager: Shutting down and abandoning module AppleImageUtils (446)
[2022.10.24-04.18.42:745][459]LogModuleManager: Shutting down and abandoning module AndroidPermission (444)
[2022.10.24-04.18.42:745][459]LogModuleManager: Shutting down and abandoning module ActorLayerUtilities (442)
[2022.10.24-04.18.42:745][459]LogModuleManager: Shutting down and abandoning module TemplateSequence (440)
[2022.10.24-04.18.42:745][459]LogModuleManager: Shutting down and abandoning module MediaCompositing (438)
[2022.10.24-04.18.42:745][459]LogModuleManager: Shutting down and abandoning module ImgMedia (436)
[2022.10.24-04.18.42:745][459]LogModuleManager: Shutting down and abandoning module MagicLeapSharedWorld (434)
[2022.10.24-04.18.42:745][459]LogModuleManager: Shutting down and abandoning module MagicLeapLightEstimation (432)
[2022.10.24-04.18.42:745][459]LogModuleManager: Shutting down and abandoning module MagicLeapHelperVulkan (430)
[2022.10.24-04.18.42:745][459]LogModuleManager: Shutting down and abandoning module MagicLeapHelperOpenGL (428)
[2022.10.24-04.18.42:745][459]LogModuleManager: Shutting down and abandoning module MagicLeapAudio (426)
[2022.10.24-04.18.42:745][459]LogModuleManager: Shutting down and abandoning module OpenImageDenoise (424)
[2022.10.24-04.18.42:745][459]LogOpenImageDenoise: OIDN shutting down
[2022.10.24-04.18.42:745][459]LogModuleManager: Shutting down and abandoning module MotoSynth (422)
[2022.10.24-04.18.42:745][459]LogModuleManager: Shutting down and abandoning module MeshConversion (420)
[2022.10.24-04.18.42:745][459]LogModuleManager: Shutting down and abandoning module DynamicMesh (418)
[2022.10.24-04.18.42:745][459]LogModuleManager: Shutting down and abandoning module GeometryAlgorithms (416)
[2022.10.24-04.18.42:745][459]LogModuleManager: Shutting down and abandoning module GeometricObjects (414)
[2022.10.24-04.18.42:745][459]LogModuleManager: Shutting down and abandoning module GeometryCollectionTracks (412)
[2022.10.24-04.18.42:745][459]LogModuleManager: Shutting down and abandoning module GeometryCollectionSequencer (411)
[2022.10.24-04.18.42:745][459]LogModuleManager: Shutting down and abandoning module GeometryCacheTracks (408)
[2022.10.24-04.18.42:745][459]LogModuleManager: Shutting down and abandoning module GeometryCacheSequencer (407)
[2022.10.24-04.18.42:745][459]LogModuleManager: Shutting down and abandoning module GeometryCache (404)
[2022.10.24-04.18.42:745][459]LogModuleManager: Shutting down and abandoning module GeometryCacheEd (403)
[2022.10.24-04.18.42:745][459]LogModuleManager: Shutting down and abandoning module ChaosNiagara (400)
[2022.10.24-04.18.42:745][459]LogModuleManager: Shutting down and abandoning module FieldSystemEngine (399)
[2022.10.24-04.18.42:745][459]LogModuleManager: Shutting down and abandoning module BackChannel (396)
[2022.10.24-04.18.42:745][459]LogModuleManager: Shutting down and abandoning module AutomationUtils (394)
[2022.10.24-04.18.42:745][459]LogModuleManager: Shutting down and abandoning module VisualStudioSourceCodeAccess (392)
[2022.10.24-04.18.42:745][459]LogModuleManager: Shutting down and abandoning module HotReload (391)
[2022.10.24-04.18.42:745][459]LogModuleManager: Shutting down and abandoning module UObjectPlugin (388)
[2022.10.24-04.18.42:745][459]LogModuleManager: Shutting down and abandoning module VisualStudioCodeSourceCodeAccess (386)
[2022.10.24-04.18.42:745][459]LogModuleManager: Shutting down and abandoning module SubversionSourceControl (384)
[2022.10.24-04.18.42:745][459]LogModuleManager: Shutting down and abandoning module PerforceSourceControl (382)
[2022.10.24-04.18.42:745][459]LogModuleManager: Shutting down and abandoning module SourceControl (381)
[2022.10.24-04.18.42:745][459]LogModuleManager: Shutting down and abandoning module CLionSourceCodeAccess (378)
[2022.10.24-04.18.42:745][459]LogModuleManager: Shutting down and abandoning module OodleNetworkHandlerComponent (376)
[2022.10.24-04.18.42:745][459]LogModuleManager: Shutting down and abandoning module LiveLinkSequencer (374)
[2022.10.24-04.18.42:745][459]LogModuleManager: Shutting down and abandoning module LiveLinkMovieScene (372)
[2022.10.24-04.18.42:745][459]LogModuleManager: Shutting down and abandoning module LiveLinkGraphNode (370)
[2022.10.24-04.18.42:745][459]LogModuleManager: Shutting down and abandoning module LiveLinkComponents (368)
[2022.10.24-04.18.42:745][459]LogModuleManager: Shutting down and abandoning module LiveLink (366)
