Log file open, 10/22/22 13:51:23
LogWindows: Failed to load 'aqProf.dll' (GetLastError=126)
LogWindows: File 'aqProf.dll' does not exist
LogWindows: Failed to load 'VtuneApi.dll' (GetLastError=126)
LogWindows: File 'VtuneApi.dll' does not exist
LogWindows: Failed to load 'VtuneApi32e.dll' (GetLastError=126)
LogWindows: File 'VtuneApi32e.dll' does not exist
LogConsoleResponse: Display: Failed to find resolution value strings in scalability ini. Falling back to default.
LogConsoleResponse: Display: Failed to find resolution value strings in scalability ini. Falling back to default.
LogInit: Display: Running engine for game: ParkourAbilities
LogPlatformFile: Not using cached read wrapper
LogTaskGraph: Started task graph with 5 named threads and 35 total threads with 3 sets of task threads.
LogStats: Stats thread started at 0.221758
LogICUInternationalization: ICU TimeZone Detection - Raw Offset: -5:00, Platform Override: ''
LogInit: Display: Loading text-based GConfig....
LogPluginManager: Mounting plugin MeshPainting
LogPluginManager: Mounting plugin XGEController
LogPluginManager: Mounting plugin Paper2D
LogPluginManager: Mounting plugin LightPropagationVolume
LogPluginManager: Mounting plugin OodleData
LogPluginManager: Mounting plugin AISupport
LogPluginManager: Mounting plugin OodleNetwork
LogPluginManager: Mounting plugin LiveLink
LogPluginManager: Mounting plugin EnvironmentQueryEditor
LogPluginManager: Mounting plugin AnimationSharing
LogPluginManager: Mounting plugin CLionSourceCodeAccess
LogPluginManager: Mounting plugin CodeLiteSourceCodeAccess
LogPluginManager: Mounting plugin GitSourceControl
LogPluginManager: Mounting plugin KDevelopSourceCodeAccess
LogPluginManager: Mounting plugin NullSourceCodeAccess
LogPluginManager: Mounting plugin PerforceSourceControl
LogPluginManager: Mounting plugin PixWinPlugin
LogPluginManager: Mounting plugin PlasticSourceControl
LogPluginManager: Mounting plugin PluginUtils
LogPluginManager: Mounting plugin PropertyAccessNode
LogPluginManager: Mounting plugin RiderSourceCodeAccess
LogPluginManager: Mounting plugin SubversionSourceControl
LogPluginManager: Mounting plugin TextureFormatOodle
LogPluginManager: Mounting plugin AssetManagerEditor
LogPluginManager: Mounting plugin UObjectPlugin
LogPluginManager: Mounting plugin XCodeSourceCodeAccess
LogPluginManager: Mounting plugin VisualStudioSourceCodeAccess
LogPluginManager: Mounting plugin VisualStudioCodeSourceCodeAccess
LogPluginManager: Mounting plugin CryptoKeys
LogPluginManager: Mounting plugin CurveEditorTools
LogPluginManager: Mounting plugin DataValidation
LogPluginManager: Mounting plugin FacialAnimation
LogPluginManager: Mounting plugin GameplayTagsEditor
LogPluginManager: Mounting plugin GeometryMode
LogPluginManager: Mounting plugin MacGraphicsSwitching
LogPluginManager: Mounting plugin MaterialAnalyzer
LogPluginManager: Mounting plugin MobileLauncherProfileWizard
LogPluginManager: Mounting plugin PluginBrowser
LogPluginManager: Mounting plugin DatasmithContent
LogPluginManager: Mounting plugin SpeedTreeImporter
LogPluginManager: Mounting plugin AlembicImporter
LogPluginManager: Mounting plugin VariantManagerContent
LogPluginManager: Mounting plugin AutomationUtils
LogPluginManager: Mounting plugin BackChannel
LogPluginManager: Mounting plugin ChaosCloth
LogPluginManager: Mounting plugin ChaosClothEditor
LogPluginManager: Mounting plugin ChaosEditor
LogPluginManager: Mounting plugin ChaosNiagara
LogPluginManager: Mounting plugin Niagara
LogPluginManager: Mounting plugin ChaosSolverPlugin
LogPluginManager: Mounting plugin CharacterAI
LogPluginManager: Mounting plugin GeometryCache
LogPluginManager: Mounting plugin GeometryCollectionPlugin
LogPluginManager: Mounting plugin GeometryProcessing
LogPluginManager: Mounting plugin MotoSynth
LogPluginManager: Mounting plugin OpenImageDenoise
LogPluginManager: Mounting plugin PlanarCut
LogPluginManager: Mounting plugin ProxyLODPlugin
LogPluginManager: Mounting plugin PlatformCrypto
LogPluginManager: Mounting plugin PythonScriptPlugin
LogPluginManager: Mounting plugin SkeletalReduction
LogPluginManager: Mounting plugin LuminPlatformFeatures
LogPluginManager: Mounting plugin MagicLeap
LogPluginManager: Mounting plugin MagicLeapLightEstimation
LogPluginManager: Mounting plugin MagicLeapMedia
LogPluginManager: Mounting plugin MagicLeapPassableWorld
LogPluginManager: Mounting plugin MLSDK
LogPluginManager: Mounting plugin AndroidMedia
LogPluginManager: Mounting plugin AvfMedia
LogPluginManager: Mounting plugin ImgMedia
LogPluginManager: Mounting plugin MediaCompositing
LogPluginManager: Mounting plugin MediaPlayerEditor
LogPluginManager: Mounting plugin WmfMedia
LogPluginManager: Mounting plugin WebMMedia
LogPluginManager: Mounting plugin TcpMessaging
LogPluginManager: Mounting plugin UdpMessaging
LogPluginManager: Mounting plugin ActorSequence
LogPluginManager: Mounting plugin LevelSequenceEditor
LogPluginManager: Mounting plugin MatineeToLevelSequence
LogPluginManager: Mounting plugin TemplateSequence
LogPluginManager: Mounting plugin OnlineSubsystem
LogPluginManager: Mounting plugin OnlineSubsystemNull
LogPluginManager: Mounting plugin LauncherChunkInstaller
LogPluginManager: Mounting plugin OnlineSubsystemUtils
LogPluginManager: Mounting plugin ActorLayerUtilities
LogPluginManager: Mounting plugin AndroidDeviceProfileSelector
LogPluginManager: Mounting plugin AndroidMoviePlayer
LogPluginManager: Mounting plugin AndroidPermission
LogPluginManager: Mounting plugin AppleImageUtils
LogPluginManager: Mounting plugin AppleMoviePlayer
LogPluginManager: Mounting plugin ArchVisCharacter
LogPluginManager: Mounting plugin AssetTags
LogPluginManager: Mounting plugin AudioCapture
LogPluginManager: Mounting plugin AudioSynesthesia
LogPluginManager: Mounting plugin CableComponent
LogPluginManager: Mounting plugin ChunkDownloader
LogPluginManager: Mounting plugin CustomMeshComponent
LogPluginManager: Mounting plugin EditableMesh
LogPluginManager: Mounting plugin ExampleDeviceProfileSelector
LogPluginManager: Mounting plugin GoogleCloudMessaging
LogPluginManager: Mounting plugin GooglePAD
LogPluginManager: Mounting plugin IOSDeviceProfileSelector
LogPluginManager: Mounting plugin LinuxDeviceProfileSelector
LogPluginManager: Mounting plugin LocationServicesBPLibrary
LogPluginManager: Mounting plugin MobilePatchingUtils
LogPluginManager: Mounting plugin OpenXR
LogPluginManager: Mounting plugin OpenXREyeTracker
LogPluginManager: Mounting plugin OpenXRHandTracking
LogPluginManager: Mounting plugin PhysXVehicles
LogPluginManager: Mounting plugin PostSplashScreen
LogPluginManager: Mounting plugin ScreenshotTools
LogPluginManager: Mounting plugin PropertyAccessEditor
LogPluginManager: Mounting plugin ProceduralMeshComponent
LogPluginManager: Mounting plugin RuntimePhysXCooking
LogPluginManager: Mounting plugin SignificanceManager
LogPluginManager: Mounting plugin SoundFields
LogPluginManager: Mounting plugin Synthesis
LogPluginManager: Mounting plugin WebMMoviePlayer
LogPluginManager: Mounting plugin WindowsMoviePlayer
LogPluginManager: Mounting plugin CameraShakePreviewer
LogPluginManager: Mounting plugin Takes
LogPluginManager: Mounting plugin GameplayCameras
LogPluginManager: Mounting plugin ContentBrowserAssetDataSource
LogPluginManager: Mounting plugin ContentBrowserClassDataSource
LogPluginManager: Mounting plugin ContentBrowserFileDataSource
LogPluginManager: Mounting plugin OnlineSubsystemGooglePlay
LogPluginManager: Mounting plugin OnlineSubsystemIOS
LogPluginManager: Mounting plugin OculusVR
LogPluginManager: Mounting plugin SteamVR
PixWinPlugin: PIX capture plugin failed to initialize! Check that the process is launched from PIX.
LogInit: Using libcurl 7.55.1-DEV
LogInit:  - built for x86_64-pc-win32
LogInit:  - supports SSL with OpenSSL/1.1.1
LogInit:  - supports HTTP deflate (compression) using libz 1.2.8
LogInit:  - other features:
LogInit:      CURL_VERSION_SSL
LogInit:      CURL_VERSION_LIBZ
LogInit:      CURL_VERSION_IPV6
LogInit:      CURL_VERSION_ASYNCHDNS
LogInit:      CURL_VERSION_LARGEFILE
LogInit:      CURL_VERSION_IDN
LogInit:  CurlRequestOptions (configurable via config and command line):
LogInit:  - bVerifyPeer = true  - Libcurl will verify peer certificate
LogInit:  - bUseHttpProxy = false  - Libcurl will NOT use HTTP proxy
LogInit:  - bDontReuseConnections = false  - Libcurl will reuse connections
LogInit:  - MaxHostConnections = 16  - Libcurl will limit the number of connections to a host
LogInit:  - LocalHostAddr = Default
LogInit:  - BufferSize = 65536
LogOnline: OSS: Creating online subsystem instance for: NULL
LogInit: WinSock: version 1.1 (2.2), MaxSocks=32767, MaxUdp=65467
LogOnline: OSS: TryLoadSubsystemAndSetDefault: Loaded subsystem for module [NULL]
LogOculusPluginWrapper: OculusPlugin initialized successfully
LogHMD: Failed initializing OVRPlugin 1.59.0
LogInit: Build: ++UE4+Release-4.27-CL-18319896
LogInit: Engine Version: 4.27.2-18319896+++UE4+Release-4.27
LogInit: Compatible Engine Version: 4.27.0-17155196+++UE4+Release-4.27
LogInit: Net CL: 17155196
LogInit: OS: Windows 10 (Release 2009) (), CPU: AMD Ryzen 5 3600 6-Core Processor              , GPU: NVIDIA GeForce RTX 2060 SUPER
LogInit: Compiled (64-bit): Nov 30 2021 07:12:08
LogInit: Compiled with Visual C++: 19.24.28315.00
LogInit: Build Configuration: Development
LogInit: Branch Name: ++UE4+Release-4.27
LogInit: Command Line:  -EpicPortal -epicusername=UserisNull -epicuserid=e0e95c01817c444392d2cc1ef7da3db3 -epiclocale=en -epicsandboxid=ue
LogInit: Base Directory: D:/EpicGames/UE_4.27/Engine/Binaries/Win64/
LogInit: Allocator: TBB
LogInit: Installed Engine Build: 1
LogDevObjectVersion: Number of dev versions registered: 29
LogDevObjectVersion:   Dev-Blueprints (B0D832E4-1F89-4F0D-ACCF-7EB736FD4AA2): 10
LogDevObjectVersion:   Dev-Build (E1C64328-A22C-4D53-A36C-8E866417BD8C): 0
LogDevObjectVersion:   Dev-Core (375EC13C-06E4-48FB-B500-84F0262A717E): 4
LogDevObjectVersion:   Dev-Editor (E4B068ED-F494-42E9-A231-DA0B2E46BB41): 40
LogDevObjectVersion:   Dev-Framework (CFFC743F-43B0-4480-9391-14DF171D2073): 37
LogDevObjectVersion:   Dev-Mobile (B02B49B5-BB20-44E9-A304-32B752E40360): 3
LogDevObjectVersion:   Dev-Networking (A4E4105C-59A1-49B5-A7C5-40C4547EDFEE): 0
LogDevObjectVersion:   Dev-Online (39C831C9-5AE6-47DC-9A44-9C173E1C8E7C): 0
LogDevObjectVersion:   Dev-Physics (78F01B33-EBEA-4F98-B9B4-84EACCB95AA2): 14
LogDevObjectVersion:   Dev-Platform (6631380F-2D4D-43E0-8009-CF276956A95A): 0
LogDevObjectVersion:   Dev-Rendering (12F88B9F-8875-4AFC-A67C-D90C383ABD29): 45
LogDevObjectVersion:   Dev-Sequencer (7B5AE74C-D270-4C10-A958-57980B212A5A): 13
LogDevObjectVersion:   Dev-VR (D7296918-1DD6-4BDD-9DE2-64A83CC13884): 3
LogDevObjectVersion:   Dev-LoadTimes (C2A15278-BFE7-4AFE-6C17-90FF531DF755): 1
LogDevObjectVersion:   Private-Geometry (6EACA3D4-40EC-4CC1-B786-8BED09428FC5): 3
LogDevObjectVersion:   Dev-AnimPhys (29E575DD-E0A3-4627-9D10-D276232CDCEA): 17
LogDevObjectVersion:   Dev-Anim (AF43A65D-7FD3-4947-9873-3E8ED9C1BB05): 15
LogDevObjectVersion:   Dev-ReflectionCapture (6B266CEC-1EC7-4B8F-A30B-E4D90942FC07): 1
LogDevObjectVersion:   Dev-Automation (0DF73D61-A23F-47EA-B727-89E90C41499A): 1
LogDevObjectVersion:   FortniteMain (601D1886-AC64-4F84-AA16-D3DE0DEAC7D6): 47
LogDevObjectVersion:   FortniteRelease (E7086368-6B23-4C58-8439-1B7016265E91): 1
LogDevObjectVersion:   Dev-Enterprise (9DFFBCD6-494F-0158-E221-12823C92A888): 10
LogDevObjectVersion:   Dev-Niagara (F2AED0AC-9AFE-416F-8664-AA7FFA26D6FC): 1
LogDevObjectVersion:   Dev-Destruction (174F1F0B-B4C6-45A5-B13F-2EE8D0FB917D): 10
LogDevObjectVersion:   Dev-Physics-Ext (35F94A83-E258-406C-A318-09F59610247C): 41
LogDevObjectVersion:   Dev-PhysicsMaterial-Chaos (B68FC16E-8B1B-42E2-B453-215C058844FE): 1
LogDevObjectVersion:   Dev-CineCamera (B2E18506-4273-CFC2-A54E-F4BB758BBA07): 1
LogDevObjectVersion:   Dev-VirtualProduction (64F58936-FD1B-42BA-BA96-7289D5D0FA4E): 1
LogDevObjectVersion:   Dev-MediaFramework (6F0ED827-A609-4895-9C91-998D90180EA4): 2
LogInit: Presizing for max 25165824 objects, including 0 objects not considered by GC, pre-allocating 0 bytes for permanent pool.
LogConfig: Applying CVar settings from Section [/Script/Engine.StreamingSettings] File [D:/MAIN_GAME_DO_NOT_REWRITE/ParkourAbilities/Saved/Config/Windows/Engine.ini]
LogConfig: Setting CVar [[s.MinBulkDataSizeForAsyncLoading:131072]]
LogConfig: Setting CVar [[s.AsyncLoadingThreadEnabled:0]]
LogConfig: Setting CVar [[s.EventDrivenLoaderEnabled:1]]
LogConfig: Setting CVar [[s.WarnIfTimeLimitExceeded:0]]
LogConfig: Setting CVar [[s.TimeLimitExceededMultiplier:1.5]]
LogConfig: Setting CVar [[s.TimeLimitExceededMinTime:0.005]]
LogConfig: Setting CVar [[s.UseBackgroundLevelStreaming:1]]
LogConfig: Setting CVar [[s.PriorityAsyncLoadingExtraTime:15.0]]
LogConfig: Setting CVar [[s.LevelStreamingActorsUpdateTimeLimit:5.0]]
LogConfig: Setting CVar [[s.PriorityLevelStreamingActorsUpdateExtraTime:5.0]]
LogConfig: Setting CVar [[s.LevelStreamingComponentsRegistrationGranularity:10]]
LogConfig: Setting CVar [[s.UnregisterComponentsTimeLimit:1.0]]
LogConfig: Setting CVar [[s.LevelStreamingComponentsUnregistrationGranularity:5]]
LogConfig: Setting CVar [[s.FlushStreamingOnExit:1]]
LogInit: Object subsystem initialized
LogConfig: Setting CVar [[con.DebugEarlyDefault:1]]
LogConfig: Setting CVar [[r.setres:1280x720]]
[2022.10.22-17.51.23:821][  0]LogConfig: Setting CVar [[r.VSync:0]]
[2022.10.22-17.51.23:821][  0]LogConfig: Setting CVar [[r.RHICmdBypass:0]]
[2022.10.22-17.51.23:821][  0]LogConfig: Applying CVar settings from Section [/Script/Engine.RendererSettings] File [D:/MAIN_GAME_DO_NOT_REWRITE/ParkourAbilities/Saved/Config/Windows/Engine.ini]
[2022.10.22-17.51.23:821][  0]LogConfig: Setting CVar [[r.GPUCrashDebugging:0]]
[2022.10.22-17.51.23:821][  0]LogConfig: Setting CVar [[r.DefaultFeature.AutoExposure:0]]
[2022.10.22-17.51.23:821][  0]LogConfig: Setting CVar [[r.DefaultFeature.MotionBlur:0]]
[2022.10.22-17.51.23:821][  0]LogConfig: Applying CVar settings from Section [/Script/Engine.RendererOverrideSettings] File [D:/MAIN_GAME_DO_NOT_REWRITE/ParkourAbilities/Saved/Config/Windows/Engine.ini]
[2022.10.22-17.51.23:821][  0]LogConfig: Applying CVar settings from Section [/Script/Engine.StreamingSettings] File [D:/MAIN_GAME_DO_NOT_REWRITE/ParkourAbilities/Saved/Config/Windows/Engine.ini]
[2022.10.22-17.51.23:821][  0]LogConfig: Setting CVar [[s.MinBulkDataSizeForAsyncLoading:131072]]
[2022.10.22-17.51.23:821][  0]LogConfig: Setting CVar [[s.AsyncLoadingThreadEnabled:0]]
[2022.10.22-17.51.23:821][  0]LogConfig: Setting CVar [[s.EventDrivenLoaderEnabled:1]]
[2022.10.22-17.51.23:821][  0]LogConfig: Setting CVar [[s.WarnIfTimeLimitExceeded:0]]
[2022.10.22-17.51.23:821][  0]LogConfig: Setting CVar [[s.TimeLimitExceededMultiplier:1.5]]
[2022.10.22-17.51.23:821][  0]LogConfig: Setting CVar [[s.TimeLimitExceededMinTime:0.005]]
[2022.10.22-17.51.23:821][  0]LogConfig: Setting CVar [[s.UseBackgroundLevelStreaming:1]]
[2022.10.22-17.51.23:821][  0]LogConfig: Setting CVar [[s.PriorityAsyncLoadingExtraTime:15.0]]
[2022.10.22-17.51.23:821][  0]LogConfig: Setting CVar [[s.LevelStreamingActorsUpdateTimeLimit:5.0]]
[2022.10.22-17.51.23:821][  0]LogConfig: Setting CVar [[s.PriorityLevelStreamingActorsUpdateExtraTime:5.0]]
[2022.10.22-17.51.23:821][  0]LogConfig: Setting CVar [[s.LevelStreamingComponentsRegistrationGranularity:10]]
[2022.10.22-17.51.23:821][  0]LogConfig: Setting CVar [[s.UnregisterComponentsTimeLimit:1.0]]
[2022.10.22-17.51.23:821][  0]LogConfig: Setting CVar [[s.LevelStreamingComponentsUnregistrationGranularity:5]]
[2022.10.22-17.51.23:821][  0]LogConfig: Setting CVar [[s.FlushStreamingOnExit:1]]
[2022.10.22-17.51.23:821][  0]LogConfig: Applying CVar settings from Section [/Script/Engine.GarbageCollectionSettings] File [D:/MAIN_GAME_DO_NOT_REWRITE/ParkourAbilities/Saved/Config/Windows/Engine.ini]
[2022.10.22-17.51.23:821][  0]LogConfig: Setting CVar [[gc.MaxObjectsNotConsideredByGC:1]]
[2022.10.22-17.51.23:821][  0]LogConfig: Setting CVar [[gc.SizeOfPermanentObjectPool:0]]
[2022.10.22-17.51.23:821][  0]LogConfig: Setting CVar [[gc.FlushStreamingOnGC:0]]
[2022.10.22-17.51.23:821][  0]LogConfig: Setting CVar [[gc.NumRetriesBeforeForcingGC:10]]
[2022.10.22-17.51.23:821][  0]LogConfig: Setting CVar [[gc.AllowParallelGC:1]]
[2022.10.22-17.51.23:821][  0]LogConfig: Setting CVar [[gc.TimeBetweenPurgingPendingKillObjects:61.1]]
[2022.10.22-17.51.23:821][  0]LogConfig: Setting CVar [[gc.MaxObjectsInEditor:25165824]]
[2022.10.22-17.51.23:821][  0]LogConfig: Setting CVar [[gc.IncrementalBeginDestroyEnabled:1]]
[2022.10.22-17.51.23:821][  0]LogConfig: Setting CVar [[gc.CreateGCClusters:1]]
[2022.10.22-17.51.23:821][  0]LogConfig: Setting CVar [[gc.MinGCClusterSize:5]]
[2022.10.22-17.51.23:821][  0]LogConfig: Setting CVar [[gc.ActorClusteringEnabled:0]]
[2022.10.22-17.51.23:821][  0]LogConfig: Setting CVar [[gc.BlueprintClusteringEnabled:0]]
[2022.10.22-17.51.23:821][  0]LogConfig: Setting CVar [[gc.UseDisregardForGCOnDedicatedServers:0]]
[2022.10.22-17.51.23:821][  0]LogConfig: Setting CVar [[gc.MultithreadedDestructionEnabled:1]]
[2022.10.22-17.51.23:821][  0]LogConfig: Applying CVar settings from Section [/Script/Engine.NetworkSettings] File [D:/MAIN_GAME_DO_NOT_REWRITE/ParkourAbilities/Saved/Config/Windows/Engine.ini]
[2022.10.22-17.51.23:821][  0]LogConfig: Applying CVar settings from Section [/Script/UnrealEd.CookerSettings] File [D:/MAIN_GAME_DO_NOT_REWRITE/ParkourAbilities/Saved/Config/Windows/Engine.ini]
[2022.10.22-17.51.23:827][  0]LogConfig: Applying CVar settings from Section [ViewDistanceQuality@3] File [D:/MAIN_GAME_DO_NOT_REWRITE/ParkourAbilities/Saved/Config/Windows/Scalability.ini]
[2022.10.22-17.51.23:827][  0]LogConfig: Setting CVar [[r.SkeletalMeshLODBias:0]]
[2022.10.22-17.51.23:827][  0]LogConfig: Setting CVar [[r.ViewDistanceScale:1.0]]
[2022.10.22-17.51.23:827][  0]LogConfig: Applying CVar settings from Section [AntiAliasingQuality@3] File [D:/MAIN_GAME_DO_NOT_REWRITE/ParkourAbilities/Saved/Config/Windows/Scalability.ini]
[2022.10.22-17.51.23:827][  0]LogConfig: Setting CVar [[r.PostProcessAAQuality:4]]
[2022.10.22-17.51.23:827][  0]LogConfig: Applying CVar settings from Section [ShadowQuality@3] File [D:/MAIN_GAME_DO_NOT_REWRITE/ParkourAbilities/Saved/Config/Windows/Scalability.ini]
[2022.10.22-17.51.23:827][  0]LogConfig: Setting CVar [[r.LightFunctionQuality:1]]
[2022.10.22-17.51.23:827][  0]LogConfig: Setting CVar [[r.ShadowQuality:5]]
[2022.10.22-17.51.23:827][  0]LogConfig: Setting CVar [[r.Shadow.CSM.MaxCascades:10]]
[2022.10.22-17.51.23:827][  0]LogConfig: Setting CVar [[r.Shadow.MaxResolution:2048]]
[2022.10.22-17.51.23:827][  0]LogConfig: Setting CVar [[r.Shadow.MaxCSMResolution:2048]]
[2022.10.22-17.51.23:827][  0]LogConfig: Setting CVar [[r.Shadow.RadiusThreshold:0.01]]
[2022.10.22-17.51.23:827][  0]LogConfig: Setting CVar [[r.Shadow.DistanceScale:1.0]]
[2022.10.22-17.51.23:827][  0]LogConfig: Setting CVar [[r.Shadow.CSM.TransitionScale:1.0]]
[2022.10.22-17.51.23:827][  0]LogConfig: Setting CVar [[r.Shadow.PreShadowResolutionFactor:1.0]]
[2022.10.22-17.51.23:827][  0]LogConfig: Setting CVar [[r.DistanceFieldShadowing:1]]
[2022.10.22-17.51.23:827][  0]LogConfig: Setting CVar [[r.DistanceFieldAO:1]]
[2022.10.22-17.51.23:827][  0]LogConfig: Setting CVar [[r.AOQuality:2]]
[2022.10.22-17.51.23:827][  0]LogConfig: Setting CVar [[r.VolumetricFog:1]]
[2022.10.22-17.51.23:827][  0]LogConfig: Setting CVar [[r.VolumetricFog.GridPixelSize:8]]
[2022.10.22-17.51.23:827][  0]LogConfig: Setting CVar [[r.VolumetricFog.GridSizeZ:128]]
[2022.10.22-17.51.23:827][  0]LogConfig: Setting CVar [[r.VolumetricFog.HistoryMissSupersampleCount:4]]
[2022.10.22-17.51.23:827][  0]LogConfig: Setting CVar [[r.LightMaxDrawDistanceScale:1]]
[2022.10.22-17.51.23:827][  0]LogConfig: Setting CVar [[r.CapsuleShadows:1]]
[2022.10.22-17.51.23:827][  0]LogConfig: Applying CVar settings from Section [PostProcessQuality@3] File [D:/MAIN_GAME_DO_NOT_REWRITE/ParkourAbilities/Saved/Config/Windows/Scalability.ini]
[2022.10.22-17.51.23:827][  0]LogConfig: Setting CVar [[r.MotionBlurQuality:4]]
[2022.10.22-17.51.23:827][  0]LogConfig: Setting CVar [[r.AmbientOcclusionMipLevelFactor:0.4]]
[2022.10.22-17.51.23:827][  0]LogConfig: Setting CVar [[r.AmbientOcclusionMaxQuality:100]]
[2022.10.22-17.51.23:827][  0]LogConfig: Setting CVar [[r.AmbientOcclusionLevels:-1]]
[2022.10.22-17.51.23:827][  0]LogConfig: Setting CVar [[r.AmbientOcclusionRadiusScale:1.0]]
[2022.10.22-17.51.23:827][  0]LogConfig: Setting CVar [[r.DepthOfFieldQuality:2]]
[2022.10.22-17.51.23:827][  0]LogConfig: Setting CVar [[r.RenderTargetPoolMin:400]]
[2022.10.22-17.51.23:827][  0]LogConfig: Setting CVar [[r.LensFlareQuality:2]]
[2022.10.22-17.51.23:827][  0]LogConfig: Setting CVar [[r.SceneColorFringeQuality:1]]
[2022.10.22-17.51.23:827][  0]LogConfig: Setting CVar [[r.EyeAdaptationQuality:2]]
[2022.10.22-17.51.23:827][  0]LogConfig: Setting CVar [[r.BloomQuality:5]]
[2022.10.22-17.51.23:827][  0]LogConfig: Setting CVar [[r.FastBlurThreshold:100]]
[2022.10.22-17.51.23:827][  0]LogConfig: Setting CVar [[r.Upscale.Quality:3]]
[2022.10.22-17.51.23:827][  0]LogConfig: Setting CVar [[r.Tonemapper.GrainQuantization:1]]
[2022.10.22-17.51.23:827][  0]LogConfig: Setting CVar [[r.LightShaftQuality:1]]
[2022.10.22-17.51.23:827][  0]LogConfig: Setting CVar [[r.Filter.SizeScale:1]]
[2022.10.22-17.51.23:827][  0]LogConfig: Setting CVar [[r.Tonemapper.Quality:5]]
[2022.10.22-17.51.23:827][  0]LogConfig: Setting CVar [[r.DOF.Gather.AccumulatorQuality:1        ; higher gathering accumulator quality]]
[2022.10.22-17.51.23:827][  0]LogConfig: Setting CVar [[r.DOF.Gather.PostfilterMethod:1          ; Median3x3 postfilering method]]
[2022.10.22-17.51.23:827][  0]LogConfig: Setting CVar [[r.DOF.Gather.EnableBokehSettings:0       ; no bokeh simulation when gathering]]
[2022.10.22-17.51.23:827][  0]LogConfig: Setting CVar [[r.DOF.Gather.RingCount:4                 ; medium number of samples when gathering]]
[2022.10.22-17.51.23:827][  0]LogConfig: Setting CVar [[r.DOF.Scatter.ForegroundCompositing:1    ; additive foreground scattering]]
[2022.10.22-17.51.23:827][  0]LogConfig: Setting CVar [[r.DOF.Scatter.BackgroundCompositing:2    ; additive background scattering]]
[2022.10.22-17.51.23:827][  0]LogConfig: Setting CVar [[r.DOF.Scatter.EnableBokehSettings:1      ; bokeh simulation when scattering]]
[2022.10.22-17.51.23:827][  0]LogConfig: Setting CVar [[r.DOF.Scatter.MaxSpriteRatio:0.1         ; only a maximum of 10% of scattered bokeh]]
[2022.10.22-17.51.23:827][  0]LogConfig: Setting CVar [[r.DOF.Recombine.Quality:1                ; cheap slight out of focus]]
[2022.10.22-17.51.23:827][  0]LogConfig: Setting CVar [[r.DOF.Recombine.EnableBokehSettings:0    ; no bokeh simulation on slight out of focus]]
[2022.10.22-17.51.23:827][  0]LogConfig: Setting CVar [[r.DOF.TemporalAAQuality:1                ; more stable temporal accumulation]]
[2022.10.22-17.51.23:827][  0]LogConfig: Setting CVar [[r.DOF.Kernel.MaxForegroundRadius:0.025]]
[2022.10.22-17.51.23:827][  0]LogConfig: Setting CVar [[r.DOF.Kernel.MaxBackgroundRadius:0.025]]
[2022.10.22-17.51.23:827][  0]LogConfig: Applying CVar settings from Section [TextureQuality@3] File [D:/MAIN_GAME_DO_NOT_REWRITE/ParkourAbilities/Saved/Config/Windows/Scalability.ini]
[2022.10.22-17.51.23:827][  0]LogConfig: Setting CVar [[r.Streaming.MipBias:0]]
[2022.10.22-17.51.23:827][  0]LogConfig: Setting CVar [[r.Streaming.AmortizeCPUToGPUCopy:0]]
[2022.10.22-17.51.23:827][  0]LogConfig: Setting CVar [[r.Streaming.MaxNumTexturesToStreamPerFrame:0]]
[2022.10.22-17.51.23:827][  0]LogConfig: Setting CVar [[r.Streaming.Boost:1]]
[2022.10.22-17.51.23:827][  0]LogConfig: Setting CVar [[r.MaxAnisotropy:8]]
[2022.10.22-17.51.23:827][  0]LogConfig: Setting CVar [[r.VT.MaxAnisotropy:8]]
[2022.10.22-17.51.23:827][  0]LogConfig: Setting CVar [[r.Streaming.LimitPoolSizeToVRAM:0]]
[2022.10.22-17.51.23:827][  0]LogConfig: Setting CVar [[r.Streaming.PoolSize:1000]]
[2022.10.22-17.51.23:827][  0]LogConfig: Setting CVar [[r.Streaming.MaxEffectiveScreenSize:0]]
[2022.10.22-17.51.23:827][  0]LogConfig: Applying CVar settings from Section [EffectsQuality@3] File [D:/MAIN_GAME_DO_NOT_REWRITE/ParkourAbilities/Saved/Config/Windows/Scalability.ini]
[2022.10.22-17.51.23:827][  0]LogConfig: Setting CVar [[r.TranslucencyLightingVolumeDim:64]]
[2022.10.22-17.51.23:827][  0]LogConfig: Setting CVar [[r.RefractionQuality:2]]
[2022.10.22-17.51.23:827][  0]LogConfig: Setting CVar [[r.SSR.Quality:3]]
[2022.10.22-17.51.23:827][  0]LogConfig: Setting CVar [[r.SSR.HalfResSceneColor:0]]
[2022.10.22-17.51.23:827][  0]LogConfig: Setting CVar [[r.SceneColorFormat:4]]
[2022.10.22-17.51.23:827][  0]LogConfig: Setting CVar [[r.DetailMode:2]]
[2022.10.22-17.51.23:827][  0]LogConfig: Setting CVar [[r.TranslucencyVolumeBlur:1]]
[2022.10.22-17.51.23:827][  0]LogConfig: Setting CVar [[r.MaterialQualityLevel:1 ; High quality]]
[2022.10.22-17.51.23:827][  0]LogConfig: Setting CVar [[r.AnisotropicMaterials:1]]
[2022.10.22-17.51.23:827][  0]LogConfig: Setting CVar [[r.SSS.Scale:1]]
[2022.10.22-17.51.23:827][  0]LogConfig: Setting CVar [[r.SSS.SampleSet:2]]
[2022.10.22-17.51.23:827][  0]LogConfig: Setting CVar [[r.SSS.Quality:1]]
[2022.10.22-17.51.23:827][  0]LogConfig: Setting CVar [[r.SSS.HalfRes:0]]
[2022.10.22-17.51.23:827][  0]LogConfig: Setting CVar [[r.SSGI.Quality:3]]
[2022.10.22-17.51.23:827][  0]LogConfig: Setting CVar [[r.EmitterSpawnRateScale:1.0]]
[2022.10.22-17.51.23:827][  0]LogConfig: Setting CVar [[r.ParticleLightQuality:2]]
[2022.10.22-17.51.23:827][  0]LogConfig: Setting CVar [[r.SkyAtmosphere.AerialPerspectiveLUT.FastApplyOnOpaque:1 ; Always have FastSkyLUT 1 in this case to avoid wrong sky]]
[2022.10.22-17.51.23:827][  0]LogConfig: Setting CVar [[r.SkyAtmosphere.AerialPerspectiveLUT.SampleCountMaxPerSlice:4]]
[2022.10.22-17.51.23:827][  0]LogConfig: Setting CVar [[r.SkyAtmosphere.AerialPerspectiveLUT.DepthResolution:16.0]]
[2022.10.22-17.51.23:827][  0]LogConfig: Setting CVar [[r.SkyAtmosphere.FastSkyLUT:1]]
[2022.10.22-17.51.23:827][  0]LogConfig: Setting CVar [[r.SkyAtmosphere.FastSkyLUT.SampleCountMin:4.0]]
[2022.10.22-17.51.23:827][  0]LogConfig: Setting CVar [[r.SkyAtmosphere.FastSkyLUT.SampleCountMax:128.0]]
[2022.10.22-17.51.23:827][  0]LogConfig: Setting CVar [[r.SkyAtmosphere.SampleCountMin:4.0]]
[2022.10.22-17.51.23:827][  0]LogConfig: Setting CVar [[r.SkyAtmosphere.SampleCountMax:128.0]]
[2022.10.22-17.51.23:827][  0]LogConfig: Setting CVar [[r.SkyAtmosphere.TransmittanceLUT.UseSmallFormat:0]]
[2022.10.22-17.51.23:828][  0]LogConfig: Setting CVar [[r.SkyAtmosphere.TransmittanceLUT.SampleCount:10.0]]
[2022.10.22-17.51.23:828][  0]LogConfig: Setting CVar [[r.SkyAtmosphere.MultiScatteringLUT.SampleCount:15.0]]
[2022.10.22-17.51.23:828][  0]LogConfig: Setting CVar [[r.SkyLight.RealTimeReflectionCapture:1]]
[2022.10.22-17.51.23:828][  0]LogConfig: Applying CVar settings from Section [FoliageQuality@3] File [D:/MAIN_GAME_DO_NOT_REWRITE/ParkourAbilities/Saved/Config/Windows/Scalability.ini]
[2022.10.22-17.51.23:828][  0]LogConfig: Setting CVar [[foliage.DensityScale:1.0]]
[2022.10.22-17.51.23:828][  0]LogConfig: Setting CVar [[grass.DensityScale:1.0]]
[2022.10.22-17.51.23:828][  0]LogConfig: Applying CVar settings from Section [ShadingQuality@3] File [D:/MAIN_GAME_DO_NOT_REWRITE/ParkourAbilities/Saved/Config/Windows/Scalability.ini]
[2022.10.22-17.51.23:828][  0]LogConfig: Setting CVar [[r.HairStrands.SkyLighting.IntegrationType:2]]
[2022.10.22-17.51.23:828][  0]LogConfig: Setting CVar [[r.HairStrands.SkyAO.SampleCount:4]]
[2022.10.22-17.51.23:828][  0]LogConfig: Setting CVar [[r.HairStrands.Visibility.MSAA.SamplePerPixel:4]]
[2022.10.22-17.51.23:828][  0]LogInit: Selected Device Profile: [Windows]
[2022.10.22-17.51.23:828][  0]LogInit: Applying CVar settings loaded from the selected device profile: [Windows]
[2022.10.22-17.51.23:828][  0]LogHAL: Display: Platform has ~ 16 GB [17126174720 / 17179869184 / 16], which maps to Larger [LargestMinGB=32, LargerMinGB=12, DefaultMinGB=8, SmallerMinGB=6, SmallestMinGB=0)
[2022.10.22-17.51.23:828][  0]LogInit: Going up to parent DeviceProfile []
[2022.10.22-17.51.23:828][  0]LogConfig: Applying CVar settings from Section [ViewDistanceQuality@3] File [D:/MAIN_GAME_DO_NOT_REWRITE/ParkourAbilities/Saved/Config/Windows/Scalability.ini]
[2022.10.22-17.51.23:828][  0]LogConfig: Setting CVar [[r.SkeletalMeshLODBias:0]]
[2022.10.22-17.51.23:828][  0]LogConfig: Setting CVar [[r.ViewDistanceScale:1.0]]
[2022.10.22-17.51.23:828][  0]LogConfig: Applying CVar settings from Section [AntiAliasingQuality@3] File [D:/MAIN_GAME_DO_NOT_REWRITE/ParkourAbilities/Saved/Config/Windows/Scalability.ini]
[2022.10.22-17.51.23:828][  0]LogConfig: Setting CVar [[r.PostProcessAAQuality:4]]
[2022.10.22-17.51.23:828][  0]LogConfig: Applying CVar settings from Section [ShadowQuality@3] File [D:/MAIN_GAME_DO_NOT_REWRITE/ParkourAbilities/Saved/Config/Windows/Scalability.ini]
[2022.10.22-17.51.23:828][  0]LogConfig: Setting CVar [[r.LightFunctionQuality:1]]
[2022.10.22-17.51.23:828][  0]LogConfig: Setting CVar [[r.ShadowQuality:5]]
[2022.10.22-17.51.23:828][  0]LogConfig: Setting CVar [[r.Shadow.CSM.MaxCascades:10]]
[2022.10.22-17.51.23:828][  0]LogConfig: Setting CVar [[r.Shadow.MaxResolution:2048]]
[2022.10.22-17.51.23:828][  0]LogConfig: Setting CVar [[r.Shadow.MaxCSMResolution:2048]]
[2022.10.22-17.51.23:828][  0]LogConfig: Setting CVar [[r.Shadow.RadiusThreshold:0.01]]
[2022.10.22-17.51.23:828][  0]LogConfig: Setting CVar [[r.Shadow.DistanceScale:1.0]]
[2022.10.22-17.51.23:828][  0]LogConfig: Setting CVar [[r.Shadow.CSM.TransitionScale:1.0]]
[2022.10.22-17.51.23:828][  0]LogConfig: Setting CVar [[r.Shadow.PreShadowResolutionFactor:1.0]]
[2022.10.22-17.51.23:828][  0]LogConfig: Setting CVar [[r.DistanceFieldShadowing:1]]
[2022.10.22-17.51.23:828][  0]LogConfig: Setting CVar [[r.DistanceFieldAO:1]]
[2022.10.22-17.51.23:828][  0]LogConfig: Setting CVar [[r.AOQuality:2]]
[2022.10.22-17.51.23:828][  0]LogConfig: Setting CVar [[r.VolumetricFog:1]]
[2022.10.22-17.51.23:828][  0]LogConfig: Setting CVar [[r.VolumetricFog.GridPixelSize:8]]
[2022.10.22-17.51.23:828][  0]LogConfig: Setting CVar [[r.VolumetricFog.GridSizeZ:128]]
[2022.10.22-17.51.23:828][  0]LogConfig: Setting CVar [[r.VolumetricFog.HistoryMissSupersampleCount:4]]
[2022.10.22-17.51.23:828][  0]LogConfig: Setting CVar [[r.LightMaxDrawDistanceScale:1]]
[2022.10.22-17.51.23:828][  0]LogConfig: Setting CVar [[r.CapsuleShadows:1]]
[2022.10.22-17.51.23:828][  0]LogConfig: Applying CVar settings from Section [PostProcessQuality@3] File [D:/MAIN_GAME_DO_NOT_REWRITE/ParkourAbilities/Saved/Config/Windows/Scalability.ini]
[2022.10.22-17.51.23:828][  0]LogConfig: Setting CVar [[r.MotionBlurQuality:4]]
[2022.10.22-17.51.23:828][  0]LogConfig: Setting CVar [[r.AmbientOcclusionMipLevelFactor:0.4]]
[2022.10.22-17.51.23:828][  0]LogConfig: Setting CVar [[r.AmbientOcclusionMaxQuality:100]]
[2022.10.22-17.51.23:828][  0]LogConfig: Setting CVar [[r.AmbientOcclusionLevels:-1]]
[2022.10.22-17.51.23:828][  0]LogConfig: Setting CVar [[r.AmbientOcclusionRadiusScale:1.0]]
[2022.10.22-17.51.23:828][  0]LogConfig: Setting CVar [[r.DepthOfFieldQuality:2]]
[2022.10.22-17.51.23:828][  0]LogConfig: Setting CVar [[r.RenderTargetPoolMin:400]]
[2022.10.22-17.51.23:828][  0]LogConfig: Setting CVar [[r.LensFlareQuality:2]]
[2022.10.22-17.51.23:828][  0]LogConfig: Setting CVar [[r.SceneColorFringeQuality:1]]
[2022.10.22-17.51.23:828][  0]LogConfig: Setting CVar [[r.EyeAdaptationQuality:2]]
[2022.10.22-17.51.23:828][  0]LogConfig: Setting CVar [[r.BloomQuality:5]]
[2022.10.22-17.51.23:828][  0]LogConfig: Setting CVar [[r.FastBlurThreshold:100]]
[2022.10.22-17.51.23:828][  0]LogConfig: Setting CVar [[r.Upscale.Quality:3]]
[2022.10.22-17.51.23:828][  0]LogConfig: Setting CVar [[r.Tonemapper.GrainQuantization:1]]
[2022.10.22-17.51.23:828][  0]LogConfig: Setting CVar [[r.LightShaftQuality:1]]
[2022.10.22-17.51.23:828][  0]LogConfig: Setting CVar [[r.Filter.SizeScale:1]]
[2022.10.22-17.51.23:828][  0]LogConfig: Setting CVar [[r.Tonemapper.Quality:5]]
[2022.10.22-17.51.23:828][  0]LogConfig: Setting CVar [[r.DOF.Gather.AccumulatorQuality:1        ; higher gathering accumulator quality]]
[2022.10.22-17.51.23:828][  0]LogConfig: Setting CVar [[r.DOF.Gather.PostfilterMethod:1          ; Median3x3 postfilering method]]
[2022.10.22-17.51.23:828][  0]LogConfig: Setting CVar [[r.DOF.Gather.EnableBokehSettings:0       ; no bokeh simulation when gathering]]
[2022.10.22-17.51.23:828][  0]LogConfig: Setting CVar [[r.DOF.Gather.RingCount:4                 ; medium number of samples when gathering]]
[2022.10.22-17.51.23:828][  0]LogConfig: Setting CVar [[r.DOF.Scatter.ForegroundCompositing:1    ; additive foreground scattering]]
[2022.10.22-17.51.23:828][  0]LogConfig: Setting CVar [[r.DOF.Scatter.BackgroundCompositing:2    ; additive background scattering]]
[2022.10.22-17.51.23:828][  0]LogConfig: Setting CVar [[r.DOF.Scatter.EnableBokehSettings:1      ; bokeh simulation when scattering]]
[2022.10.22-17.51.23:828][  0]LogConfig: Setting CVar [[r.DOF.Scatter.MaxSpriteRatio:0.1         ; only a maximum of 10% of scattered bokeh]]
[2022.10.22-17.51.23:828][  0]LogConfig: Setting CVar [[r.DOF.Recombine.Quality:1                ; cheap slight out of focus]]
[2022.10.22-17.51.23:828][  0]LogConfig: Setting CVar [[r.DOF.Recombine.EnableBokehSettings:0    ; no bokeh simulation on slight out of focus]]
[2022.10.22-17.51.23:828][  0]LogConfig: Setting CVar [[r.DOF.TemporalAAQuality:1                ; more stable temporal accumulation]]
[2022.10.22-17.51.23:828][  0]LogConfig: Setting CVar [[r.DOF.Kernel.MaxForegroundRadius:0.025]]
[2022.10.22-17.51.23:828][  0]LogConfig: Setting CVar [[r.DOF.Kernel.MaxBackgroundRadius:0.025]]
[2022.10.22-17.51.23:828][  0]LogConfig: Applying CVar settings from Section [TextureQuality@3] File [D:/MAIN_GAME_DO_NOT_REWRITE/ParkourAbilities/Saved/Config/Windows/Scalability.ini]
[2022.10.22-17.51.23:828][  0]LogConfig: Setting CVar [[r.Streaming.MipBias:0]]
[2022.10.22-17.51.23:828][  0]LogConfig: Setting CVar [[r.Streaming.AmortizeCPUToGPUCopy:0]]
[2022.10.22-17.51.23:828][  0]LogConfig: Setting CVar [[r.Streaming.MaxNumTexturesToStreamPerFrame:0]]
[2022.10.22-17.51.23:828][  0]LogConfig: Setting CVar [[r.Streaming.Boost:1]]
[2022.10.22-17.51.23:828][  0]LogConfig: Setting CVar [[r.MaxAnisotropy:8]]
[2022.10.22-17.51.23:828][  0]LogConfig: Setting CVar [[r.VT.MaxAnisotropy:8]]
[2022.10.22-17.51.23:828][  0]LogConfig: Setting CVar [[r.Streaming.LimitPoolSizeToVRAM:0]]
[2022.10.22-17.51.23:828][  0]LogConfig: Setting CVar [[r.Streaming.PoolSize:1000]]
[2022.10.22-17.51.23:828][  0]LogConfig: Setting CVar [[r.Streaming.MaxEffectiveScreenSize:0]]
[2022.10.22-17.51.23:828][  0]LogConfig: Applying CVar settings from Section [EffectsQuality@3] File [D:/MAIN_GAME_DO_NOT_REWRITE/ParkourAbilities/Saved/Config/Windows/Scalability.ini]
[2022.10.22-17.51.23:828][  0]LogConfig: Setting CVar [[r.TranslucencyLightingVolumeDim:64]]
[2022.10.22-17.51.23:828][  0]LogConfig: Setting CVar [[r.RefractionQuality:2]]
[2022.10.22-17.51.23:828][  0]LogConfig: Setting CVar [[r.SSR.Quality:3]]
[2022.10.22-17.51.23:828][  0]LogConfig: Setting CVar [[r.SSR.HalfResSceneColor:0]]
[2022.10.22-17.51.23:828][  0]LogConfig: Setting CVar [[r.SceneColorFormat:4]]
[2022.10.22-17.51.23:828][  0]LogConfig: Setting CVar [[r.DetailMode:2]]
[2022.10.22-17.51.23:828][  0]LogConfig: Setting CVar [[r.TranslucencyVolumeBlur:1]]
[2022.10.22-17.51.23:828][  0]LogConfig: Setting CVar [[r.MaterialQualityLevel:1 ; High quality]]
[2022.10.22-17.51.23:828][  0]LogConfig: Setting CVar [[r.AnisotropicMaterials:1]]
[2022.10.22-17.51.23:829][  0]LogConfig: Setting CVar [[r.SSS.Scale:1]]
[2022.10.22-17.51.23:829][  0]LogConfig: Setting CVar [[r.SSS.SampleSet:2]]
[2022.10.22-17.51.23:829][  0]LogConfig: Setting CVar [[r.SSS.Quality:1]]
[2022.10.22-17.51.23:829][  0]LogConfig: Setting CVar [[r.SSS.HalfRes:0]]
[2022.10.22-17.51.23:829][  0]LogConfig: Setting CVar [[r.SSGI.Quality:3]]
[2022.10.22-17.51.23:829][  0]LogConfig: Setting CVar [[r.EmitterSpawnRateScale:1.0]]
[2022.10.22-17.51.23:829][  0]LogConfig: Setting CVar [[r.ParticleLightQuality:2]]
[2022.10.22-17.51.23:829][  0]LogConfig: Setting CVar [[r.SkyAtmosphere.AerialPerspectiveLUT.FastApplyOnOpaque:1 ; Always have FastSkyLUT 1 in this case to avoid wrong sky]]
[2022.10.22-17.51.23:829][  0]LogConfig: Setting CVar [[r.SkyAtmosphere.AerialPerspectiveLUT.SampleCountMaxPerSlice:4]]
[2022.10.22-17.51.23:829][  0]LogConfig: Setting CVar [[r.SkyAtmosphere.AerialPerspectiveLUT.DepthResolution:16.0]]
[2022.10.22-17.51.23:829][  0]LogConfig: Setting CVar [[r.SkyAtmosphere.FastSkyLUT:1]]
[2022.10.22-17.51.23:829][  0]LogConfig: Setting CVar [[r.SkyAtmosphere.FastSkyLUT.SampleCountMin:4.0]]
[2022.10.22-17.51.23:829][  0]LogConfig: Setting CVar [[r.SkyAtmosphere.FastSkyLUT.SampleCountMax:128.0]]
[2022.10.22-17.51.23:829][  0]LogConfig: Setting CVar [[r.SkyAtmosphere.SampleCountMin:4.0]]
[2022.10.22-17.51.23:829][  0]LogConfig: Setting CVar [[r.SkyAtmosphere.SampleCountMax:128.0]]
[2022.10.22-17.51.23:829][  0]LogConfig: Setting CVar [[r.SkyAtmosphere.TransmittanceLUT.UseSmallFormat:0]]
[2022.10.22-17.51.23:829][  0]LogConfig: Setting CVar [[r.SkyAtmosphere.TransmittanceLUT.SampleCount:10.0]]
[2022.10.22-17.51.23:829][  0]LogConfig: Setting CVar [[r.SkyAtmosphere.MultiScatteringLUT.SampleCount:15.0]]
[2022.10.22-17.51.23:829][  0]LogConfig: Setting CVar [[r.SkyLight.RealTimeReflectionCapture:1]]
[2022.10.22-17.51.23:829][  0]LogConfig: Applying CVar settings from Section [FoliageQuality@3] File [D:/MAIN_GAME_DO_NOT_REWRITE/ParkourAbilities/Saved/Config/Windows/Scalability.ini]
[2022.10.22-17.51.23:829][  0]LogConfig: Setting CVar [[foliage.DensityScale:1.0]]
[2022.10.22-17.51.23:829][  0]LogConfig: Setting CVar [[grass.DensityScale:1.0]]
[2022.10.22-17.51.23:829][  0]LogConfig: Applying CVar settings from Section [ShadingQuality@3] File [D:/MAIN_GAME_DO_NOT_REWRITE/ParkourAbilities/Saved/Config/Windows/Scalability.ini]
[2022.10.22-17.51.23:829][  0]LogConfig: Setting CVar [[r.HairStrands.SkyLighting.IntegrationType:2]]
[2022.10.22-17.51.23:829][  0]LogConfig: Setting CVar [[r.HairStrands.SkyAO.SampleCount:4]]
[2022.10.22-17.51.23:829][  0]LogConfig: Setting CVar [[r.HairStrands.Visibility.MSAA.SamplePerPixel:4]]
[2022.10.22-17.51.23:829][  0]LogConfig: Applying CVar settings from Section [Startup] File [../../../Engine/Config/ConsoleVariables.ini]
[2022.10.22-17.51.23:829][  0]LogConfig: Setting CVar [[net.UseAdaptiveNetUpdateFrequency:0]]
[2022.10.22-17.51.23:829][  0]LogConfig: Setting CVar [[p.chaos.AllowCreatePhysxBodies:1]]
[2022.10.22-17.51.23:829][  0]LogConfig: Setting CVar [[fx.SkipVectorVMBackendOptimizations:1]]
[2022.10.22-17.51.23:829][  0]LogConfig: Applying CVar settings from Section [ConsoleVariables] File [D:/MAIN_GAME_DO_NOT_REWRITE/ParkourAbilities/Saved/Config/Windows/Engine.ini]
[2022.10.22-17.51.23:829][  0]LogConfig: Applying CVar settings from Section [ConsoleVariables] File [D:/MAIN_GAME_DO_NOT_REWRITE/ParkourAbilities/Saved/Config/Windows/Editor.ini]
[2022.10.22-17.51.23:829][  0]LogInit: Computer: DESKTOP-9HNT5NH
[2022.10.22-17.51.23:829][  0]LogInit: User: Kramm
[2022.10.22-17.51.23:829][  0]LogInit: CPU Page size=4096, Cores=6
[2022.10.22-17.51.23:829][  0]LogInit: High frequency timer resolution =10.000000 MHz
[2022.10.22-17.51.23:829][  0]LogMemory: Memory total: Physical=15.9GB (16GB approx)
[2022.10.22-17.51.23:829][  0]LogMemory: Platform Memory Stats for Windows
[2022.10.22-17.51.23:829][  0]LogMemory: Process Physical Memory: 143.62 MB used, 143.62 MB peak
[2022.10.22-17.51.23:829][  0]LogMemory: Process Virtual Memory: 129.77 MB used, 129.77 MB peak
[2022.10.22-17.51.23:829][  0]LogMemory: Physical Memory: 7888.50 MB used,  8444.29 MB free, 16332.79 MB total
[2022.10.22-17.51.23:829][  0]LogMemory: Virtual Memory: 134202104.00 MB used,  15622.47 MB free, 134217728.00 MB total
[2022.10.22-17.51.23:833][  0]LogWindows: WindowsPlatformFeatures enabled
[2022.10.22-17.51.23:869][  0]LogInit: Physics initialised using underlying interface: PhysX
[2022.10.22-17.51.23:869][  0]LogInit: Using OS detected language (en-US).
[2022.10.22-17.51.23:869][  0]LogInit: Using OS detected locale (en-US).
[2022.10.22-17.51.23:872][  0]LogTextLocalizationManager: No specific localization for 'en-US' exists, so the 'en' localization will be used.
[2022.10.22-17.51.24:033][  0]LogInit: Setting process to per monitor DPI aware
[2022.10.22-17.51.24:043][  0]LogWindowsTextInputMethodSystem: Display: IME system deactivated.
[2022.10.22-17.51.24:056][  0]LogSlate: New Slate User Created.  User Index 0, Is Virtual User: 0
[2022.10.22-17.51.24:056][  0]LogSlate: Slate User Registered.  User Index 0, Is Virtual User: 0
[2022.10.22-17.51.24:219][  0]LogD3D11RHI: Loaded GFSDK_Aftermath_Lib.x64.dll
[2022.10.22-17.51.24:221][  0]LogHMD: Failed to initialize OpenVR with code 110
[2022.10.22-17.51.24:221][  0]LogD3D11RHI: D3D11 min allowed feature level: 11_0
[2022.10.22-17.51.24:221][  0]LogD3D11RHI: D3D11 max allowed feature level: 11_0
[2022.10.22-17.51.24:221][  0]LogD3D11RHI: D3D11 adapters:
[2022.10.22-17.51.24:318][  0]LogD3D11RHI:    0. 'NVIDIA GeForce RTX 2060 SUPER' (Feature Level 11_0)
[2022.10.22-17.51.24:318][  0]LogD3D11RHI:       8031/0/8166 MB DedicatedVideo/DedicatedSystem/SharedSystem, Outputs:1, VendorId:0x10de
[2022.10.22-17.51.24:320][  0]LogD3D11RHI:    1. 'Microsoft Basic Render Driver' (Feature Level 11_0)
[2022.10.22-17.51.24:320][  0]LogD3D11RHI:       0/0/8166 MB DedicatedVideo/DedicatedSystem/SharedSystem, Outputs:0, VendorId:0x1414
[2022.10.22-17.51.24:320][  0]LogD3D11RHI: Chosen D3D11 Adapter:
[2022.10.22-17.51.24:320][  0]LogD3D11RHI:     Description : NVIDIA GeForce RTX 2060 SUPER
[2022.10.22-17.51.24:320][  0]LogD3D11RHI:     VendorId    : 10de
[2022.10.22-17.51.24:320][  0]LogD3D11RHI:     DeviceId    : 1f06
[2022.10.22-17.51.24:320][  0]LogD3D11RHI:     SubSysId    : 30673842
[2022.10.22-17.51.24:320][  0]LogD3D11RHI:     Revision    : 00a1
[2022.10.22-17.51.24:320][  0]LogD3D11RHI:     DedicatedVideoMemory : 8421113856 bytes
[2022.10.22-17.51.24:320][  0]LogD3D11RHI:     DedicatedSystemMemory : 0 bytes
[2022.10.22-17.51.24:320][  0]LogD3D11RHI:     SharedSystemMemory : 8563087360 bytes
[2022.10.22-17.51.24:320][  0]LogD3D11RHI:     AdapterLuid : 0 39724
[2022.10.22-17.51.24:325][  0]LogD3D11RHI: Creating new Direct3DDevice
[2022.10.22-17.51.24:325][  0]LogD3D11RHI:     GPU DeviceId: 0x1f06 (for the marketing name, search the web for "GPU Device Id")
[2022.10.22-17.51.24:325][  0]LogWindows: EnumDisplayDevices:
[2022.10.22-17.51.24:325][  0]LogWindows:    0. 'NVIDIA GeForce RTX 2060 SUPER' (P:1 D:1)
[2022.10.22-17.51.24:325][  0]LogWindows:    1. 'NVIDIA GeForce RTX 2060 SUPER' (P:0 D:0)
[2022.10.22-17.51.24:326][  0]LogWindows:    2. 'NVIDIA GeForce RTX 2060 SUPER' (P:0 D:0)
[2022.10.22-17.51.24:326][  0]LogWindows:    3. 'NVIDIA GeForce RTX 2060 SUPER' (P:0 D:0)
[2022.10.22-17.51.24:326][  0]LogWindows: DebugString: FoundDriverCount:4 
[2022.10.22-17.51.24:326][  0]LogD3D11RHI:     Adapter Name: NVIDIA GeForce RTX 2060 SUPER
[2022.10.22-17.51.24:326][  0]LogD3D11RHI:   Driver Version: 516.94 (internal:31.0.15.1694, unified:516.94)
[2022.10.22-17.51.24:326][  0]LogD3D11RHI:      Driver Date: 7-21-2022
[2022.10.22-17.51.24:326][  0]LogRHI: Texture pool is 5621 MB (70% of 8031 MB)
[2022.10.22-17.51.24:326][  0]LogD3D11RHI: Creating D3DDevice using adapter:
[2022.10.22-17.51.24:326][  0]LogD3D11RHI:     Description : NVIDIA GeForce RTX 2060 SUPER
[2022.10.22-17.51.24:326][  0]LogD3D11RHI:     VendorId    : 10de
[2022.10.22-17.51.24:326][  0]LogD3D11RHI:     DeviceId    : 1f06
[2022.10.22-17.51.24:326][  0]LogD3D11RHI:     SubSysId    : 30673842
[2022.10.22-17.51.24:326][  0]LogD3D11RHI:     Revision    : 00a1
[2022.10.22-17.51.24:326][  0]LogD3D11RHI:     DedicatedVideoMemory : 8421113856 bytes
[2022.10.22-17.51.24:326][  0]LogD3D11RHI:     DedicatedSystemMemory : 0 bytes
[2022.10.22-17.51.24:326][  0]LogD3D11RHI:     SharedSystemMemory : 8563087360 bytes
[2022.10.22-17.51.24:326][  0]LogD3D11RHI:     AdapterLuid : 0 39724
[2022.10.22-17.51.24:377][  0]LogD3D11RHI: RHI has support for 64 bit atomics
[2022.10.22-17.51.24:377][  0]LogD3D11RHI: Async texture creation enabled
[2022.10.22-17.51.24:377][  0]LogD3D11RHI: Array index from any shader is supported
[2022.10.22-17.51.24:391][  0]LogD3D11RHI: GPU Timing Frequency: 1000.000000 (Debug: 2 1)
[2022.10.22-17.51.24:414][  0]LogRHI: GeForceNow SDK initialized: 1
[2022.10.22-17.51.24:641][  0]LogTargetPlatformManager: Display: Loaded TargetPlatform 'AllDesktop'
[2022.10.22-17.51.24:661][  0]LogTargetPlatformManager: Display: Loaded TargetPlatform 'Android'
[2022.10.22-17.51.24:661][  0]LogTargetPlatformManager: Display: Loaded TargetPlatform 'Android_ASTC'
[2022.10.22-17.51.24:661][  0]LogTargetPlatformManager: Display: Loaded TargetPlatform 'Android_DXT'
[2022.10.22-17.51.24:661][  0]LogTargetPlatformManager: Display: Loaded TargetPlatform 'Android_ETC2'
[2022.10.22-17.51.24:661][  0]LogTargetPlatformManager: Display: Loaded TargetPlatform 'AndroidClient'
[2022.10.22-17.51.24:661][  0]LogTargetPlatformManager: Display: Loaded TargetPlatform 'Android_ASTCClient'
[2022.10.22-17.51.24:661][  0]LogTargetPlatformManager: Display: Loaded TargetPlatform 'Android_DXTClient'
[2022.10.22-17.51.24:661][  0]LogTargetPlatformManager: Display: Loaded TargetPlatform 'Android_ETC2Client'
[2022.10.22-17.51.24:661][  0]LogTargetPlatformManager: Display: Loaded TargetPlatform 'Android_Multi'
[2022.10.22-17.51.24:661][  0]LogTargetPlatformManager: Display: Loaded TargetPlatform 'Android_MultiClient'
[2022.10.22-17.51.24:677][  0]LogTargetPlatformManager: Display: Loaded TargetPlatform 'IOSClient'
[2022.10.22-17.51.24:677][  0]LogTargetPlatformManager: Display: Loaded TargetPlatform 'IOS'
[2022.10.22-17.51.24:685][  0]LogTargetPlatformManager: Display: Loaded TargetPlatform 'Linux'
[2022.10.22-17.51.24:689][  0]LogTargetPlatformManager: Display: Loaded TargetPlatform 'LinuxNoEditor'
[2022.10.22-17.51.24:693][  0]LogTargetPlatformManager: Display: Loaded TargetPlatform 'LinuxClient'
[2022.10.22-17.51.24:696][  0]LogTargetPlatformManager: Display: Loaded TargetPlatform 'LinuxServer'
[2022.10.22-17.51.24:704][  0]LogTargetPlatformManager: Display: Loaded TargetPlatform 'LinuxAArch64NoEditor'
[2022.10.22-17.51.24:708][  0]LogTargetPlatformManager: Display: Loaded TargetPlatform 'LinuxAArch64Client'
[2022.10.22-17.51.24:711][  0]LogTargetPlatformManager: Display: Loaded TargetPlatform 'LinuxAArch64Server'
[2022.10.22-17.51.24:732][  0]LogTargetPlatformManager: Display: Loaded TargetPlatform 'Lumin'
[2022.10.22-17.51.24:732][  0]LogTargetPlatformManager: Display: Loaded TargetPlatform 'LuminClient'
[2022.10.22-17.51.24:739][  0]LogTargetPlatformManager: Display: Loaded TargetPlatform 'MacNoEditor'
[2022.10.22-17.51.24:743][  0]LogTargetPlatformManager: Display: Loaded TargetPlatform 'Mac'
[2022.10.22-17.51.24:747][  0]LogTargetPlatformManager: Display: Loaded TargetPlatform 'MacClient'
[2022.10.22-17.51.24:751][  0]LogTargetPlatformManager: Display: Loaded TargetPlatform 'MacServer'
[2022.10.22-17.51.24:759][  0]LogTargetPlatformManager: Display: Loaded TargetPlatform 'TVOSClient'
[2022.10.22-17.51.24:759][  0]LogTargetPlatformManager: Display: Loaded TargetPlatform 'TVOS'
[2022.10.22-17.51.24:767][  0]LogTargetPlatformManager: Display: Loaded TargetPlatform 'WindowsNoEditor'
[2022.10.22-17.51.24:772][  0]LogTargetPlatformManager: Display: Loaded TargetPlatform 'Windows'
[2022.10.22-17.51.24:775][  0]LogTargetPlatformManager: Display: Loaded TargetPlatform 'WindowsClient'
[2022.10.22-17.51.24:779][  0]LogTargetPlatformManager: Display: Loaded TargetPlatform 'WindowsServer'
[2022.10.22-17.51.24:779][  0]LogTargetPlatformManager: Display: Building Assets For Windows
[2022.10.22-17.51.24:785][  0]LogAudioDebug: Display: Lib vorbis DLL was dynamically loaded.
[2022.10.22-17.51.24:808][  0]LogTextureFormatOodle: Display: Oodle Texture 2.9.0 init RDO Off
[2022.10.22-17.51.24:832][  0]LogRendererCore: Ray tracing is disabled. Reason: r.RayTracing=0.
[2022.10.22-17.51.24:832][  0]LogShaderCompilers: Guid format shader working directory is -10 characters bigger than the processId version (../../../../../MAIN_GAME_DO_NOT_REWRITE/ParkourAbilities/Intermediate/Shaders/WorkingDirectory/7244/).
[2022.10.22-17.51.24:833][  0]LogShaderCompilers: Cleaned the shader compiler working directory 'C:/Users/Kramm/AppData/Local/Temp/UnrealShaderWorkingDir/FCF783CE46CB4C1D24B6FA838A6AE3C7/'.
[2022.10.22-17.51.24:833][  0]LogXGEController: Cannot use XGE Controller as Incredibuild is not installed on this machine.
[2022.10.22-17.51.24:833][  0]LogShaderCompilers: Cannot use XGE Shader Compiler as Incredibuild is not installed on this machine.
[2022.10.22-17.51.24:833][  0]LogShaderCompilers: Display: Using Local Shader Compiler.
[2022.10.22-17.51.25:444][  0]LogDerivedDataCache: Display: Max Cache Size: 512 MB
[2022.10.22-17.51.25:504][  0]LogDerivedDataCache: Loaded boot cache 0.06s 94MB C:/Users/Kramm/AppData/Local/UnrealEngine/4.27/DerivedDataCache/Boot.ddc.
[2022.10.22-17.51.25:504][  0]LogDerivedDataCache: Display: Loaded Boot cache: C:/Users/Kramm/AppData/Local/UnrealEngine/4.27/DerivedDataCache/Boot.ddc
[2022.10.22-17.51.25:504][  0]LogDerivedDataCache: FDerivedDataBackendGraph:  Pak pak cache file ../../../../../MAIN_GAME_DO_NOT_REWRITE/ParkourAbilities/DerivedDataCache/DDC.ddp not found, will not use a pak cache.
[2022.10.22-17.51.25:504][  0]LogDerivedDataCache: Unable to find inner node Pak for hierarchical cache Hierarchy.
[2022.10.22-17.51.25:504][  0]LogDerivedDataCache: FDerivedDataBackendGraph:  CompressedPak pak cache file ../../../../../MAIN_GAME_DO_NOT_REWRITE/ParkourAbilities/DerivedDataCache/Compressed.ddp not found, will not use a pak cache.
[2022.10.22-17.51.25:504][  0]LogDerivedDataCache: Unable to find inner node CompressedPak for hierarchical cache Hierarchy.
[2022.10.22-17.51.25:520][  0]LogDerivedDataCache: Display: Pak cache opened for reading ../../../Engine/DerivedDataCache/Compressed.ddp.
[2022.10.22-17.51.25:521][  0]LogDerivedDataCache: FDerivedDataBackendGraph:  EnterprisePak pak cache file ../../../Enterprise/DerivedDataCache/Compressed.ddp not found, will not use a pak cache.
[2022.10.22-17.51.25:521][  0]LogDerivedDataCache: Unable to find inner node EnterprisePak for hierarchical cache Hierarchy.
[2022.10.22-17.51.25:526][  0]LogDerivedDataCache: Speed tests for C:/Users/Kramm/AppData/Local/UnrealEngine/Common/DerivedDataCache took 0.01 seconds
[2022.10.22-17.51.25:526][  0]LogDerivedDataCache: Display: Performance to C:/Users/Kramm/AppData/Local/UnrealEngine/Common/DerivedDataCache: Latency=0.03ms. RandomReadSpeed=1346.79MBs, RandomWriteSpeed=215.24MBs. Assigned SpeedClass 'Local'
[2022.10.22-17.51.25:527][  0]LogDerivedDataCache: Using Local data cache path C:/Users/Kramm/AppData/Local/UnrealEngine/Common/DerivedDataCache: Writable
[2022.10.22-17.51.25:527][  0]LogDerivedDataCache: Shared data cache path not found in *engine.ini, will not use an Shared cache.
[2022.10.22-17.51.25:527][  0]LogDerivedDataCache: Unable to find inner node Shared for hierarchical cache Hierarchy.
[2022.10.22-17.51.25:569][  0]LogSlate: Using FreeType 2.10.0
[2022.10.22-17.51.25:570][  0]LogSlate: SlateFontServices - WITH_FREETYPE: 1, WITH_HARFBUZZ: 1
[2022.10.22-17.51.25:592][  0]LogAssetRegistry: FAssetRegistry took 0.0026 seconds to start up
[2022.10.22-17.51.25:804][  0]LogInit: Selected Device Profile: [Windows]
[2022.10.22-17.51.25:805][  0]LogInit: Active device profile: [000001E4C52B4900][000001E4C0009C00 49] Windows
[2022.10.22-17.51.25:805][  0]LogInit: Profiles: [000001E4C52B4900][000001E4C0009C00 49] Windows, [000001E4C5277800][000001E4C3D8C200 49] WindowsNoEditor, [000001E4C52B7500][000001E4C3D90380 49] WindowsServer, [000001E4C5274E00][000001E4C3D94500 49] WindowsClient, [000001E4C52B7800][000001E4C3D98680 49] IOS, [000001E4C5276800][000001E4C000C7C0 49] iPadAir, [000001E4C52B6000][000001E4C3D9C900 49] iPadAir2, [000001E4C522CA00][000001E4C3DA4B40 49] IPadPro, [000001E4C522CB00][000001E4C3DA0B80 49] iPadAir3, [000001E4C5275900][000001E4C3DACD00 49] iPadAir4, [000001E4C522F400][000001E4C606CE80 49] iPadMini2, [000001E4C5276A00][000001E4C6071000 49] iPadMini3, [000001E4C522D700][000001E4C6075180 49] iPadMini4, [000001E4C52B5100][000001E4C6079300 49] iPadMini5, [000001E4C5234300][000001E4C60815C0 49] iPhone6, [000001E4C5234400][000001E4C607D600 49] iPodTouch6, [000001E4C521FF00][000001E4C60898C0 49] iPhone7, [000001E4C521FE00][000001E4C6085900 49] iPodTouch7, [000001E4C5276000][000001E4C608DA80 49] iPhone5S, [000001E4C521DA00][000001E4C6091C00 49] iPhone6Plus, [000001E4C5234200][000001E4C6094200 49] iPhone6S, [000001E4C521C600][000001E4C6098380 49] iPhone6SPlus, [000001E4C5236900][000001E4C1AE0500 49] iPhone7Plus, [000001E4C521F100][000001E4C1AEC680 49] iPhoneSE, [000001E4C5236200][000001E4C1B76800 49] iPhone8, [000001E4C521FB00][000001E4C3DA8940 49] iPhone8Plus, [000001E4C5234A00][000001E4C61BAA80 49] iPhoneX, [000001E4C521D400][000001E4C2012BC0 49] iPhoneXS, [000001E4C5237D00][000001E4C2016D00 49] iPhoneXSMax, [000001E4C521C500][000001E4BFDD8E80 49] iPhoneXR, [000001E4C5235300][000001E4C2027000 49] iPhone11, [000001E4C521E700][000001E4C202B180 49] iPhone11Pro, [000001E4C5235000][000001E4C19E9300 49] iPhone11ProMax, [000001E4C521EA00][000001E4C3A9F480 49] iPhoneSE2, [000001E4C5235400][000001E4C3AA3600 49] iPhone12Mini, [000001E4C521E400][000001E4C3AA7780 49] iPhone12, [000001E4C5234D00][000001E4C3AAB900 49] iPhone12Pro, [000001E4C521EB00][000001E4C3AB3A80 49] iPhone12ProMax, [000001E4C5237000][000001E4C3ABBC00 49] iPadPro105, [000001E4C521C700][000001E4C3AC2200 49] iPadPro129, [000001E4C5236800][000001E4C3AC6380 49] iPadPro97, [000001E4C521E600][000001E4C3AF0500 49] iPadPro2_129, [000001E4C5237C00][000001E4C60A0680 49] iPad5, [000001E4C521E200][000001E4C60D8800 49] iPad6, [000001E4C5234F00][000001E4C1AF8980 49] iPad7, [000001E4C521FC00][000001E4C3AF4B00 49] iPad8, [000001E4C5237400][000001E4BFDD4C40 49] iPadPro11, [000001E4C521EF00][000001E4C1B46D80 49] iPadPro2_11, [000001E4C5237900][000001E4C1B4AEC0 49] iPadPro3_129, [000001E4C521D700][000001E4C1B73040 49] iPadPro4_129, [000001E4C5235100][000001E4C61651C0 49] AppleTV, [000001E4C521E100][000001E4C1FE3340 49] AppleTV4K, [000001E4C5235F00][000001E4C1FE74C0 49] TVOS, [000001E4C521F400][000001E4C1FEB640 49] Mac, [000001E4C5237800][000001E4BFDBB7C0 49] MacClient, [000001E4C521DE00][000001E4C6199940 49] MacNoEditor, [000001E4C5237F00][000001E4BFDCFAC0 49] MacServer, [000001E4C521D200][000001E4C619C0C0 49] Linux, [000001E4C5234C00][000001E4C1FEE240 49] LinuxAArch64, [000001E4C521DF00][000001E4C1A783C0 49] LinuxNoEditor, [000001E4C5235B00][000001E4C7B56540 49] LinuxAArch64NoEditor, [000001E4C521FA00][000001E4C7B6C6C0 49] LinuxClient, [000001E4C5237500][000001E4C7B74840 49] LinuxAArch64Client, [000001E4C521D000][000001E4C7B7C9C0 49] LinuxServer, [000001E4C5236500][000001E4C7B80B40 49] LinuxAArch64Server, [000001E4C521CA00][000001E4C7B84CC0 49] Android, [000001E4C5237300][000001E4C1B6EE00 49] Android_Low, [000001E4C521F500][000001E4C7CA2F40 49] Android_Mid, [000001E4C5234600][000001E4C7CA7080 49] Android_High, [000001E4C521C200][000001E4C7CAB1C0 49] Android_Default, [000001E4C5237100][000001E4C7D23340 49] Android_Adreno4xx, [000001E4C521D100][000001E4C7D274C0 49] Android_Adreno5xx_Low, [000001E4C522F600][000001E4C7D55640 49] Android_Adreno5xx, [000001E4C5275500][000001E4C7D597C0 49] Android_Adreno6xx, [000001E4C522CF00][000001E4C7D8D940 49] Android_Adreno6xx_Vulkan, [000001E4C5277C00][000001E4C726DAC0 49] Android_Mali_T6xx, [000001E4C522D100][000001E4C727A0C0 49] Android_Mali_T7xx, [000001E4C5275600][000001E4C6114240 49] Android_Mali_T8xx, [000001E4C522DE00][000001E4C61183C0 49] Android_Mali_G71, [000001E4C5274500][000001E4C6158540 49] Android_Mali_G72, [000001E4C522C800][000001E4C615C6C0 49] Android_Mali_G72_Vulkan, [000001E4C5277A00][000001E4C6160840 49] Android_Mali_G76, [000001E4C522C100][000001E4C1F749C0 49] Android_Mali_G76_Vulkan, [000001E4C5275F00][000001E4C1F78B40 49] Android_Mali_G77, [000001E4C522D000][000001E4C1F7CCC0 49] Android_Mali_G77_Vulkan, [000001E4C5274A00][000001E4C1F80E40 49] Android_Mali_G78, [000001E4C522EC00][000001E4C7D1EF80 49] Android_Mali_G78_Vulkan, [000001E4C5277600][000001E4C1F850C0 49] Android_Mali_G710, [000001E4C522EB00][000001E4C1F8F200 49] Android_Mali_G710_Vulkan, [000001E4C5277F00][000001E4C1B63340 49] Android_Vulkan_SM5, [000001E4C522FB00][000001E4C1FCB4C0 49] Android_PowerVR_G6xxx, [000001E4C5274100][000001E4C1FCF640 49] Android_PowerVR_GT7xxx, [000001E4C522E300][000001E4C1FD37C0 49] Android_PowerVR_GE8xxx, [000001E4C5274C00][000001E4C1FD7940 49] Android_PowerVR_GM9xxx, [000001E4C522E700][000001E4C1FDBAC0 49] Android_PowerVR_GM9xxx_Vulkan, [000001E4C5276700][000001E4C1FDE0C0 49] Android_TegraK1, [000001E4C522C600][000001E4BF7BA240 49] Android_Unknown_Vulkan, [000001E4C5276D00][000001E4BF7BE3C0 49] Lumin, [000001E4C522C500][000001E4BF7C2540 49] Lumin_Desktop, [000001E4C5276500][000001E4BF7C66C0 49] HoloLens, 
[2022.10.22-17.51.25:911][  0]LogMeshReduction: Using QuadricMeshReduction for automatic static mesh reduction
[2022.10.22-17.51.25:911][  0]LogMeshReduction: Using SimplygonMeshReduction for automatic skeletal mesh reduction
[2022.10.22-17.51.25:911][  0]LogMeshReduction: Using ProxyLODMeshReduction for automatic mesh merging
[2022.10.22-17.51.25:911][  0]LogMeshReduction: No distributed automatic mesh merging module available
[2022.10.22-17.51.25:911][  0]LogMeshMerging: No distributed automatic mesh merging module available
[2022.10.22-17.51.25:924][  0]LogNetVersion: ParkourAbilities 1.0.0, NetCL: 17155196, EngineNetVer: 17, GameNetVer: 0 (Checksum: 3718111912)
[2022.10.22-17.51.26:265][  0]LogTexture: Default maximum texture size for cubemaps generated from long-lat sources has been changed from 512 to unlimited. In order to preserve old behaiour for '/Engine/MapTemplates/Sky/DaylightAmbientCubemap.DaylightAmbientCubemap', its maximum texture size has been explicitly set to 512.
[2022.10.22-17.51.26:312][  0]LogHMD: PokeAHoleMaterial loaded successfully
[2022.10.22-17.51.26:318][  0]LogUObjectArray: 17178 objects as part of root set at end of initial load.
[2022.10.22-17.51.26:318][  0]LogUObjectAllocator: 4302048 out of 0 bytes used by permanent object pool.
[2022.10.22-17.51.26:318][  0]LogUObjectArray: CloseDisregardForGC: 0/0 objects in disregard for GC pool
[2022.10.22-17.51.26:537][  0]LogNiagaraDebuggerClient: Niagara Debugger Client Initialized | Session: 8ABA951A4C97C04A584EEABAB1E1D86C | Instance: CD31480C4DC85A2187426B80F5215A4B (DESKTOP-9HNT5NH-7244).
[2022.10.22-17.51.26:566][  0]LogPython: Using Python 3.7.7
[2022.10.22-17.51.27:101][  0]LogTcpMessaging: Initializing TcpMessaging bridge
[2022.10.22-17.51.27:104][  0]LogUdpMessaging: Initializing bridge on interface 0.0.0.0:0 to multicast group 230.0.0.1:6666.
[2022.10.22-17.51.27:234][  0]SourceControl: Source control is disabled
[2022.10.22-17.51.27:234][  0]SourceControl: Source control is disabled
[2022.10.22-17.51.27:236][  0]SourceControl: Source control is disabled
[2022.10.22-17.51.27:238][  0]SourceControl: Source control is disabled
[2022.10.22-17.51.27:245][  0]SourceControl: Source control is disabled
[2022.10.22-17.51.27:251][  0]LogUProjectInfo: Found projects:
[2022.10.22-17.51.27:254][  0]LogVSAccessor: Display: Unable to create Visual Studio setup instance: 80040154
[2022.10.22-17.51.27:254][  0]LogVSAccessor: Display: Unable to create Visual Studio setup instance: 80040154
[2022.10.22-17.51.27:255][  0]LogVSAccessor: Display: Unable to create Visual Studio setup instance: 80040154
[2022.10.22-17.51.27:425][  0]LogOpenImageDenoise: OIDN starting up
[2022.10.22-17.51.27:460][  0]LogAndroidPermission: UAndroidPermissionCallbackProxy::GetInstance
[2022.10.22-17.51.27:478][  0]LogAudioCaptureCore: Display: No Audio Capture implementations found. Audio input will be silent.
[2022.10.22-17.51.27:478][  0]LogAudioCaptureCore: Display: No Audio Capture implementations found. Audio input will be silent.
[2022.10.22-17.51.27:583][  0]LogCollectionManager: Loaded 0 collections in 0.000692 seconds
[2022.10.22-17.51.27:604][  0]LogFileCache: Scanning file cache for directory 'D:/MAIN_GAME_DO_NOT_REWRITE/ParkourAbilities/Saved/Collections/' took 0.00s
[2022.10.22-17.51.27:604][  0]LogFileCache: Scanning file cache for directory 'D:/MAIN_GAME_DO_NOT_REWRITE/ParkourAbilities/Content/Developers/Kramm/Collections/' took 0.00s
[2022.10.22-17.51.27:604][  0]LogFileCache: Scanning file cache for directory 'D:/MAIN_GAME_DO_NOT_REWRITE/ParkourAbilities/Content/Collections/' took 0.00s
[2022.10.22-17.51.27:604][  0]LogOcInput: OculusInput pre-init called
[2022.10.22-17.51.27:801][  0]LogEngine: Initializing Engine...
[2022.10.22-17.51.27:803][  0]LogHMD: Failed to enumerate extensions. Please check that you have a valid OpenXR runtime installed.
[2022.10.22-17.51.27:804][  0]LogHMD: Failed to initialize OpenVR with code 110
[2022.10.22-17.51.27:804][  0]LogMagicLeap: Warning: VR disabled because ZI is not enabled.  To enable, in the editor, Edit -> Project Settings -> Plugins -> Magic Leap Plugin -> Enable Zero Iteration
[2022.10.22-17.51.27:804][  0]LogStats: UGameplayTagsManager::InitializeManager -  0.000 s
[2022.10.22-17.51.27:899][  0]LogInit: Initializing FReadOnlyCVARCache
[2022.10.22-17.51.27:907][  0]LogAIModule: Creating AISystem for world Untitled
[2022.10.22-17.51.27:913][  0]LogAudio: Display: Initializing Audio Device Manager...
[2022.10.22-17.51.27:916][  0]LogAudio: Display: Loading Default Audio Settings Objects...
[2022.10.22-17.51.27:916][  0]LogAudio: Display: No default SoundConcurrencyObject specified (or failed to load).
[2022.10.22-17.51.27:917][  0]LogAudio: Display: Audio Device Manager Initialized
[2022.10.22-17.51.27:917][  0]LogAudio: Display: Creating Audio Device:                 Id: 1, Scope: Shared, Realtime: True
[2022.10.22-17.51.27:917][  0]LogAudioMixer: Display: Audio Mixer Platform Settings:
[2022.10.22-17.51.27:917][  0]LogAudioMixer: Display: 	Sample Rate:						  48000
[2022.10.22-17.51.27:917][  0]LogAudioMixer: Display: 	Callback Buffer Frame Size Requested: 1024
[2022.10.22-17.51.27:917][  0]LogAudioMixer: Display: 	Callback Buffer Frame Size To Use:	  1024
[2022.10.22-17.51.27:917][  0]LogAudioMixer: Display: 	Number of buffers to queue:			  2
[2022.10.22-17.51.27:917][  0]LogAudioMixer: Display: 	Max Channels (voices):				  32
[2022.10.22-17.51.27:917][  0]LogAudioMixer: Display: 	Number of Async Source Workers:		  0
[2022.10.22-17.51.27:917][  0]LogAudio: Display: AudioDevice MaxSources: 32
[2022.10.22-17.51.27:917][  0]LogAudio: Display: Audio Spatialization Plugin: None (built-in).
[2022.10.22-17.51.27:917][  0]LogAudio: Display: Audio Reverb Plugin: None (built-in).
[2022.10.22-17.51.27:917][  0]LogAudio: Display: Audio Occlusion Plugin: None (built-in).
[2022.10.22-17.51.27:917][  0]LogAudioMixer: Display: Initializing audio mixer.
[2022.10.22-17.51.27:926][  0]LogAudioMixer: Display: 0: FrontLeft
[2022.10.22-17.51.27:926][  0]LogAudioMixer: Display: 1: FrontRight
[2022.10.22-17.51.27:938][  0]LogAudioMixer: Display: Using Audio Device Headphones (Arctis 7 Game)
[2022.10.22-17.51.27:940][  0]LogAudioMixer: Display: Initializing Sound Submixes...
[2022.10.22-17.51.27:942][  0]LogAudioMixer: Display: Creating Master Submix 'MasterSubmixDefault'
[2022.10.22-17.51.27:943][  0]LogAudioMixer: Display: Creating Master Submix 'MasterReverbSubmixDefault'
[2022.10.22-17.51.27:943][  0]LogAudioMixer: Display: Creating Master Submix 'MasterEQSubmixDefault'
[2022.10.22-17.51.27:943][  0]LogAudioMixer: FMixerPlatformXAudio2::StartAudioStream() called
[2022.10.22-17.51.27:943][  0]LogAudioMixer: Display: Output buffers initialized: Frames=1024, Channels=2, Samples=2048
[2022.10.22-17.51.27:944][  0]LogAudioMixer: Display: Starting AudioMixerPlatformInterface::RunInternal()
[2022.10.22-17.51.27:944][  0]LogAudioMixer: Display: FMixerPlatformXAudio2::SubmitBuffer() called for the first time
[2022.10.22-17.51.27:944][  0]LogInit: FAudioDevice initialized.
[2022.10.22-17.51.27:944][  0]LogAudio: Display: Audio Device (ID: 1) registered with world 'Untitled'.
[2022.10.22-17.51.27:944][  0]LogNetVersion: Set ProjectVersion to 1.0.0.0. Version Checksum will be recalculated on next use.
[2022.10.22-17.51.27:998][  0]LogDerivedDataCache: Saved boot cache 0.05s 94MB C:/Users/Kramm/AppData/Local/UnrealEngine/4.27/DerivedDataCache/Boot.ddc.
[2022.10.22-17.51.27:998][  0]LogInit: Texture streaming: Enabled
[2022.10.22-17.51.28:008][  0]LogAnalytics: Display: [UEEditor.Rocket.Release] APIServer = https://datarouter.ol.epicgames.com/. AppVersion = 4.27.2-18319896+++UE4+Release-4.27
[2022.10.22-17.51.28:011][  0]LogEngineSessionManager: EngineSessionManager initialized
[2022.10.22-17.51.28:011][  0]LogEditorSessionSummary: Verbose: Initializing EditorSessionSummaryWriter for editor session tracking
[2022.10.22-17.51.28:013][  0]LogEditorSessionSummary: EditorSessionSummaryWriter initialized
[2022.10.22-17.51.28:039][  0]LogInit: Transaction tracking system initialized
[2022.10.22-17.51.28:057][  0]BlueprintLog: New page: Editor Load
[2022.10.22-17.51.28:106][  0]LocalizationService: Localization service is disabled
[2022.10.22-17.51.28:125][  0]TimingProfiler: Initialize
[2022.10.22-17.51.28:126][  0]TimingProfiler: OnSessionChanged
[2022.10.22-17.51.28:126][  0]LoadingProfiler: Initialize
[2022.10.22-17.51.28:126][  0]LoadingProfiler: OnSessionChanged
[2022.10.22-17.51.28:126][  0]NetworkingProfiler: Initialize
[2022.10.22-17.51.28:126][  0]NetworkingProfiler: OnSessionChanged
[2022.10.22-17.51.28:126][  0]MemoryProfiler: Initialize
[2022.10.22-17.51.28:126][  0]MemoryProfiler: OnSessionChanged
[2022.10.22-17.51.28:174][  0]LogVSAccessor: Display: Unable to create Visual Studio setup instance: 80040154
[2022.10.22-17.51.28:175][  0]LogVSAccessor: Display: Unable to create Visual Studio setup instance: 80040154
[2022.10.22-17.51.28:175][  0]LogVSAccessor: Display: Unable to create Visual Studio setup instance: 80040154
[2022.10.22-17.51.28:243][  0]LogCook: Display: CookSettings for Memory: MemoryMaxUsedVirtual 0MiB, MemoryMaxUsedPhysical 16384MiB, MemoryMinFreeVirtual 0MiB, MemoryMinFreePhysical 1024MiB
[2022.10.22-17.51.28:243][  0]LogCook: Display: Mobile HDR setting 1
[2022.10.22-17.51.28:553][  0]LogInit: Display: Engine is initialized. Leaving FEngineLoop::Init()
[2022.10.22-17.51.28:556][  0]SourceControl: Source control is disabled
[2022.10.22-17.51.28:556][  0]LogUnrealEdMisc: Loading editor; pre map load, took 5.766
[2022.10.22-17.51.28:556][  0]Cmd: MAP LOAD FILE="../../../../../MAIN_GAME_DO_NOT_REWRITE/ParkourAbilities/Content/FirstPersonBP/Maps/MyMap.umap" TEMPLATE=0 SHOWPROGRESS=1 FEATURELEVEL=3
[2022.10.22-17.51.28:556][  0]LightingResults: New page: Lighting Build
[2022.10.22-17.51.28:558][  0]LogWorld: UWorld::CleanupWorld for Untitled, bSessionEnded=true, bCleanupResources=true
[2022.10.22-17.51.28:558][  0]LogSlate: InvalidateAllWidgets triggered.  All widgets were invalidated
[2022.10.22-17.51.28:558][  0]MapCheck: New page: Map Check
[2022.10.22-17.51.28:558][  0]LightingResults: New page: Lighting Build
[2022.10.22-17.51.28:564][  0]LogAudio: Display: Audio Device unregistered from world 'None'.
[2022.10.22-17.51.28:566][  0]LogUObjectHash: Compacting FUObjectHashTables data took   0.80ms
[2022.10.22-17.51.28:582][  0]LogAudio: Display: Audio Device (ID: 1) registered with world 'MyMap'.
[2022.10.22-17.51.28:583][  0]LogAIModule: Creating AISystem for world MyMap
[2022.10.22-17.51.28:586][  0]LogEditorServer: Finished looking for orphan Actors (0.000 secs)
[2022.10.22-17.51.28:592][  0]LogUObjectHash: Compacting FUObjectHashTables data took   0.80ms
[2022.10.22-17.51.28:592][  0]Cmd: MAP CHECKDEP NOCLEARLOG
[2022.10.22-17.51.28:592][  0]MapCheck: Map check complete: 0 Error(s), 0 Warning(s), took 0.103ms to complete.
[2022.10.22-17.51.28:592][  0]LogFileHelpers: Loading map 'MyMap' took 0.036
[2022.10.22-17.51.28:594][  0]LogUnrealEdMisc: Total Editor Startup Time, took 5.805
[2022.10.22-17.51.28:732][  0]LogSlate: Updating window title bar state: overlay mode, drag disabled, window buttons hidden, title bar hidden
[2022.10.22-17.51.28:738][  0]LogSlate: Updating window title bar state: overlay mode, drag disabled, window buttons hidden, title bar hidden
[2022.10.22-17.51.28:744][  0]LogSlate: Updating window title bar state: overlay mode, drag disabled, window buttons hidden, title bar hidden
[2022.10.22-17.51.28:749][  0]LogSlate: Updating window title bar state: overlay mode, drag disabled, window buttons hidden, title bar hidden
[2022.10.22-17.51.28:762][  0]LogNativeClassHierarchy: Verbose: Native class hierarchy populated in 0.0095 seconds. Added 3822 classes and 928 folders.
[2022.10.22-17.51.28:764][  0]LogNativeClassHierarchy: Verbose: Native class hierarchy updated for 'WidgetCarousel' in 0.0003 seconds. Added 0 classes and 0 folders.
[2022.10.22-17.51.28:765][  0]LogPakFile: PakFile PrimaryIndexSize=187
[2022.10.22-17.51.28:765][  0]LogPakFile: PakFile PathHashIndexSize=101
[2022.10.22-17.51.28:765][  0]LogPakFile: PakFile FullDirectoryIndexSize=148
[2022.10.22-17.51.28:765][  0]LogShaderLibrary: Display: ShaderCodeLibraryPakFileMountedCallback: PakFile 'D:/EpicGames/UE_4.27/FeaturePacks/FP_FirstPerson.upack' (chunk index -1, root 'root:/') mounted
[2022.10.22-17.51.28:765][  0]LogShaderLibrary: Display: ShaderCodeLibraryPakFileMountedCallback: pending pak file info (ChunkID:-1 Root:root:/ File:D:/EpicGames/UE_4.27/FeaturePacks/FP_FirstPerson.upack)
[2022.10.22-17.51.28:765][  0]LogPakFile: OnPakFileMounted2Time == 0.000049
[2022.10.22-17.51.28:766][  0]LogPakFile: PakFile PrimaryIndexSize=189
[2022.10.22-17.51.28:766][  0]LogPakFile: PakFile PathHashIndexSize=101
[2022.10.22-17.51.28:766][  0]LogPakFile: PakFile FullDirectoryIndexSize=152
[2022.10.22-17.51.28:766][  0]LogShaderLibrary: Display: ShaderCodeLibraryPakFileMountedCallback: PakFile 'D:/EpicGames/UE_4.27/FeaturePacks/FP_FirstPersonBP.upack' (chunk index -1, root 'root:/') mounted
[2022.10.22-17.51.28:766][  0]LogShaderLibrary: Display: ShaderCodeLibraryPakFileMountedCallback: pending pak file info (ChunkID:-1 Root:root:/ File:D:/EpicGames/UE_4.27/FeaturePacks/FP_FirstPersonBP.upack)
[2022.10.22-17.51.28:766][  0]LogPakFile: OnPakFileMounted2Time == 0.000031
[2022.10.22-17.51.28:767][  0]LogPakFile: PakFile PrimaryIndexSize=191
[2022.10.22-17.51.28:767][  0]LogPakFile: PakFile PathHashIndexSize=101
[2022.10.22-17.51.28:767][  0]LogPakFile: PakFile FullDirectoryIndexSize=160
[2022.10.22-17.51.28:767][  0]LogShaderLibrary: Display: ShaderCodeLibraryPakFileMountedCallback: PakFile 'D:/EpicGames/UE_4.27/FeaturePacks/MobileStarterContent.upack' (chunk index -1, root 'root:/') mounted
[2022.10.22-17.51.28:767][  0]LogShaderLibrary: Display: ShaderCodeLibraryPakFileMountedCallback: pending pak file info (ChunkID:-1 Root:root:/ File:D:/EpicGames/UE_4.27/FeaturePacks/MobileStarterContent.upack)
[2022.10.22-17.51.28:767][  0]LogPakFile: OnPakFileMounted2Time == 0.000028
[2022.10.22-17.51.28:767][  0]LogPakFile: PakFile PrimaryIndexSize=185
[2022.10.22-17.51.28:767][  0]LogPakFile: PakFile PathHashIndexSize=101
[2022.10.22-17.51.28:767][  0]LogPakFile: PakFile FullDirectoryIndexSize=148
[2022.10.22-17.51.28:767][  0]LogShaderLibrary: Display: ShaderCodeLibraryPakFileMountedCallback: PakFile 'D:/EpicGames/UE_4.27/FeaturePacks/StarterContent.upack' (chunk index -1, root 'root:/') mounted
[2022.10.22-17.51.28:767][  0]LogShaderLibrary: Display: ShaderCodeLibraryPakFileMountedCallback: pending pak file info (ChunkID:-1 Root:root:/ File:D:/EpicGames/UE_4.27/FeaturePacks/StarterContent.upack)
[2022.10.22-17.51.28:767][  0]LogPakFile: OnPakFileMounted2Time == 0.000029
[2022.10.22-17.51.28:768][  0]LogPakFile: PakFile PrimaryIndexSize=190
[2022.10.22-17.51.28:768][  0]LogPakFile: PakFile PathHashIndexSize=101
[2022.10.22-17.51.28:768][  0]LogPakFile: PakFile FullDirectoryIndexSize=154
[2022.10.22-17.51.28:768][  0]LogShaderLibrary: Display: ShaderCodeLibraryPakFileMountedCallback: PakFile 'D:/EpicGames/UE_4.27/FeaturePacks/TP_2DSideScroller.upack' (chunk index -1, root 'root:/') mounted
[2022.10.22-17.51.28:768][  0]LogShaderLibrary: Display: ShaderCodeLibraryPakFileMountedCallback: pending pak file info (ChunkID:-1 Root:root:/ File:D:/EpicGames/UE_4.27/FeaturePacks/TP_2DSideScroller.upack)
[2022.10.22-17.51.28:768][  0]LogPakFile: OnPakFileMounted2Time == 0.000028
[2022.10.22-17.51.28:769][  0]LogPakFile: PakFile PrimaryIndexSize=192
[2022.10.22-17.51.28:769][  0]LogPakFile: PakFile PathHashIndexSize=101
[2022.10.22-17.51.28:769][  0]LogPakFile: PakFile FullDirectoryIndexSize=158
[2022.10.22-17.51.28:769][  0]LogShaderLibrary: Display: ShaderCodeLibraryPakFileMountedCallback: PakFile 'D:/EpicGames/UE_4.27/FeaturePacks/TP_2DSideScrollerBP.upack' (chunk index -1, root 'root:/') mounted
[2022.10.22-17.51.28:769][  0]LogShaderLibrary: Display: ShaderCodeLibraryPakFileMountedCallback: pending pak file info (ChunkID:-1 Root:root:/ File:D:/EpicGames/UE_4.27/FeaturePacks/TP_2DSideScrollerBP.upack)
[2022.10.22-17.51.28:769][  0]LogPakFile: OnPakFileMounted2Time == 0.000028
[2022.10.22-17.51.28:769][  0]LogPakFile: PakFile PrimaryIndexSize=182
[2022.10.22-17.51.28:769][  0]LogPakFile: PakFile PathHashIndexSize=101
[2022.10.22-17.51.28:769][  0]LogPakFile: PakFile FullDirectoryIndexSize=138
[2022.10.22-17.51.28:769][  0]LogShaderLibrary: Display: ShaderCodeLibraryPakFileMountedCallback: PakFile 'D:/EpicGames/UE_4.27/FeaturePacks/TP_Flying.upack' (chunk index -1, root 'root:/') mounted
[2022.10.22-17.51.28:769][  0]LogShaderLibrary: Display: ShaderCodeLibraryPakFileMountedCallback: pending pak file info (ChunkID:-1 Root:root:/ File:D:/EpicGames/UE_4.27/FeaturePacks/TP_Flying.upack)
[2022.10.22-17.51.28:769][  0]LogPakFile: OnPakFileMounted2Time == 0.000029
[2022.10.22-17.51.28:770][  0]LogPakFile: PakFile PrimaryIndexSize=184
[2022.10.22-17.51.28:770][  0]LogPakFile: PakFile PathHashIndexSize=101
[2022.10.22-17.51.28:770][  0]LogPakFile: PakFile FullDirectoryIndexSize=142
[2022.10.22-17.51.28:770][  0]LogShaderLibrary: Display: ShaderCodeLibraryPakFileMountedCallback: PakFile 'D:/EpicGames/UE_4.27/FeaturePacks/TP_FlyingBP.upack' (chunk index -1, root 'root:/') mounted
[2022.10.22-17.51.28:770][  0]LogShaderLibrary: Display: ShaderCodeLibraryPakFileMountedCallback: pending pak file info (ChunkID:-1 Root:root:/ File:D:/EpicGames/UE_4.27/FeaturePacks/TP_FlyingBP.upack)
[2022.10.22-17.51.28:770][  0]LogPakFile: OnPakFileMounted2Time == 0.000030
[2022.10.22-17.51.28:771][  0]LogPakFile: PakFile PrimaryIndexSize=188
[2022.10.22-17.51.28:771][  0]LogPakFile: PakFile PathHashIndexSize=101
[2022.10.22-17.51.28:771][  0]LogPakFile: PakFile FullDirectoryIndexSize=150
[2022.10.22-17.51.28:771][  0]LogShaderLibrary: Display: ShaderCodeLibraryPakFileMountedCallback: PakFile 'D:/EpicGames/UE_4.27/FeaturePacks/TP_HandheldARBP.upack' (chunk index -1, root 'root:/') mounted
[2022.10.22-17.51.28:771][  0]LogShaderLibrary: Display: ShaderCodeLibraryPakFileMountedCallback: pending pak file info (ChunkID:-1 Root:root:/ File:D:/EpicGames/UE_4.27/FeaturePacks/TP_HandheldARBP.upack)
[2022.10.22-17.51.28:771][  0]LogPakFile: OnPakFileMounted2Time == 0.000028
[2022.10.22-17.51.28:772][  0]LogPakFile: PakFile PrimaryIndexSize=182
[2022.10.22-17.51.28:772][  0]LogPakFile: PakFile PathHashIndexSize=101
[2022.10.22-17.51.28:772][  0]LogPakFile: PakFile FullDirectoryIndexSize=138
[2022.10.22-17.51.28:772][  0]LogShaderLibrary: Display: ShaderCodeLibraryPakFileMountedCallback: PakFile 'D:/EpicGames/UE_4.27/FeaturePacks/TP_Puzzle.upack' (chunk index -1, root 'root:/') mounted
[2022.10.22-17.51.28:772][  0]LogShaderLibrary: Display: ShaderCodeLibraryPakFileMountedCallback: pending pak file info (ChunkID:-1 Root:root:/ File:D:/EpicGames/UE_4.27/FeaturePacks/TP_Puzzle.upack)
[2022.10.22-17.51.28:772][  0]LogPakFile: OnPakFileMounted2Time == 0.000028
[2022.10.22-17.51.28:772][  0]LogPakFile: PakFile PrimaryIndexSize=184
[2022.10.22-17.51.28:772][  0]LogPakFile: PakFile PathHashIndexSize=101
[2022.10.22-17.51.28:772][  0]LogPakFile: PakFile FullDirectoryIndexSize=142
[2022.10.22-17.51.28:772][  0]LogShaderLibrary: Display: ShaderCodeLibraryPakFileMountedCallback: PakFile 'D:/EpicGames/UE_4.27/FeaturePacks/TP_PuzzleBP.upack' (chunk index -1, root 'root:/') mounted
[2022.10.22-17.51.28:772][  0]LogShaderLibrary: Display: ShaderCodeLibraryPakFileMountedCallback: pending pak file info (ChunkID:-1 Root:root:/ File:D:/EpicGames/UE_4.27/FeaturePacks/TP_PuzzleBP.upack)
[2022.10.22-17.51.28:772][  0]LogPakFile: OnPakFileMounted2Time == 0.000028
[2022.10.22-17.51.28:773][  0]LogPakFile: PakFile PrimaryIndexSize=183
[2022.10.22-17.51.28:773][  0]LogPakFile: PakFile PathHashIndexSize=101
[2022.10.22-17.51.28:773][  0]LogPakFile: PakFile FullDirectoryIndexSize=140
[2022.10.22-17.51.28:773][  0]LogShaderLibrary: Display: ShaderCodeLibraryPakFileMountedCallback: PakFile 'D:/EpicGames/UE_4.27/FeaturePacks/TP_Rolling.upack' (chunk index -1, root 'root:/') mounted
[2022.10.22-17.51.28:773][  0]LogShaderLibrary: Display: ShaderCodeLibraryPakFileMountedCallback: pending pak file info (ChunkID:-1 Root:root:/ File:D:/EpicGames/UE_4.27/FeaturePacks/TP_Rolling.upack)
[2022.10.22-17.51.28:773][  0]LogPakFile: OnPakFileMounted2Time == 0.000027
[2022.10.22-17.51.28:774][  0]LogPakFile: PakFile PrimaryIndexSize=185
[2022.10.22-17.51.28:774][  0]LogPakFile: PakFile PathHashIndexSize=101
[2022.10.22-17.51.28:774][  0]LogPakFile: PakFile FullDirectoryIndexSize=144
[2022.10.22-17.51.28:774][  0]LogShaderLibrary: Display: ShaderCodeLibraryPakFileMountedCallback: PakFile 'D:/EpicGames/UE_4.27/FeaturePacks/TP_RollingBP.upack' (chunk index -1, root 'root:/') mounted
[2022.10.22-17.51.28:774][  0]LogShaderLibrary: Display: ShaderCodeLibraryPakFileMountedCallback: pending pak file info (ChunkID:-1 Root:root:/ File:D:/EpicGames/UE_4.27/FeaturePacks/TP_RollingBP.upack)
[2022.10.22-17.51.28:774][  0]LogPakFile: OnPakFileMounted2Time == 0.000028
[2022.10.22-17.51.28:774][  0]LogPakFile: PakFile PrimaryIndexSize=188
[2022.10.22-17.51.28:774][  0]LogPakFile: PakFile PathHashIndexSize=101
[2022.10.22-17.51.28:774][  0]LogPakFile: PakFile FullDirectoryIndexSize=150
[2022.10.22-17.51.28:774][  0]LogShaderLibrary: Display: ShaderCodeLibraryPakFileMountedCallback: PakFile 'D:/EpicGames/UE_4.27/FeaturePacks/TP_SideScroller.upack' (chunk index -1, root 'root:/') mounted
[2022.10.22-17.51.28:774][  0]LogShaderLibrary: Display: ShaderCodeLibraryPakFileMountedCallback: pending pak file info (ChunkID:-1 Root:root:/ File:D:/EpicGames/UE_4.27/FeaturePacks/TP_SideScroller.upack)
[2022.10.22-17.51.28:774][  0]LogPakFile: OnPakFileMounted2Time == 0.000028
[2022.10.22-17.51.28:775][  0]LogPakFile: PakFile PrimaryIndexSize=190
[2022.10.22-17.51.28:775][  0]LogPakFile: PakFile PathHashIndexSize=101
[2022.10.22-17.51.28:775][  0]LogPakFile: PakFile FullDirectoryIndexSize=154
[2022.10.22-17.51.28:775][  0]LogShaderLibrary: Display: ShaderCodeLibraryPakFileMountedCallback: PakFile 'D:/EpicGames/UE_4.27/FeaturePacks/TP_SideScrollerBP.upack' (chunk index -1, root 'root:/') mounted
[2022.10.22-17.51.28:775][  0]LogShaderLibrary: Display: ShaderCodeLibraryPakFileMountedCallback: pending pak file info (ChunkID:-1 Root:root:/ File:D:/EpicGames/UE_4.27/FeaturePacks/TP_SideScrollerBP.upack)
[2022.10.22-17.51.28:775][  0]LogPakFile: OnPakFileMounted2Time == 0.000028
[2022.10.22-17.51.28:776][  0]LogPakFile: PakFile PrimaryIndexSize=187
[2022.10.22-17.51.28:776][  0]LogPakFile: PakFile PathHashIndexSize=101
[2022.10.22-17.51.28:776][  0]LogPakFile: PakFile FullDirectoryIndexSize=148
[2022.10.22-17.51.28:776][  0]LogShaderLibrary: Display: ShaderCodeLibraryPakFileMountedCallback: PakFile 'D:/EpicGames/UE_4.27/FeaturePacks/TP_ThirdPerson.upack' (chunk index -1, root 'root:/') mounted
[2022.10.22-17.51.28:776][  0]LogShaderLibrary: Display: ShaderCodeLibraryPakFileMountedCallback: pending pak file info (ChunkID:-1 Root:root:/ File:D:/EpicGames/UE_4.27/FeaturePacks/TP_ThirdPerson.upack)
[2022.10.22-17.51.28:776][  0]LogPakFile: OnPakFileMounted2Time == 0.000028
[2022.10.22-17.51.28:776][  0]LogPakFile: PakFile PrimaryIndexSize=189
[2022.10.22-17.51.28:776][  0]LogPakFile: PakFile PathHashIndexSize=101
[2022.10.22-17.51.28:776][  0]LogPakFile: PakFile FullDirectoryIndexSize=152
[2022.10.22-17.51.28:776][  0]LogShaderLibrary: Display: ShaderCodeLibraryPakFileMountedCallback: PakFile 'D:/EpicGames/UE_4.27/FeaturePacks/TP_ThirdPersonBP.upack' (chunk index -1, root 'root:/') mounted
[2022.10.22-17.51.28:776][  0]LogShaderLibrary: Display: ShaderCodeLibraryPakFileMountedCallback: pending pak file info (ChunkID:-1 Root:root:/ File:D:/EpicGames/UE_4.27/FeaturePacks/TP_ThirdPersonBP.upack)
[2022.10.22-17.51.28:776][  0]LogPakFile: OnPakFileMounted2Time == 0.000028
[2022.10.22-17.51.28:777][  0]LogPakFile: PakFile PrimaryIndexSize=183
[2022.10.22-17.51.28:777][  0]LogPakFile: PakFile PathHashIndexSize=101
[2022.10.22-17.51.28:777][  0]LogPakFile: PakFile FullDirectoryIndexSize=140
[2022.10.22-17.51.28:777][  0]LogShaderLibrary: Display: ShaderCodeLibraryPakFileMountedCallback: PakFile 'D:/EpicGames/UE_4.27/FeaturePacks/TP_TopDown.upack' (chunk index -1, root 'root:/') mounted
[2022.10.22-17.51.28:777][  0]LogShaderLibrary: Display: ShaderCodeLibraryPakFileMountedCallback: pending pak file info (ChunkID:-1 Root:root:/ File:D:/EpicGames/UE_4.27/FeaturePacks/TP_TopDown.upack)
[2022.10.22-17.51.28:777][  0]LogPakFile: OnPakFileMounted2Time == 0.000033
[2022.10.22-17.51.28:778][  0]LogPakFile: PakFile PrimaryIndexSize=185
[2022.10.22-17.51.28:778][  0]LogPakFile: PakFile PathHashIndexSize=101
[2022.10.22-17.51.28:778][  0]LogPakFile: PakFile FullDirectoryIndexSize=144
[2022.10.22-17.51.28:778][  0]LogShaderLibrary: Display: ShaderCodeLibraryPakFileMountedCallback: PakFile 'D:/EpicGames/UE_4.27/FeaturePacks/TP_TopDownBP.upack' (chunk index -1, root 'root:/') mounted
[2022.10.22-17.51.28:778][  0]LogShaderLibrary: Display: ShaderCodeLibraryPakFileMountedCallback: pending pak file info (ChunkID:-1 Root:root:/ File:D:/EpicGames/UE_4.27/FeaturePacks/TP_TopDownBP.upack)
[2022.10.22-17.51.28:778][  0]LogPakFile: OnPakFileMounted2Time == 0.000031
[2022.10.22-17.51.28:778][  0]LogPakFile: PakFile PrimaryIndexSize=185
[2022.10.22-17.51.28:778][  0]LogPakFile: PakFile PathHashIndexSize=101
[2022.10.22-17.51.28:778][  0]LogPakFile: PakFile FullDirectoryIndexSize=144
[2022.10.22-17.51.28:778][  0]LogShaderLibrary: Display: ShaderCodeLibraryPakFileMountedCallback: PakFile 'D:/EpicGames/UE_4.27/FeaturePacks/TP_TwinStick.upack' (chunk index -1, root 'root:/') mounted
[2022.10.22-17.51.28:779][  0]LogShaderLibrary: Display: ShaderCodeLibraryPakFileMountedCallback: pending pak file info (ChunkID:-1 Root:root:/ File:D:/EpicGames/UE_4.27/FeaturePacks/TP_TwinStick.upack)
[2022.10.22-17.51.28:779][  0]LogPakFile: OnPakFileMounted2Time == 0.000029
[2022.10.22-17.51.28:779][  0]LogPakFile: PakFile PrimaryIndexSize=187
[2022.10.22-17.51.28:779][  0]LogPakFile: PakFile PathHashIndexSize=101
[2022.10.22-17.51.28:779][  0]LogPakFile: PakFile FullDirectoryIndexSize=148
[2022.10.22-17.51.28:779][  0]LogShaderLibrary: Display: ShaderCodeLibraryPakFileMountedCallback: PakFile 'D:/EpicGames/UE_4.27/FeaturePacks/TP_TwinStickBP.upack' (chunk index -1, root 'root:/') mounted
[2022.10.22-17.51.28:779][  0]LogShaderLibrary: Display: ShaderCodeLibraryPakFileMountedCallback: pending pak file info (ChunkID:-1 Root:root:/ File:D:/EpicGames/UE_4.27/FeaturePacks/TP_TwinStickBP.upack)
[2022.10.22-17.51.28:779][  0]LogPakFile: OnPakFileMounted2Time == 0.000028
[2022.10.22-17.51.28:780][  0]LogPakFile: PakFile PrimaryIndexSize=183
[2022.10.22-17.51.28:780][  0]LogPakFile: PakFile PathHashIndexSize=101
[2022.10.22-17.51.28:780][  0]LogPakFile: PakFile FullDirectoryIndexSize=140
[2022.10.22-17.51.28:780][  0]LogShaderLibrary: Display: ShaderCodeLibraryPakFileMountedCallback: PakFile 'D:/EpicGames/UE_4.27/FeaturePacks/TP_Vehicle.upack' (chunk index -1, root 'root:/') mounted
[2022.10.22-17.51.28:780][  0]LogShaderLibrary: Display: ShaderCodeLibraryPakFileMountedCallback: pending pak file info (ChunkID:-1 Root:root:/ File:D:/EpicGames/UE_4.27/FeaturePacks/TP_Vehicle.upack)
[2022.10.22-17.51.28:780][  0]LogPakFile: OnPakFileMounted2Time == 0.000030
[2022.10.22-17.51.28:781][  0]LogPakFile: PakFile PrimaryIndexSize=186
[2022.10.22-17.51.28:781][  0]LogPakFile: PakFile PathHashIndexSize=101
[2022.10.22-17.51.28:781][  0]LogPakFile: PakFile FullDirectoryIndexSize=146
[2022.10.22-17.51.28:781][  0]LogShaderLibrary: Display: ShaderCodeLibraryPakFileMountedCallback: PakFile 'D:/EpicGames/UE_4.27/FeaturePacks/TP_VehicleAdv.upack' (chunk index -1, root 'root:/') mounted
[2022.10.22-17.51.28:781][  0]LogShaderLibrary: Display: ShaderCodeLibraryPakFileMountedCallback: pending pak file info (ChunkID:-1 Root:root:/ File:D:/EpicGames/UE_4.27/FeaturePacks/TP_VehicleAdv.upack)
[2022.10.22-17.51.28:781][  0]LogPakFile: OnPakFileMounted2Time == 0.000028
[2022.10.22-17.51.28:781][  0]LogPakFile: PakFile PrimaryIndexSize=188
[2022.10.22-17.51.28:781][  0]LogPakFile: PakFile PathHashIndexSize=101
[2022.10.22-17.51.28:781][  0]LogPakFile: PakFile FullDirectoryIndexSize=150
[2022.10.22-17.51.28:781][  0]LogShaderLibrary: Display: ShaderCodeLibraryPakFileMountedCallback: PakFile 'D:/EpicGames/UE_4.27/FeaturePacks/TP_VehicleAdvBP.upack' (chunk index -1, root 'root:/') mounted
[2022.10.22-17.51.28:781][  0]LogShaderLibrary: Display: ShaderCodeLibraryPakFileMountedCallback: pending pak file info (ChunkID:-1 Root:root:/ File:D:/EpicGames/UE_4.27/FeaturePacks/TP_VehicleAdvBP.upack)
[2022.10.22-17.51.28:781][  0]LogPakFile: OnPakFileMounted2Time == 0.000028
[2022.10.22-17.51.28:782][  0]LogPakFile: PakFile PrimaryIndexSize=185
[2022.10.22-17.51.28:782][  0]LogPakFile: PakFile PathHashIndexSize=101
[2022.10.22-17.51.28:782][  0]LogPakFile: PakFile FullDirectoryIndexSize=144
[2022.10.22-17.51.28:782][  0]LogShaderLibrary: Display: ShaderCodeLibraryPakFileMountedCallback: PakFile 'D:/EpicGames/UE_4.27/FeaturePacks/TP_VehicleBP.upack' (chunk index -1, root 'root:/') mounted
[2022.10.22-17.51.28:782][  0]LogShaderLibrary: Display: ShaderCodeLibraryPakFileMountedCallback: pending pak file info (ChunkID:-1 Root:root:/ File:D:/EpicGames/UE_4.27/FeaturePacks/TP_VehicleBP.upack)
[2022.10.22-17.51.28:782][  0]LogPakFile: OnPakFileMounted2Time == 0.000028
[2022.10.22-17.51.28:783][  0]LogPakFile: PakFile PrimaryIndexSize=192
[2022.10.22-17.51.28:783][  0]LogPakFile: PakFile PathHashIndexSize=101
[2022.10.22-17.51.28:783][  0]LogPakFile: PakFile FullDirectoryIndexSize=158
[2022.10.22-17.51.28:783][  0]LogShaderLibrary: Display: ShaderCodeLibraryPakFileMountedCallback: PakFile 'D:/EpicGames/UE_4.27/FeaturePacks/TP_VirtualRealityBP.upack' (chunk index -1, root 'root:/') mounted
[2022.10.22-17.51.28:783][  0]LogShaderLibrary: Display: ShaderCodeLibraryPakFileMountedCallback: pending pak file info (ChunkID:-1 Root:root:/ File:D:/EpicGames/UE_4.27/FeaturePacks/TP_VirtualRealityBP.upack)
[2022.10.22-17.51.28:783][  0]LogPakFile: OnPakFileMounted2Time == 0.000028
[2022.10.22-17.51.28:836][  0]LogNativeClassHierarchy: Verbose: Native class hierarchy updated for 'AddContentDialog' in 0.0003 seconds. Added 0 classes and 0 folders.
[2022.10.22-17.51.28:836][  0]LogNativeClassHierarchy: Verbose: Native class hierarchy updated for 'SceneOutliner' in 0.0001 seconds. Added 2 classes and 0 folders.
[2022.10.22-17.51.28:925][  0]LogSlate: Took 0.000255 seconds to synchronously load lazily loaded font '../../../Engine/Content/Slate/Fonts/Roboto-Regular.ttf' (155K)
[2022.10.22-17.51.28:926][  0]LogSlate: Took 0.000137 seconds to synchronously load lazily loaded font '../../../Engine/Content/Editor/Slate/Fonts/FontAwesome.ttf' (139K)
[2022.10.22-17.51.28:927][  0]LogSlate: Took 0.000120 seconds to synchronously load lazily loaded font '../../../Engine/Content/Slate/Fonts/Roboto-Bold.ttf' (160K)
[2022.10.22-17.51.28:997][  0]LogRenderer: Reallocating scene render targets to support 1264x628 Format 10 NumSamples 1 (Frame:1).
[2022.10.22-17.51.29:075][  0]LogNativeClassHierarchy: Verbose: Native class hierarchy updated for 'HierarchicalLODOutliner' in 0.0003 seconds. Added 0 classes and 0 folders.
[2022.10.22-17.51.29:075][  0]LogLoad: (Engine Initialization) Total time: 6.29 seconds
[2022.10.22-17.51.29:075][  0]LogLoad: (Engine Initialization) Total Blueprint compile time: 0.00 seconds
[2022.10.22-17.51.29:258][  0]LogAssetRegistry: Asset discovery search completed in 3.6664 seconds
[2022.10.22-17.51.29:263][  0]LogCollectionManager: Fixed up redirectors for 0 collections in 0.000003 seconds (updated 0 objects)
[2022.10.22-17.51.29:265][  0]LogContentStreaming: Texture pool size now 1000 MB
[2022.10.22-17.51.29:300][  2]LogSlate: Took 0.000228 seconds to synchronously load lazily loaded font '../../../Engine/Content/Slate/Fonts/Roboto-Light.ttf' (167K)
[2022.10.22-17.51.38:615][880]LogSlate: Took 0.000194 seconds to synchronously load lazily loaded font '../../../Engine/Content/Slate/Fonts/Roboto-Light.ttf' (167K)
[2022.10.22-17.51.38:631][880]LogAssetEditorSubsystem: Opening Asset editor for Blueprint /Game/FirstPersonBP/Blueprints/FirstPersonCharacter.FirstPersonCharacter
[2022.10.22-17.51.38:775][880]LogNativeClassHierarchy: Verbose: Native class hierarchy updated for 'BlueprintGraph' in 0.0005 seconds. Added 126 classes and 0 folders.
[2022.10.22-17.51.39:572][880]LogSlate: Took 0.000238 seconds to synchronously load lazily loaded font '../../../Engine/Content/Slate/Fonts/Roboto-BoldCondensed.ttf' (158K)
[2022.10.22-17.51.39:675][881]LogSlate: Took 0.000263 seconds to synchronously load lazily loaded font '../../../Engine/Content/Slate/Fonts/Roboto-Italic.ttf' (157K)
